TpTrace Verbose: 0 : 31280, 1, 2024/08/05, 00:48:18.521, 14768301127928, vstest.console.dll, Version: 17.10.0-release-24203-04 Current process architecture: X64
TpTrace Verbose: 0 : 31280, 1, 2024/08/05, 00:48:18.524, 14768301158697, vstest.console.dll, Runtime location: C:\Program Files\dotnet\shared\Microsoft.NETCore.App\8.0.5
TpTrace Verbose: 0 : 31280, 1, 2024/08/05, 00:48:18.526, 14768301178338, vstest.console.dll, ArtifactProcessingPostProcessModeProcessorExecutor.Initialize: ArtifactProcessingMode.Collect
TpTrace Verbose: 0 : 31280, 1, 2024/08/05, 00:48:18.526, 14768301179677, vstest.console.dll, TestSessionCorrelationIdProcessorModeProcessorExecutor.Initialize: TestSessionCorrelationId '37320_5b901bc4-010e-4d0a-a9ef-45e7cc6f3857'
TpTrace Information: 0 : 31280, 1, 2024/08/05, 00:48:18.534, 14768301253748, vstest.console.dll, FilePatternParser: The given file C:\BloodDonation\BloodDonationBackendTest\bin\Debug\net6.0\fine-code-coverage\build-output\BloodDonationBackendTest.dll is a full path.
TpTrace Verbose: 0 : 31280, 1, 2024/08/05, 00:48:18.538, 14768301293505, vstest.console.dll, TestPluginCache.DiscoverTestExtensions: finding test extensions in assemblies ends with: RuntimeProvider.dll TPluginInfo: Microsoft.VisualStudio.TestPlatform.Common.ExtensionFramework.Utilities.TestRuntimePluginInformation TExtension: Microsoft.VisualStudio.TestPlatform.ObjectModel.Host.ITestRuntimeProvider
TpTrace Verbose: 0 : 31280, 1, 2024/08/05, 00:48:18.538, 14768301297054, vstest.console.dll, TestPluginCache.GetExtensionPaths: Filtered extension paths: 
TpTrace Verbose: 0 : 31280, 1, 2024/08/05, 00:48:18.538, 14768301297885, vstest.console.dll, TestPluginCache.GetExtensionPaths: Added default extension paths: C:\Program Files\dotnet\sdk\8.0.300\Extensions\Microsoft.Diagnostics.NETCore.Client.dll
C:\Program Files\dotnet\sdk\8.0.300\Extensions\Microsoft.TestPlatform.Extensions.BlameDataCollector.dll
C:\Program Files\dotnet\sdk\8.0.300\Extensions\Microsoft.TestPlatform.Extensions.EventLogCollector.dll
C:\Program Files\dotnet\sdk\8.0.300\Extensions\Microsoft.TestPlatform.TestHostRuntimeProvider.dll
C:\Program Files\dotnet\sdk\8.0.300\Extensions\Microsoft.VisualStudio.TestPlatform.Extensions.Html.TestLogger.dll
C:\Program Files\dotnet\sdk\8.0.300\Extensions\Microsoft.VisualStudio.TestPlatform.Extensions.Trx.TestLogger.dll
TpTrace Verbose: 0 : 31280, 1, 2024/08/05, 00:48:18.538, 14768301298687, vstest.console.dll, TestPluginCache.GetExtensionPaths: Added unfilterableExtensionPaths: 
TpTrace Information: 0 : 31280, 1, 2024/08/05, 00:48:18.538, 14768301302827, vstest.console.dll, AssemblyResolver.ctor: Creating AssemblyResolver with searchDirectories C:\Program Files\dotnet\sdk\8.0.300\Extensions,C:\Program Files\dotnet\sdk\8.0.300
TpTrace Verbose: 0 : 31280, 1, 2024/08/05, 00:48:18.540, 14768301314637, vstest.console.dll, TestPluginCache.DiscoverTestExtensions: Discovering the extensions using extension path.
TpTrace Verbose: 0 : 31280, 1, 2024/08/05, 00:48:18.540, 14768301315780, vstest.console.dll, TestPluginCache.GetExtensionPaths: Filtered extension paths: 
TpTrace Verbose: 0 : 31280, 1, 2024/08/05, 00:48:18.540, 14768301316136, vstest.console.dll, TestPluginCache.GetExtensionPaths: Added default extension paths: C:\Program Files\dotnet\sdk\8.0.300\Extensions\Microsoft.Diagnostics.NETCore.Client.dll
C:\Program Files\dotnet\sdk\8.0.300\Extensions\Microsoft.TestPlatform.Extensions.BlameDataCollector.dll
C:\Program Files\dotnet\sdk\8.0.300\Extensions\Microsoft.TestPlatform.Extensions.EventLogCollector.dll
C:\Program Files\dotnet\sdk\8.0.300\Extensions\Microsoft.TestPlatform.TestHostRuntimeProvider.dll
C:\Program Files\dotnet\sdk\8.0.300\Extensions\Microsoft.VisualStudio.TestPlatform.Extensions.Html.TestLogger.dll
C:\Program Files\dotnet\sdk\8.0.300\Extensions\Microsoft.VisualStudio.TestPlatform.Extensions.Trx.TestLogger.dll
TpTrace Verbose: 0 : 31280, 1, 2024/08/05, 00:48:18.540, 14768301316470, vstest.console.dll, TestPluginCache.GetExtensionPaths: Added unfilterableExtensionPaths: 
TpTrace Verbose: 0 : 31280, 1, 2024/08/05, 00:48:18.540, 14768301316942, vstest.console.dll, TestPluginCache.DiscoverTestExtensions: Discovering the extensions using allExtensionPaths: C:\Program Files\dotnet\sdk\8.0.300\Extensions\Microsoft.Diagnostics.NETCore.Client.dll
C:\Program Files\dotnet\sdk\8.0.300\Extensions\Microsoft.TestPlatform.Extensions.BlameDataCollector.dll
C:\Program Files\dotnet\sdk\8.0.300\Extensions\Microsoft.TestPlatform.Extensions.EventLogCollector.dll
C:\Program Files\dotnet\sdk\8.0.300\Extensions\Microsoft.TestPlatform.TestHostRuntimeProvider.dll
C:\Program Files\dotnet\sdk\8.0.300\Extensions\Microsoft.VisualStudio.TestPlatform.Extensions.Html.TestLogger.dll
C:\Program Files\dotnet\sdk\8.0.300\Extensions\Microsoft.VisualStudio.TestPlatform.Extensions.Trx.TestLogger.dll
TpTrace Information: 0 : 31280, 1, 2024/08/05, 00:48:18.540, 14768301318202, vstest.console.dll, AssemblyResolver.AddSearchDirectories: Adding more searchDirectories C:\Program Files\dotnet\sdk\8.0.300\Extensions,C:\Program Files\dotnet\sdk\8.0.300
TpTrace Information: 0 : 31280, 1, 2024/08/05, 00:48:18.540, 14768301318732, vstest.console.dll, AssemblyResolver.AddSearchDirectories: Adding more searchDirectories C:\Program Files\dotnet\sdk\8.0.300\Extensions,C:\Program Files\dotnet\sdk\8.0.300
TpTrace Information: 0 : 31280, 1, 2024/08/05, 00:48:18.540, 14768301319105, vstest.console.dll, AssemblyResolver.AddSearchDirectories: Adding more searchDirectories C:\Program Files\dotnet\sdk\8.0.300\Extensions,C:\Program Files\dotnet\sdk\8.0.300
TpTrace Information: 0 : 31280, 1, 2024/08/05, 00:48:18.540, 14768301319367, vstest.console.dll, AssemblyResolver.AddSearchDirectories: Adding more searchDirectories C:\Program Files\dotnet\sdk\8.0.300\Extensions,C:\Program Files\dotnet\sdk\8.0.300
TpTrace Information: 0 : 31280, 1, 2024/08/05, 00:48:18.540, 14768301319621, vstest.console.dll, AssemblyResolver.AddSearchDirectories: Adding more searchDirectories C:\Program Files\dotnet\sdk\8.0.300\Extensions,C:\Program Files\dotnet\sdk\8.0.300
TpTrace Information: 0 : 31280, 1, 2024/08/05, 00:48:18.540, 14768301319870, vstest.console.dll, AssemblyResolver.AddSearchDirectories: Adding more searchDirectories C:\Program Files\dotnet\sdk\8.0.300\Extensions,C:\Program Files\dotnet\sdk\8.0.300
TpTrace Information: 0 : 31280, 1, 2024/08/05, 00:48:18.541, 14768301323786, vstest.console.dll, AssemblyResolver.OnResolve: Microsoft.Diagnostics.NETCore.Client: Resolving assembly.
TpTrace Information: 0 : 31280, 1, 2024/08/05, 00:48:18.541, 14768301324648, vstest.console.dll, AssemblyResolver.OnResolve: Microsoft.Diagnostics.NETCore.Client: Searching in: 'C:\Program Files\dotnet\sdk\8.0.300\Extensions'.
TpTrace Information: 0 : 31280, 1, 2024/08/05, 00:48:18.547, 14768301392068, vstest.console.dll, AssemblyResolver.OnResolve: Microsoft.Diagnostics.NETCore.Client: Loading assembly 'C:\Program Files\dotnet\sdk\8.0.300\Extensions\Microsoft.Diagnostics.NETCore.Client.dll'.
TpTrace Information: 0 : 31280, 1, 2024/08/05, 00:48:18.548, 14768301398745, vstest.console.dll, AssemblyResolver.OnResolve: Resolved assembly: Microsoft.Diagnostics.NETCore.Client, from path: C:\Program Files\dotnet\sdk\8.0.300\Extensions\Microsoft.Diagnostics.NETCore.Client.dll
TpTrace Verbose: 0 : 31280, 1, 2024/08/05, 00:48:18.553, 14768301445173, vstest.console.dll, MetadataReaderExtensionsHelper: Discovering extensions inside assembly 'Microsoft.Diagnostics.NETCore.Client, Version=0.2.10.15101, Culture=neutral, PublicKeyToken=31bf3856ad364e35' file path 'C:\Program Files\dotnet\sdk\8.0.300\Extensions\Microsoft.Diagnostics.NETCore.Client.dll'
TpTrace Information: 0 : 31280, 1, 2024/08/05, 00:48:18.556, 14768301480341, vstest.console.dll, AssemblyResolver.OnResolve: Microsoft.Bcl.AsyncInterfaces: Resolving assembly.
TpTrace Information: 0 : 31280, 1, 2024/08/05, 00:48:18.556, 14768301481148, vstest.console.dll, AssemblyResolver.OnResolve: Microsoft.Bcl.AsyncInterfaces: Searching in: 'C:\Program Files\dotnet\sdk\8.0.300\Extensions'.
TpTrace Information: 0 : 31280, 1, 2024/08/05, 00:48:18.556, 14768301481833, vstest.console.dll, AssemblyResolver.OnResolve: Microsoft.Bcl.AsyncInterfaces: Assembly path does not exist: 'C:\Program Files\dotnet\sdk\8.0.300\Extensions\Microsoft.Bcl.AsyncInterfaces.dll', returning.
TpTrace Information: 0 : 31280, 1, 2024/08/05, 00:48:18.556, 14768301482696, vstest.console.dll, AssemblyResolver.OnResolve: Microsoft.Bcl.AsyncInterfaces: Assembly path does not exist: 'C:\Program Files\dotnet\sdk\8.0.300\Extensions\Microsoft.Bcl.AsyncInterfaces.exe', returning.
TpTrace Information: 0 : 31280, 1, 2024/08/05, 00:48:18.556, 14768301483083, vstest.console.dll, AssemblyResolver.OnResolve: Microsoft.Bcl.AsyncInterfaces: Searching in: 'C:\Program Files\dotnet\sdk\8.0.300'.
TpTrace Information: 0 : 31280, 1, 2024/08/05, 00:48:18.557, 14768301483547, vstest.console.dll, AssemblyResolver.OnResolve: Microsoft.Bcl.AsyncInterfaces: Assembly path does not exist: 'C:\Program Files\dotnet\sdk\8.0.300\Microsoft.Bcl.AsyncInterfaces.dll', returning.
TpTrace Information: 0 : 31280, 1, 2024/08/05, 00:48:18.557, 14768301483938, vstest.console.dll, AssemblyResolver.OnResolve: Microsoft.Bcl.AsyncInterfaces: Assembly path does not exist: 'C:\Program Files\dotnet\sdk\8.0.300\Microsoft.Bcl.AsyncInterfaces.exe', returning.
TpTrace Information: 0 : 31280, 1, 2024/08/05, 00:48:18.557, 14768301484191, vstest.console.dll, AssemblyResolver.OnResolve: Microsoft.Bcl.AsyncInterfaces: Failed to load assembly.
TpTrace Verbose: 0 : 31280, 1, 2024/08/05, 00:48:18.557, 14768301484512, vstest.console.dll, CurrentDomainAssemblyResolve: Resolving assembly 'Microsoft.Bcl.AsyncInterfaces'.
TpTrace Information: 0 : 31280, 1, 2024/08/05, 00:48:18.557, 14768301485011, vstest.console.dll, AssemblyResolver.OnResolve: Microsoft.Bcl.AsyncInterfaces: Resolving assembly.
TpTrace Information: 0 : 31280, 1, 2024/08/05, 00:48:18.557, 14768301485443, vstest.console.dll, AssemblyResolver.OnResolve: Microsoft.Bcl.AsyncInterfaces: Resolved from cache.
TpTrace Verbose: 0 : 31280, 1, 2024/08/05, 00:48:18.557, 14768301485698, vstest.console.dll, CurrentDomainAssemblyResolve: Resolving assembly 'Microsoft.Bcl.AsyncInterfaces'.
TpTrace Verbose: 0 : 31280, 1, 2024/08/05, 00:48:18.557, 14768301485989, vstest.console.dll, CurrentDomainAssemblyResolve: Failed to resolve assembly 'Microsoft.Bcl.AsyncInterfaces'.
TpTrace Verbose: 0 : 31280, 1, 2024/08/05, 00:48:18.557, 14768301492998, vstest.console.dll, CurrentDomainAssemblyResolve: Failed to resolve assembly 'Microsoft.Bcl.AsyncInterfaces'.
TpTrace Warning: 0 : 31280, 1, 2024/08/05, 00:48:18.569, 14768301609334, vstest.console.dll, TestPluginDiscoverer: Failed to get types from assembly 'Microsoft.Diagnostics.NETCore.Client, Version=0.2.10.15101, Culture=neutral, PublicKeyToken=31bf3856ad364e35'. Error: System.Reflection.ReflectionTypeLoadException: Unable to load one or more of the requested types.
Could not load file or assembly 'Microsoft.Bcl.AsyncInterfaces, Version=6.0.0.0, Culture=neutral, PublicKeyToken=cc7b13ffcd2ddd51'. The system cannot find the file specified.
   at System.Reflection.RuntimeModule.GetTypes(RuntimeModule module)
   at System.Reflection.RuntimeModule.GetTypes()
   at Microsoft.VisualStudio.TestPlatform.Common.ExtensionFramework.TestPluginDiscoverer.GetTestExtensionsFromAssembly[TPluginInfo,TExtension](Assembly assembly, Dictionary`2 pluginInfos, String filePath) in /_/src/Microsoft.TestPlatform.Common/ExtensionFramework/TestPluginDiscoverer.cs:line 158
System.IO.FileNotFoundException: Could not load file or assembly 'Microsoft.Bcl.AsyncInterfaces, Version=6.0.0.0, Culture=neutral, PublicKeyToken=cc7b13ffcd2ddd51'. The system cannot find the file specified.
File name: 'Microsoft.Bcl.AsyncInterfaces, Version=6.0.0.0, Culture=neutral, PublicKeyToken=cc7b13ffcd2ddd51'
 ---> System.IO.FileNotFoundException: Could not load file or assembly 'Microsoft.Bcl.AsyncInterfaces, Culture=neutral, PublicKeyToken=null'. The system cannot find the file specified.
File name: 'Microsoft.Bcl.AsyncInterfaces, Culture=neutral, PublicKeyToken=null'
   at System.Reflection.RuntimeAssembly.InternalLoad(AssemblyName assemblyName, StackCrawlMark& stackMark, AssemblyLoadContext assemblyLoadContext, RuntimeAssembly requestingAssembly, Boolean throwOnFileNotFound)
   at System.Reflection.Assembly.Load(AssemblyName assemblyRef)
   at Microsoft.VisualStudio.TestPlatform.Common.ExtensionFramework.TestPluginCache.CurrentDomainAssemblyResolve(Object sender, AssemblyResolveEventArgs args) in /_/src/Microsoft.TestPlatform.Common/ExtensionFramework/TestPluginCache.cs:line 513
   at System.Runtime.Loader.AssemblyLoadContext.GetFirstResolvedAssemblyFromResolvingEvent(AssemblyName assemblyName)
   at System.Runtime.Loader.AssemblyLoadContext.ResolveUsingEvent(AssemblyName assemblyName)
   at System.Runtime.Loader.AssemblyLoadContext.ResolveUsingResolvingEvent(IntPtr gchManagedAssemblyLoadContext, AssemblyName assemblyName)
TpTrace Warning: 0 : 31280, 1, 2024/08/05, 00:48:18.569, 14768301612760, vstest.console.dll, LoaderExceptions: System.IO.FileNotFoundException: Could not load file or assembly 'Microsoft.Bcl.AsyncInterfaces, Version=6.0.0.0, Culture=neutral, PublicKeyToken=cc7b13ffcd2ddd51'. The system cannot find the file specified.
File name: 'Microsoft.Bcl.AsyncInterfaces, Version=6.0.0.0, Culture=neutral, PublicKeyToken=cc7b13ffcd2ddd51'
 ---> System.IO.FileNotFoundException: Could not load file or assembly 'Microsoft.Bcl.AsyncInterfaces, Culture=neutral, PublicKeyToken=null'. The system cannot find the file specified.
File name: 'Microsoft.Bcl.AsyncInterfaces, Culture=neutral, PublicKeyToken=null'
   at System.Reflection.RuntimeAssembly.InternalLoad(AssemblyName assemblyName, StackCrawlMark& stackMark, AssemblyLoadContext assemblyLoadContext, RuntimeAssembly requestingAssembly, Boolean throwOnFileNotFound)
   at System.Reflection.Assembly.Load(AssemblyName assemblyRef)
   at Microsoft.VisualStudio.TestPlatform.Common.ExtensionFramework.TestPluginCache.CurrentDomainAssemblyResolve(Object sender, AssemblyResolveEventArgs args) in /_/src/Microsoft.TestPlatform.Common/ExtensionFramework/TestPluginCache.cs:line 513
   at System.Runtime.Loader.AssemblyLoadContext.GetFirstResolvedAssemblyFromResolvingEvent(AssemblyName assemblyName)
   at System.Runtime.Loader.AssemblyLoadContext.ResolveUsingEvent(AssemblyName assemblyName)
   at System.Runtime.Loader.AssemblyLoadContext.ResolveUsingResolvingEvent(IntPtr gchManagedAssemblyLoadContext, AssemblyName assemblyName)
TpTrace Information: 0 : 31280, 1, 2024/08/05, 00:48:18.570, 14768301614116, vstest.console.dll, AssemblyResolver.OnResolve: Microsoft.TestPlatform.Extensions.BlameDataCollector: Resolving assembly.
TpTrace Information: 0 : 31280, 1, 2024/08/05, 00:48:18.570, 14768301614498, vstest.console.dll, AssemblyResolver.OnResolve: Microsoft.TestPlatform.Extensions.BlameDataCollector: Searching in: 'C:\Program Files\dotnet\sdk\8.0.300\Extensions'.
TpTrace Information: 0 : 31280, 1, 2024/08/05, 00:48:18.570, 14768301617223, vstest.console.dll, AssemblyResolver.OnResolve: Microsoft.TestPlatform.Extensions.BlameDataCollector: Loading assembly 'C:\Program Files\dotnet\sdk\8.0.300\Extensions\Microsoft.TestPlatform.Extensions.BlameDataCollector.dll'.
TpTrace Information: 0 : 31280, 1, 2024/08/05, 00:48:18.570, 14768301622393, vstest.console.dll, AssemblyResolver.OnResolve: Resolved assembly: Microsoft.TestPlatform.Extensions.BlameDataCollector, from path: C:\Program Files\dotnet\sdk\8.0.300\Extensions\Microsoft.TestPlatform.Extensions.BlameDataCollector.dll
TpTrace Verbose: 0 : 31280, 1, 2024/08/05, 00:48:18.570, 14768301623098, vstest.console.dll, MetadataReaderExtensionsHelper: Discovering extensions inside assembly 'Microsoft.TestPlatform.Extensions.BlameDataCollector, Version=15.0.0.0, Culture=neutral, PublicKeyToken=b03f5f7f11d50a3a' file path 'C:\Program Files\dotnet\sdk\8.0.300\Extensions\Microsoft.TestPlatform.Extensions.BlameDataCollector.dll'
TpTrace Information: 0 : 31280, 1, 2024/08/05, 00:48:18.572, 14768301634168, vstest.console.dll, AssemblyResolver.OnResolve: Microsoft.TestPlatform.Extensions.EventLogCollector: Resolving assembly.
TpTrace Information: 0 : 31280, 1, 2024/08/05, 00:48:18.572, 14768301634808, vstest.console.dll, AssemblyResolver.OnResolve: Microsoft.TestPlatform.Extensions.EventLogCollector: Searching in: 'C:\Program Files\dotnet\sdk\8.0.300\Extensions'.
TpTrace Information: 0 : 31280, 1, 2024/08/05, 00:48:18.572, 14768301637348, vstest.console.dll, AssemblyResolver.OnResolve: Microsoft.TestPlatform.Extensions.EventLogCollector: Loading assembly 'C:\Program Files\dotnet\sdk\8.0.300\Extensions\Microsoft.TestPlatform.Extensions.EventLogCollector.dll'.
TpTrace Information: 0 : 31280, 1, 2024/08/05, 00:48:18.572, 14768301641333, vstest.console.dll, AssemblyResolver.OnResolve: Resolved assembly: Microsoft.TestPlatform.Extensions.EventLogCollector, from path: C:\Program Files\dotnet\sdk\8.0.300\Extensions\Microsoft.TestPlatform.Extensions.EventLogCollector.dll
TpTrace Verbose: 0 : 31280, 1, 2024/08/05, 00:48:18.572, 14768301641857, vstest.console.dll, MetadataReaderExtensionsHelper: Discovering extensions inside assembly 'Microsoft.TestPlatform.Extensions.EventLogCollector, Version=15.0.0.0, Culture=neutral, PublicKeyToken=b03f5f7f11d50a3a' file path 'C:\Program Files\dotnet\sdk\8.0.300\Extensions\Microsoft.TestPlatform.Extensions.EventLogCollector.dll'
TpTrace Information: 0 : 31280, 1, 2024/08/05, 00:48:18.574, 14768301657314, vstest.console.dll, AssemblyResolver.OnResolve: Microsoft.TestPlatform.TestHostRuntimeProvider: Resolving assembly.
TpTrace Information: 0 : 31280, 1, 2024/08/05, 00:48:18.574, 14768301658436, vstest.console.dll, AssemblyResolver.OnResolve: Microsoft.TestPlatform.TestHostRuntimeProvider: Searching in: 'C:\Program Files\dotnet\sdk\8.0.300\Extensions'.
TpTrace Information: 0 : 31280, 1, 2024/08/05, 00:48:18.574, 14768301661955, vstest.console.dll, AssemblyResolver.OnResolve: Microsoft.TestPlatform.TestHostRuntimeProvider: Loading assembly 'C:\Program Files\dotnet\sdk\8.0.300\Extensions\Microsoft.TestPlatform.TestHostRuntimeProvider.dll'.
TpTrace Information: 0 : 31280, 1, 2024/08/05, 00:48:18.575, 14768301669047, vstest.console.dll, AssemblyResolver.OnResolve: Resolved assembly: Microsoft.TestPlatform.TestHostRuntimeProvider, from path: C:\Program Files\dotnet\sdk\8.0.300\Extensions\Microsoft.TestPlatform.TestHostRuntimeProvider.dll
TpTrace Verbose: 0 : 31280, 1, 2024/08/05, 00:48:18.575, 14768301670336, vstest.console.dll, MetadataReaderExtensionsHelper: Discovering extensions inside assembly 'Microsoft.TestPlatform.TestHostRuntimeProvider, Version=15.0.0.0, Culture=neutral, PublicKeyToken=b03f5f7f11d50a3a' file path 'C:\Program Files\dotnet\sdk\8.0.300\Extensions\Microsoft.TestPlatform.TestHostRuntimeProvider.dll'
TpTrace Information: 0 : 31280, 1, 2024/08/05, 00:48:18.577, 14768301687262, vstest.console.dll, GetTestExtensionFromType: Register extension with identifier data 'HostProvider://DefaultTestHost' and type 'Microsoft.VisualStudio.TestPlatform.CrossPlatEngine.Hosting.DefaultTestHostManager, Microsoft.TestPlatform.TestHostRuntimeProvider, Version=15.0.0.0, Culture=neutral, PublicKeyToken=b03f5f7f11d50a3a' inside file 'C:\Program Files\dotnet\sdk\8.0.300\Extensions\Microsoft.TestPlatform.TestHostRuntimeProvider.dll'
TpTrace Information: 0 : 31280, 1, 2024/08/05, 00:48:18.577, 14768301689572, vstest.console.dll, GetTestExtensionFromType: Register extension with identifier data 'HostProvider://DotnetTestHost' and type 'Microsoft.VisualStudio.TestPlatform.CrossPlatEngine.Hosting.DotnetTestHostManager, Microsoft.TestPlatform.TestHostRuntimeProvider, Version=15.0.0.0, Culture=neutral, PublicKeyToken=b03f5f7f11d50a3a' inside file 'C:\Program Files\dotnet\sdk\8.0.300\Extensions\Microsoft.TestPlatform.TestHostRuntimeProvider.dll'
TpTrace Information: 0 : 31280, 1, 2024/08/05, 00:48:18.577, 14768301690284, vstest.console.dll, AssemblyResolver.OnResolve: Microsoft.VisualStudio.TestPlatform.Extensions.Html.TestLogger: Resolving assembly.
TpTrace Information: 0 : 31280, 1, 2024/08/05, 00:48:18.577, 14768301690620, vstest.console.dll, AssemblyResolver.OnResolve: Microsoft.VisualStudio.TestPlatform.Extensions.Html.TestLogger: Searching in: 'C:\Program Files\dotnet\sdk\8.0.300\Extensions'.
TpTrace Information: 0 : 31280, 1, 2024/08/05, 00:48:18.577, 14768301692965, vstest.console.dll, AssemblyResolver.OnResolve: Microsoft.VisualStudio.TestPlatform.Extensions.Html.TestLogger: Loading assembly 'C:\Program Files\dotnet\sdk\8.0.300\Extensions\Microsoft.VisualStudio.TestPlatform.Extensions.Html.TestLogger.dll'.
TpTrace Information: 0 : 31280, 1, 2024/08/05, 00:48:18.578, 14768301697460, vstest.console.dll, AssemblyResolver.OnResolve: Resolved assembly: Microsoft.VisualStudio.TestPlatform.Extensions.Html.TestLogger, from path: C:\Program Files\dotnet\sdk\8.0.300\Extensions\Microsoft.VisualStudio.TestPlatform.Extensions.Html.TestLogger.dll
TpTrace Verbose: 0 : 31280, 1, 2024/08/05, 00:48:18.578, 14768301698029, vstest.console.dll, MetadataReaderExtensionsHelper: Discovering extensions inside assembly 'Microsoft.VisualStudio.TestPlatform.Extensions.Html.TestLogger, Version=15.0.0.0, Culture=neutral, PublicKeyToken=b03f5f7f11d50a3a' file path 'C:\Program Files\dotnet\sdk\8.0.300\Extensions\Microsoft.VisualStudio.TestPlatform.Extensions.Html.TestLogger.dll'
TpTrace Information: 0 : 31280, 1, 2024/08/05, 00:48:18.578, 14768301703223, vstest.console.dll, AssemblyResolver.OnResolve: Microsoft.VisualStudio.TestPlatform.Extensions.Trx.TestLogger: Resolving assembly.
TpTrace Information: 0 : 31280, 1, 2024/08/05, 00:48:18.579, 14768301703790, vstest.console.dll, AssemblyResolver.OnResolve: Microsoft.VisualStudio.TestPlatform.Extensions.Trx.TestLogger: Searching in: 'C:\Program Files\dotnet\sdk\8.0.300\Extensions'.
TpTrace Information: 0 : 31280, 1, 2024/08/05, 00:48:18.579, 14768301705678, vstest.console.dll, AssemblyResolver.OnResolve: Microsoft.VisualStudio.TestPlatform.Extensions.Trx.TestLogger: Loading assembly 'C:\Program Files\dotnet\sdk\8.0.300\Extensions\Microsoft.VisualStudio.TestPlatform.Extensions.Trx.TestLogger.dll'.
TpTrace Information: 0 : 31280, 1, 2024/08/05, 00:48:18.579, 14768301710423, vstest.console.dll, AssemblyResolver.OnResolve: Resolved assembly: Microsoft.VisualStudio.TestPlatform.Extensions.Trx.TestLogger, from path: C:\Program Files\dotnet\sdk\8.0.300\Extensions\Microsoft.VisualStudio.TestPlatform.Extensions.Trx.TestLogger.dll
TpTrace Verbose: 0 : 31280, 1, 2024/08/05, 00:48:18.579, 14768301710983, vstest.console.dll, MetadataReaderExtensionsHelper: Discovering extensions inside assembly 'Microsoft.VisualStudio.TestPlatform.Extensions.Trx.TestLogger, Version=15.0.0.0, Culture=neutral, PublicKeyToken=b03f5f7f11d50a3a' file path 'C:\Program Files\dotnet\sdk\8.0.300\Extensions\Microsoft.VisualStudio.TestPlatform.Extensions.Trx.TestLogger.dll'
TpTrace Verbose: 0 : 31280, 1, 2024/08/05, 00:48:18.580, 14768301719291, vstest.console.dll, TestPluginCache: Discovered the extensions using extension path ''.
TpTrace Verbose: 0 : 31280, 1, 2024/08/05, 00:48:18.580, 14768301720010, vstest.console.dll, TestPluginCache: Discoverers are ''.
TpTrace Verbose: 0 : 31280, 1, 2024/08/05, 00:48:18.580, 14768301720247, vstest.console.dll, TestPluginCache: Executors are ''.
TpTrace Verbose: 0 : 31280, 1, 2024/08/05, 00:48:18.580, 14768301720502, vstest.console.dll, TestPluginCache: Executors2 are ''.
TpTrace Verbose: 0 : 31280, 1, 2024/08/05, 00:48:18.580, 14768301720716, vstest.console.dll, TestPluginCache: Setting providers are ''.
TpTrace Verbose: 0 : 31280, 1, 2024/08/05, 00:48:18.580, 14768301720927, vstest.console.dll, TestPluginCache: Loggers are ''.
TpTrace Verbose: 0 : 31280, 1, 2024/08/05, 00:48:18.580, 14768301722318, vstest.console.dll, TestPluginCache: TestHosts are 'HostProvider://DefaultTestHost,HostProvider://DotnetTestHost'.
TpTrace Verbose: 0 : 31280, 1, 2024/08/05, 00:48:18.580, 14768301722634, vstest.console.dll, TestPluginCache: DataCollectors are ''.
TpTrace Information: 0 : 31280, 1, 2024/08/05, 00:48:18.592, 14768301834340, vstest.console.dll, RunTestsArgumentProcessor:Execute: Test run is starting.
TpTrace Verbose: 0 : 31280, 1, 2024/08/05, 00:48:18.592, 14768301836256, vstest.console.dll, RunTestsArgumentProcessor:Execute: Queuing Test run.
TpTrace Information: 0 : 31280, 1, 2024/08/05, 00:48:18.592, 14768301840375, vstest.console.dll, TestRequestManager.RunTests: run tests started.
TpTrace Information: 0 : 31280, 1, 2024/08/05, 00:48:18.594, 14768301862333, vstest.console.dll, AssemblyMetadataProvider.GetFrameworkName: Determined framework:'.NETCoreApp,Version=v6.0' for source: 'C:\BloodDonation\BloodDonationBackendTest\bin\Debug\net6.0\fine-code-coverage\build-output\BloodDonationBackendTest.dll'
TpTrace Information: 0 : 31280, 1, 2024/08/05, 00:48:18.595, 14768301864553, vstest.console.dll, Determined framework for all sources: .NETCoreApp,Version=v6.0
TpTrace Verbose: 0 : 31280, 1, 2024/08/05, 00:48:18.595, 14768301868418, vstest.console.dll, TestRequestManager.UpdateRunSettingsIfRequired: Default architecture: X64 IsDefaultTargetArchitecture: True, Current process architecture: X64 OperatingSystem: Windows.
TpTrace Information: 0 : 31280, 1, 2024/08/05, 00:48:18.598, 14768301894861, vstest.console.dll, AssemblyMetadataProvider.GetArchitecture: Determined architecture:AnyCPU info for assembly: C:\BloodDonation\BloodDonationBackendTest\bin\Debug\net6.0\fine-code-coverage\build-output\BloodDonationBackendTest.dll
TpTrace Information: 0 : 31280, 1, 2024/08/05, 00:48:18.598, 14768301897843, vstest.console.dll, Determined platform for source 'C:\BloodDonation\BloodDonationBackendTest\bin\Debug\net6.0\fine-code-coverage\build-output\BloodDonationBackendTest.dll' was AnyCPU and it will use the default plaform X64.
TpTrace Information: 0 : 31280, 1, 2024/08/05, 00:48:18.598, 14768301898681, vstest.console.dll, None of the sources provided any runnable platform, using the default platform: X64
TpTrace Information: 0 : 31280, 1, 2024/08/05, 00:48:18.598, 14768301900754, vstest.console.dll, Platform was updated to 'X64'.
TpTrace Information: 0 : 31280, 1, 2024/08/05, 00:48:18.602, 14768301938756, vstest.console.dll, InferRunSettingsHelper.IsTestSettingsEnabled: Unable to navigate to RunSettings/MSTest. Current node: RunSettings
TpTrace Information: 0 : 31280, 1, 2024/08/05, 00:48:18.603, 14768301947153, vstest.console.dll, AssemblyResolver.OnResolve: Microsoft.VisualStudio.TestPlatform.Fakes: Resolving assembly.
TpTrace Information: 0 : 31280, 1, 2024/08/05, 00:48:18.603, 14768301948955, vstest.console.dll, AssemblyResolver.OnResolve: Microsoft.VisualStudio.TestPlatform.Fakes: Searching in: 'C:\Program Files\dotnet\sdk\8.0.300\Extensions'.
TpTrace Information: 0 : 31280, 1, 2024/08/05, 00:48:18.603, 14768301950872, vstest.console.dll, AssemblyResolver.OnResolve: Microsoft.VisualStudio.TestPlatform.Fakes: Assembly path does not exist: 'C:\Program Files\dotnet\sdk\8.0.300\Extensions\Microsoft.VisualStudio.TestPlatform.Fakes.dll', returning.
TpTrace Information: 0 : 31280, 1, 2024/08/05, 00:48:18.603, 14768301951528, vstest.console.dll, AssemblyResolver.OnResolve: Microsoft.VisualStudio.TestPlatform.Fakes: Assembly path does not exist: 'C:\Program Files\dotnet\sdk\8.0.300\Extensions\Microsoft.VisualStudio.TestPlatform.Fakes.exe', returning.
TpTrace Information: 0 : 31280, 1, 2024/08/05, 00:48:18.603, 14768301952350, vstest.console.dll, AssemblyResolver.OnResolve: Microsoft.VisualStudio.TestPlatform.Fakes: Searching in: 'C:\Program Files\dotnet\sdk\8.0.300'.
TpTrace Information: 0 : 31280, 1, 2024/08/05, 00:48:18.603, 14768301952973, vstest.console.dll, AssemblyResolver.OnResolve: Microsoft.VisualStudio.TestPlatform.Fakes: Assembly path does not exist: 'C:\Program Files\dotnet\sdk\8.0.300\Microsoft.VisualStudio.TestPlatform.Fakes.dll', returning.
TpTrace Information: 0 : 31280, 1, 2024/08/05, 00:48:18.604, 14768301953520, vstest.console.dll, AssemblyResolver.OnResolve: Microsoft.VisualStudio.TestPlatform.Fakes: Assembly path does not exist: 'C:\Program Files\dotnet\sdk\8.0.300\Microsoft.VisualStudio.TestPlatform.Fakes.exe', returning.
TpTrace Information: 0 : 31280, 1, 2024/08/05, 00:48:18.604, 14768301954367, vstest.console.dll, AssemblyResolver.OnResolve: Microsoft.VisualStudio.TestPlatform.Fakes: Failed to load assembly.
TpTrace Information: 0 : 31280, 1, 2024/08/05, 00:48:18.604, 14768301957962, vstest.console.dll, Failed to load assembly Microsoft.VisualStudio.TestPlatform.Fakes, Version=17.0.0.0, Culture=neutral. Reason:System.IO.FileNotFoundException: Could not load file or assembly 'Microsoft.VisualStudio.TestPlatform.Fakes, Version=17.0.0.0, Culture=neutral, PublicKeyToken=null'. The system cannot find the file specified.
File name: 'Microsoft.VisualStudio.TestPlatform.Fakes, Version=17.0.0.0, Culture=neutral, PublicKeyToken=null'
   at System.Reflection.RuntimeAssembly.InternalLoad(AssemblyName assemblyName, StackCrawlMark& stackMark, AssemblyLoadContext assemblyLoadContext, RuntimeAssembly requestingAssembly, Boolean throwOnFileNotFound)
   at System.Reflection.Assembly.Load(AssemblyName assemblyRef)
   at Microsoft.VisualStudio.TestPlatform.Common.Utilities.FakesUtilities.LoadTestPlatformAssembly() in /_/src/Microsoft.TestPlatform.Common/Utilities/FakesUtilities.cs:line 272
TpTrace Verbose: 0 : 31280, 1, 2024/08/05, 00:48:18.609, 14768302007498, vstest.console.dll, TestPluginCache.DiscoverTestExtensions: finding test extensions in assemblies ends with: TestLogger.dll TPluginInfo: Microsoft.VisualStudio.TestPlatform.Common.ExtensionFramework.Utilities.TestLoggerPluginInformation TExtension: Microsoft.VisualStudio.TestPlatform.ObjectModel.Client.ITestLogger
TpTrace Verbose: 0 : 31280, 1, 2024/08/05, 00:48:18.609, 14768302008919, vstest.console.dll, TestPluginCache.GetExtensionPaths: Filtered extension paths: 
TpTrace Verbose: 0 : 31280, 1, 2024/08/05, 00:48:18.609, 14768302009284, vstest.console.dll, TestPluginCache.GetExtensionPaths: Added default extension paths: C:\Program Files\dotnet\sdk\8.0.300\Extensions\Microsoft.Diagnostics.NETCore.Client.dll
C:\Program Files\dotnet\sdk\8.0.300\Extensions\Microsoft.TestPlatform.Extensions.BlameDataCollector.dll
C:\Program Files\dotnet\sdk\8.0.300\Extensions\Microsoft.TestPlatform.Extensions.EventLogCollector.dll
C:\Program Files\dotnet\sdk\8.0.300\Extensions\Microsoft.TestPlatform.TestHostRuntimeProvider.dll
C:\Program Files\dotnet\sdk\8.0.300\Extensions\Microsoft.VisualStudio.TestPlatform.Extensions.Html.TestLogger.dll
C:\Program Files\dotnet\sdk\8.0.300\Extensions\Microsoft.VisualStudio.TestPlatform.Extensions.Trx.TestLogger.dll
TpTrace Verbose: 0 : 31280, 1, 2024/08/05, 00:48:18.609, 14768302009598, vstest.console.dll, TestPluginCache.GetExtensionPaths: Added unfilterableExtensionPaths: 
TpTrace Information: 0 : 31280, 1, 2024/08/05, 00:48:18.609, 14768302011010, vstest.console.dll, AssemblyResolver.AddSearchDirectories: Adding more searchDirectories C:\Program Files\dotnet\sdk\8.0.300\Extensions,C:\Program Files\dotnet\sdk\8.0.300
TpTrace Verbose: 0 : 31280, 1, 2024/08/05, 00:48:18.609, 14768302011460, vstest.console.dll, TestPluginCache.DiscoverTestExtensions: Discovering the extensions using extension path.
TpTrace Verbose: 0 : 31280, 1, 2024/08/05, 00:48:18.609, 14768302011867, vstest.console.dll, TestPluginCache.GetExtensionPaths: Filtered extension paths: 
TpTrace Verbose: 0 : 31280, 1, 2024/08/05, 00:48:18.609, 14768302012181, vstest.console.dll, TestPluginCache.GetExtensionPaths: Added default extension paths: C:\Program Files\dotnet\sdk\8.0.300\Extensions\Microsoft.Diagnostics.NETCore.Client.dll
C:\Program Files\dotnet\sdk\8.0.300\Extensions\Microsoft.TestPlatform.Extensions.BlameDataCollector.dll
C:\Program Files\dotnet\sdk\8.0.300\Extensions\Microsoft.TestPlatform.Extensions.EventLogCollector.dll
C:\Program Files\dotnet\sdk\8.0.300\Extensions\Microsoft.TestPlatform.TestHostRuntimeProvider.dll
C:\Program Files\dotnet\sdk\8.0.300\Extensions\Microsoft.VisualStudio.TestPlatform.Extensions.Html.TestLogger.dll
C:\Program Files\dotnet\sdk\8.0.300\Extensions\Microsoft.VisualStudio.TestPlatform.Extensions.Trx.TestLogger.dll
TpTrace Verbose: 0 : 31280, 1, 2024/08/05, 00:48:18.609, 14768302012476, vstest.console.dll, TestPluginCache.GetExtensionPaths: Added unfilterableExtensionPaths: 
TpTrace Verbose: 0 : 31280, 1, 2024/08/05, 00:48:18.609, 14768302012845, vstest.console.dll, TestPluginCache.DiscoverTestExtensions: Discovering the extensions using allExtensionPaths: C:\Program Files\dotnet\sdk\8.0.300\Extensions\Microsoft.Diagnostics.NETCore.Client.dll
C:\Program Files\dotnet\sdk\8.0.300\Extensions\Microsoft.TestPlatform.Extensions.BlameDataCollector.dll
C:\Program Files\dotnet\sdk\8.0.300\Extensions\Microsoft.TestPlatform.Extensions.EventLogCollector.dll
C:\Program Files\dotnet\sdk\8.0.300\Extensions\Microsoft.TestPlatform.TestHostRuntimeProvider.dll
C:\Program Files\dotnet\sdk\8.0.300\Extensions\Microsoft.VisualStudio.TestPlatform.Extensions.Html.TestLogger.dll
C:\Program Files\dotnet\sdk\8.0.300\Extensions\Microsoft.VisualStudio.TestPlatform.Extensions.Trx.TestLogger.dll
TpTrace Information: 0 : 31280, 1, 2024/08/05, 00:48:18.610, 14768302013862, vstest.console.dll, AssemblyResolver.AddSearchDirectories: Adding more searchDirectories C:\Program Files\dotnet\sdk\8.0.300\Extensions,C:\Program Files\dotnet\sdk\8.0.300
TpTrace Information: 0 : 31280, 1, 2024/08/05, 00:48:18.610, 14768302014317, vstest.console.dll, AssemblyResolver.AddSearchDirectories: Adding more searchDirectories C:\Program Files\dotnet\sdk\8.0.300\Extensions,C:\Program Files\dotnet\sdk\8.0.300
TpTrace Information: 0 : 31280, 1, 2024/08/05, 00:48:18.610, 14768302014608, vstest.console.dll, AssemblyResolver.AddSearchDirectories: Adding more searchDirectories C:\Program Files\dotnet\sdk\8.0.300\Extensions,C:\Program Files\dotnet\sdk\8.0.300
TpTrace Information: 0 : 31280, 1, 2024/08/05, 00:48:18.610, 14768302014888, vstest.console.dll, AssemblyResolver.AddSearchDirectories: Adding more searchDirectories C:\Program Files\dotnet\sdk\8.0.300\Extensions,C:\Program Files\dotnet\sdk\8.0.300
TpTrace Information: 0 : 31280, 1, 2024/08/05, 00:48:18.610, 14768302015168, vstest.console.dll, AssemblyResolver.AddSearchDirectories: Adding more searchDirectories C:\Program Files\dotnet\sdk\8.0.300\Extensions,C:\Program Files\dotnet\sdk\8.0.300
TpTrace Information: 0 : 31280, 1, 2024/08/05, 00:48:18.610, 14768302015499, vstest.console.dll, AssemblyResolver.AddSearchDirectories: Adding more searchDirectories C:\Program Files\dotnet\sdk\8.0.300\Extensions,C:\Program Files\dotnet\sdk\8.0.300
TpTrace Verbose: 0 : 31280, 1, 2024/08/05, 00:48:18.610, 14768302016438, vstest.console.dll, MetadataReaderExtensionsHelper: Discovering extensions inside assembly 'Microsoft.Diagnostics.NETCore.Client, Version=0.2.10.15101, Culture=neutral, PublicKeyToken=31bf3856ad364e35' file path 'C:\Program Files\dotnet\sdk\8.0.300\Extensions\Microsoft.Diagnostics.NETCore.Client.dll'
TpTrace Information: 0 : 31280, 1, 2024/08/05, 00:48:18.611, 14768302026754, vstest.console.dll, AssemblyResolver.OnResolve: Microsoft.Bcl.AsyncInterfaces: Resolving assembly.
TpTrace Information: 0 : 31280, 1, 2024/08/05, 00:48:18.611, 14768302027711, vstest.console.dll, AssemblyResolver.OnResolve: Microsoft.Bcl.AsyncInterfaces: Resolved from cache.
TpTrace Verbose: 0 : 31280, 1, 2024/08/05, 00:48:18.611, 14768302028089, vstest.console.dll, CurrentDomainAssemblyResolve: Resolving assembly 'Microsoft.Bcl.AsyncInterfaces'.
TpTrace Information: 0 : 31280, 1, 2024/08/05, 00:48:18.611, 14768302028749, vstest.console.dll, AssemblyResolver.OnResolve: Microsoft.Bcl.AsyncInterfaces: Resolving assembly.
TpTrace Information: 0 : 31280, 1, 2024/08/05, 00:48:18.611, 14768302029309, vstest.console.dll, AssemblyResolver.OnResolve: Microsoft.Bcl.AsyncInterfaces: Resolved from cache.
TpTrace Verbose: 0 : 31280, 1, 2024/08/05, 00:48:18.611, 14768302029666, vstest.console.dll, CurrentDomainAssemblyResolve: Resolving assembly 'Microsoft.Bcl.AsyncInterfaces'.
TpTrace Verbose: 0 : 31280, 1, 2024/08/05, 00:48:18.611, 14768302029999, vstest.console.dll, CurrentDomainAssemblyResolve: Failed to resolve assembly 'Microsoft.Bcl.AsyncInterfaces'.
TpTrace Verbose: 0 : 31280, 1, 2024/08/05, 00:48:18.612, 14768302033305, vstest.console.dll, CurrentDomainAssemblyResolve: Failed to resolve assembly 'Microsoft.Bcl.AsyncInterfaces'.
TpTrace Warning: 0 : 31280, 1, 2024/08/05, 00:48:18.612, 14768302037255, vstest.console.dll, TestPluginDiscoverer: Failed to get types from assembly 'Microsoft.Diagnostics.NETCore.Client, Version=0.2.10.15101, Culture=neutral, PublicKeyToken=31bf3856ad364e35'. Error: System.Reflection.ReflectionTypeLoadException: Unable to load one or more of the requested types.
Could not load file or assembly 'Microsoft.Bcl.AsyncInterfaces, Version=6.0.0.0, Culture=neutral, PublicKeyToken=cc7b13ffcd2ddd51'. The system cannot find the file specified.
   at System.Reflection.RuntimeModule.GetTypes(RuntimeModule module)
   at System.Reflection.RuntimeModule.GetTypes()
   at Microsoft.VisualStudio.TestPlatform.Common.ExtensionFramework.TestPluginDiscoverer.GetTestExtensionsFromAssembly[TPluginInfo,TExtension](Assembly assembly, Dictionary`2 pluginInfos, String filePath) in /_/src/Microsoft.TestPlatform.Common/ExtensionFramework/TestPluginDiscoverer.cs:line 158
System.IO.FileNotFoundException: Could not load file or assembly 'Microsoft.Bcl.AsyncInterfaces, Version=6.0.0.0, Culture=neutral, PublicKeyToken=cc7b13ffcd2ddd51'. The system cannot find the file specified.
File name: 'Microsoft.Bcl.AsyncInterfaces, Version=6.0.0.0, Culture=neutral, PublicKeyToken=cc7b13ffcd2ddd51'
 ---> System.IO.FileNotFoundException: Could not load file or assembly 'Microsoft.Bcl.AsyncInterfaces, Culture=neutral, PublicKeyToken=null'. The system cannot find the file specified.
File name: 'Microsoft.Bcl.AsyncInterfaces, Culture=neutral, PublicKeyToken=null'
   at System.Reflection.RuntimeAssembly.InternalLoad(AssemblyName assemblyName, StackCrawlMark& stackMark, AssemblyLoadContext assemblyLoadContext, RuntimeAssembly requestingAssembly, Boolean throwOnFileNotFound)
   at System.Reflection.Assembly.Load(AssemblyName assemblyRef)
   at Microsoft.VisualStudio.TestPlatform.Common.ExtensionFramework.TestPluginCache.CurrentDomainAssemblyResolve(Object sender, AssemblyResolveEventArgs args) in /_/src/Microsoft.TestPlatform.Common/ExtensionFramework/TestPluginCache.cs:line 513
   at System.Runtime.Loader.AssemblyLoadContext.GetFirstResolvedAssemblyFromResolvingEvent(AssemblyName assemblyName)
   at System.Runtime.Loader.AssemblyLoadContext.ResolveUsingEvent(AssemblyName assemblyName)
   at System.Runtime.Loader.AssemblyLoadContext.ResolveUsingResolvingEvent(IntPtr gchManagedAssemblyLoadContext, AssemblyName assemblyName)
TpTrace Warning: 0 : 31280, 1, 2024/08/05, 00:48:18.612, 14768302038934, vstest.console.dll, LoaderExceptions: System.IO.FileNotFoundException: Could not load file or assembly 'Microsoft.Bcl.AsyncInterfaces, Version=6.0.0.0, Culture=neutral, PublicKeyToken=cc7b13ffcd2ddd51'. The system cannot find the file specified.
File name: 'Microsoft.Bcl.AsyncInterfaces, Version=6.0.0.0, Culture=neutral, PublicKeyToken=cc7b13ffcd2ddd51'
 ---> System.IO.FileNotFoundException: Could not load file or assembly 'Microsoft.Bcl.AsyncInterfaces, Culture=neutral, PublicKeyToken=null'. The system cannot find the file specified.
File name: 'Microsoft.Bcl.AsyncInterfaces, Culture=neutral, PublicKeyToken=null'
   at System.Reflection.RuntimeAssembly.InternalLoad(AssemblyName assemblyName, StackCrawlMark& stackMark, AssemblyLoadContext assemblyLoadContext, RuntimeAssembly requestingAssembly, Boolean throwOnFileNotFound)
   at System.Reflection.Assembly.Load(AssemblyName assemblyRef)
   at Microsoft.VisualStudio.TestPlatform.Common.ExtensionFramework.TestPluginCache.CurrentDomainAssemblyResolve(Object sender, AssemblyResolveEventArgs args) in /_/src/Microsoft.TestPlatform.Common/ExtensionFramework/TestPluginCache.cs:line 513
   at System.Runtime.Loader.AssemblyLoadContext.GetFirstResolvedAssemblyFromResolvingEvent(AssemblyName assemblyName)
   at System.Runtime.Loader.AssemblyLoadContext.ResolveUsingEvent(AssemblyName assemblyName)
   at System.Runtime.Loader.AssemblyLoadContext.ResolveUsingResolvingEvent(IntPtr gchManagedAssemblyLoadContext, AssemblyName assemblyName)
TpTrace Verbose: 0 : 31280, 1, 2024/08/05, 00:48:18.612, 14768302039716, vstest.console.dll, MetadataReaderExtensionsHelper: Discovering extensions inside assembly 'Microsoft.TestPlatform.Extensions.BlameDataCollector, Version=15.0.0.0, Culture=neutral, PublicKeyToken=b03f5f7f11d50a3a' file path 'C:\Program Files\dotnet\sdk\8.0.300\Extensions\Microsoft.TestPlatform.Extensions.BlameDataCollector.dll'
TpTrace Information: 0 : 31280, 1, 2024/08/05, 00:48:18.613, 14768302044933, vstest.console.dll, GetTestExtensionFromType: Register extension with identifier data 'logger://Microsoft/TestPlatform/Extensions/Blame/v1' and type 'Microsoft.TestPlatform.Extensions.BlameDataCollector.BlameLogger, Microsoft.TestPlatform.Extensions.BlameDataCollector, Version=15.0.0.0, Culture=neutral, PublicKeyToken=b03f5f7f11d50a3a' inside file 'C:\Program Files\dotnet\sdk\8.0.300\Extensions\Microsoft.TestPlatform.Extensions.BlameDataCollector.dll'
TpTrace Verbose: 0 : 31280, 1, 2024/08/05, 00:48:18.613, 14768302045707, vstest.console.dll, MetadataReaderExtensionsHelper: Discovering extensions inside assembly 'Microsoft.TestPlatform.Extensions.EventLogCollector, Version=15.0.0.0, Culture=neutral, PublicKeyToken=b03f5f7f11d50a3a' file path 'C:\Program Files\dotnet\sdk\8.0.300\Extensions\Microsoft.TestPlatform.Extensions.EventLogCollector.dll'
TpTrace Verbose: 0 : 31280, 1, 2024/08/05, 00:48:18.613, 14768302048244, vstest.console.dll, MetadataReaderExtensionsHelper: Discovering extensions inside assembly 'Microsoft.TestPlatform.TestHostRuntimeProvider, Version=15.0.0.0, Culture=neutral, PublicKeyToken=b03f5f7f11d50a3a' file path 'C:\Program Files\dotnet\sdk\8.0.300\Extensions\Microsoft.TestPlatform.TestHostRuntimeProvider.dll'
TpTrace Verbose: 0 : 31280, 1, 2024/08/05, 00:48:18.613, 14768302051240, vstest.console.dll, MetadataReaderExtensionsHelper: Discovering extensions inside assembly 'Microsoft.VisualStudio.TestPlatform.Extensions.Html.TestLogger, Version=15.0.0.0, Culture=neutral, PublicKeyToken=b03f5f7f11d50a3a' file path 'C:\Program Files\dotnet\sdk\8.0.300\Extensions\Microsoft.VisualStudio.TestPlatform.Extensions.Html.TestLogger.dll'
TpTrace Information: 0 : 31280, 1, 2024/08/05, 00:48:18.614, 14768302055669, vstest.console.dll, GetTestExtensionFromType: Register extension with identifier data 'logger://Microsoft/TestPlatform/HtmlLogger/v1' and type 'Microsoft.VisualStudio.TestPlatform.Extensions.HtmlLogger.HtmlLogger, Microsoft.VisualStudio.TestPlatform.Extensions.Html.TestLogger, Version=15.0.0.0, Culture=neutral, PublicKeyToken=b03f5f7f11d50a3a' inside file 'C:\Program Files\dotnet\sdk\8.0.300\Extensions\Microsoft.VisualStudio.TestPlatform.Extensions.Html.TestLogger.dll'
TpTrace Verbose: 0 : 31280, 1, 2024/08/05, 00:48:18.614, 14768302056297, vstest.console.dll, MetadataReaderExtensionsHelper: Discovering extensions inside assembly 'Microsoft.VisualStudio.TestPlatform.Extensions.Trx.TestLogger, Version=15.0.0.0, Culture=neutral, PublicKeyToken=b03f5f7f11d50a3a' file path 'C:\Program Files\dotnet\sdk\8.0.300\Extensions\Microsoft.VisualStudio.TestPlatform.Extensions.Trx.TestLogger.dll'
TpTrace Information: 0 : 31280, 1, 2024/08/05, 00:48:18.614, 14768302059745, vstest.console.dll, GetTestExtensionFromType: Register extension with identifier data 'logger://Microsoft/TestPlatform/TrxLogger/v1' and type 'Microsoft.VisualStudio.TestPlatform.Extensions.TrxLogger.TrxLogger, Microsoft.VisualStudio.TestPlatform.Extensions.Trx.TestLogger, Version=15.0.0.0, Culture=neutral, PublicKeyToken=b03f5f7f11d50a3a' inside file 'C:\Program Files\dotnet\sdk\8.0.300\Extensions\Microsoft.VisualStudio.TestPlatform.Extensions.Trx.TestLogger.dll'
TpTrace Verbose: 0 : 31280, 1, 2024/08/05, 00:48:18.614, 14768302060357, vstest.console.dll, TestPluginCache: Discovered the extensions using extension path ''.
TpTrace Verbose: 0 : 31280, 1, 2024/08/05, 00:48:18.614, 14768302060696, vstest.console.dll, TestPluginCache: Discoverers are ''.
TpTrace Verbose: 0 : 31280, 1, 2024/08/05, 00:48:18.614, 14768302060939, vstest.console.dll, TestPluginCache: Executors are ''.
TpTrace Verbose: 0 : 31280, 1, 2024/08/05, 00:48:18.614, 14768302061176, vstest.console.dll, TestPluginCache: Executors2 are ''.
TpTrace Verbose: 0 : 31280, 1, 2024/08/05, 00:48:18.614, 14768302061413, vstest.console.dll, TestPluginCache: Setting providers are ''.
TpTrace Verbose: 0 : 31280, 1, 2024/08/05, 00:48:18.614, 14768302062018, vstest.console.dll, TestPluginCache: Loggers are 'logger://Microsoft/TestPlatform/Extensions/Blame/v1,logger://Microsoft/TestPlatform/HtmlLogger/v1,logger://Microsoft/TestPlatform/TrxLogger/v1'.
TpTrace Verbose: 0 : 31280, 1, 2024/08/05, 00:48:18.614, 14768302062402, vstest.console.dll, TestPluginCache: TestHosts are 'HostProvider://DefaultTestHost,HostProvider://DotnetTestHost'.
TpTrace Verbose: 0 : 31280, 1, 2024/08/05, 00:48:18.614, 14768302062687, vstest.console.dll, TestPluginCache: DataCollectors are ''.
TpTrace Information: 0 : 31280, 1, 2024/08/05, 00:48:18.615, 14768302070714, vstest.console.dll, TestPluginManager.CreateTestExtension: Attempting to load test extension: Microsoft.TestPlatform.Extensions.BlameDataCollector.BlameLogger
TpTrace Verbose: 0 : 31280, 1, 2024/08/05, 00:48:18.624, 14768302155561, vstest.console.dll, TestEngine: Initializing Parallel Execution as MaxCpuCount is set to: 1
TpTrace Information: 0 : 31280, 1, 2024/08/05, 00:48:18.626, 14768302179348, vstest.console.dll, TestPluginManager.CreateTestExtension: Attempting to load test extension: Microsoft.VisualStudio.TestPlatform.CrossPlatEngine.Hosting.DefaultTestHostManager
TpTrace Information: 0 : 31280, 1, 2024/08/05, 00:48:18.628, 14768302194093, vstest.console.dll, TestPluginManager.CreateTestExtension: Attempting to load test extension: Microsoft.VisualStudio.TestPlatform.CrossPlatEngine.Hosting.DotnetTestHostManager
TpTrace Information: 0 : 31280, 1, 2024/08/05, 00:48:18.628, 14768302199544, vstest.console.dll, InferRunSettingsHelper.IsTestSettingsEnabled: Unable to navigate to RunSettings/MSTest. Current node: RunSettings
TpTrace Verbose: 0 : 31280, 1, 2024/08/05, 00:48:18.629, 14768302208163, vstest.console.dll, ParallelOperationManager.ClearSlots: Clearing all slots. Slots should accept more work: True
TpTrace Verbose: 0 : 31280, 1, 2024/08/05, 00:48:18.630, 14768302213589, vstest.console.dll, ParallelOperationManager.SetOccupiedSlotCount: Setting slot counts AvailableSlotCount = 1, OccupiedSlotCount = 0.
TpTrace Verbose: 0 : 31280, 1, 2024/08/05, 00:48:18.630, 14768302215991, vstest.console.dll, Occupied slots:

TpTrace Verbose: 0 : 31280, 1, 2024/08/05, 00:48:18.633, 14768302251707, vstest.console.dll, TestEngine.GetExecutionManager: Chosen execution manager 'Microsoft.VisualStudio.TestPlatform.CrossPlatEngine.Client.Parallel.ParallelProxyExecutionManager, Microsoft.TestPlatform.CrossPlatEngine, Version=15.0.0.0, Culture=neutral, PublicKeyToken=b03f5f7f11d50a3a' ParallelLevel '1'.
TpTrace Verbose: 0 : 31280, 1, 2024/08/05, 00:48:18.634, 14768302253584, vstest.console.dll, TestRunRequest.ExecuteAsync: Creating test run request.
TpTrace Verbose: 0 : 31280, 1, 2024/08/05, 00:48:18.634, 14768302257460, vstest.console.dll, TestRunRequest.ExecuteAsync: Starting.
TpTrace Information: 0 : 31280, 1, 2024/08/05, 00:48:18.635, 14768302271718, vstest.console.dll, TestRunRequest.ExecuteAsync: Starting run with settings:TestRunCriteria:
   KeepAlive=False,FrequencyOfRunStatsChangeEvent=10,RunStatsChangeEventTimeout=00:00:01.5000000,TestCaseFilter=,TestExecutorLauncher=
   Settingsxml=<RunSettings>
  <RunConfiguration>
    <ResultsDirectory>C:\BloodDonation\BloodDonationBackendTest\bin\Debug\net6.0\fine-code-coverage\coverage-tool-output</ResultsDirectory>
    <TargetPlatform>X64</TargetPlatform>
    <TargetFrameworkVersion>.NETCoreApp,Version=v6.0</TargetFrameworkVersion>
    <DesignMode>False</DesignMode>
    <CollectSourceInformation>False</CollectSourceInformation>
  </RunConfiguration>
  <LoggerRunSettings>
    <Loggers>
      <Logger friendlyName="blame" enabled="True" />
      <Logger friendlyName="Console" uri="logger://microsoft/TestPlatform/ConsoleLogger/v1" assemblyQualifiedName="Microsoft.VisualStudio.TestPlatform.CommandLine.Internal.ConsoleLogger, vstest.console, Version=15.0.0.0, Culture=neutral, PublicKeyToken=b03f5f7f11d50a3a" codeBase="C:\Program Files\dotnet\sdk\8.0.300\vstest.console.dll" enabled="True" />
    </Loggers>
  </LoggerRunSettings>
  <DataCollectionRunSettings>
    <DataCollectors>
      <DataCollector friendlyName="blame" enabled="True">
        <Configuration>
          <ResultsDirectory>C:\BloodDonation\BloodDonationBackendTest\bin\Debug\net6.0\fine-code-coverage\coverage-tool-output</ResultsDirectory>
        </Configuration>
      </DataCollector>
    </DataCollectors>
  </DataCollectionRunSettings>
</RunSettings>

TpTrace Verbose: 0 : 31280, 1, 2024/08/05, 00:48:18.635, 14768302273116, vstest.console.dll, TestRunRequest.ExecuteAsync: Wait for the first run request is over.
TpTrace Verbose: 0 : 31280, 1, 2024/08/05, 00:48:18.636, 14768302276571, vstest.console.dll, MulticastDelegateUtilities.SafeInvoke: TestRun.TestRunStart: Invoking callbacks was skipped because there are no subscribers.
TpTrace Verbose: 0 : 31280, 4, 2024/08/05, 00:48:18.636, 14768302279459, vstest.console.dll, MulticastDelegateUtilities.SafeInvoke: InternalTestLoggerEvents.SendTestRunStart: Invoking callback 1/1 for Microsoft.VisualStudio.TestPlatform.CommandLine.Internal.ConsoleLogger., took 0 ms.
TpTrace Verbose: 0 : 31280, 1, 2024/08/05, 00:48:18.637, 14768302286398, vstest.console.dll, ParallelProxyExecutionManager: Start execution. Total sources: 1
TpTrace Verbose: 0 : 31280, 1, 2024/08/05, 00:48:18.638, 14768302294711, vstest.console.dll, ParallelOperationManager.StartWork: Starting adding 1 workloads.
TpTrace Verbose: 0 : 31280, 1, 2024/08/05, 00:48:18.638, 14768302300849, vstest.console.dll, ParallelOperationManager.ClearSlots: Clearing all slots. Slots should accept more work: True
TpTrace Verbose: 0 : 31280, 1, 2024/08/05, 00:48:18.638, 14768302302060, vstest.console.dll, ParallelOperationManager.SetOccupiedSlotCount: Setting slot counts AvailableSlotCount = 1, OccupiedSlotCount = 0.
TpTrace Verbose: 0 : 31280, 1, 2024/08/05, 00:48:18.638, 14768302302581, vstest.console.dll, Occupied slots:

TpTrace Verbose: 0 : 31280, 1, 2024/08/05, 00:48:18.640, 14768302321953, vstest.console.dll, TestRequestSender is acting as server.
TpTrace Verbose: 0 : 31280, 1, 2024/08/05, 00:48:18.643, 14768302346380, vstest.console.dll, ParallelOperationManager.RunWorkInParallel: Adding 1 workload to slot, remaining workloads 0.
TpTrace Verbose: 0 : 31280, 1, 2024/08/05, 00:48:18.643, 14768302347846, vstest.console.dll, ParallelOperationManager.SetOccupiedSlotCount: Setting slot counts AvailableSlotCount = 0, OccupiedSlotCount = 1.
TpTrace Verbose: 0 : 31280, 1, 2024/08/05, 00:48:18.643, 14768302349030, vstest.console.dll, Occupied slots:
0: C:\BloodDonation\BloodDonationBackendTest\bin\Debug\net6.0\fine-code-coverage\build-output\BloodDonationBackendTest.dll
TpTrace Verbose: 0 : 31280, 1, 2024/08/05, 00:48:18.644, 14768302359085, vstest.console.dll, ParallelOperationManager.RunWorkInParallel: Started host in slot number 0 for work (source): C:\BloodDonation\BloodDonationBackendTest\bin\Debug\net6.0\fine-code-coverage\build-output\BloodDonationBackendTest.dll.
TpTrace Verbose: 0 : 31280, 1, 2024/08/05, 00:48:18.646, 14768302375667, vstest.console.dll, ParallelOperationManager.RunWorkInParallel: We started 1 work items, which is the max parallel level. Won't start more work.
TpTrace Verbose: 0 : 31280, 1, 2024/08/05, 00:48:18.646, 14768302376972, vstest.console.dll, ParallelOperationManager.RunWorkInParallel: We started 1 work items in here, returning True.
TpTrace Information: 0 : 31280, 1, 2024/08/05, 00:48:18.646, 14768302377500, vstest.console.dll, TestRunRequest.ExecuteAsync: Started.
TpTrace Verbose: 0 : 31280, 5, 2024/08/05, 00:48:18.646, 14768302377802, vstest.console.dll, ParallelProxyExecutionManager.StartTestRunOnConcurrentManager: Initializing uninitialized client. Started clients: 0
TpTrace Verbose: 0 : 31280, 5, 2024/08/05, 00:48:18.646, 14768302379907, vstest.console.dll, DataCollectionRequestSender.InitializeCommunication : Initialize communication. 
TpTrace Verbose: 0 : 31280, 1, 2024/08/05, 00:48:18.646, 14768302383069, vstest.console.dll, TestRunRequest.WaitForCompletion: Waiting with timeout -1.
TpTrace Information: 0 : 31280, 5, 2024/08/05, 00:48:18.656, 14768302479013, vstest.console.dll, Listening on Endpoint : 127.0.0.1:52852
TpTrace Verbose: 0 : 31280, 5, 2024/08/05, 00:48:18.664, 14768302556602, vstest.console.dll, DotnetDataCollectionLauncher: Adding  --runtimeconfig "C:\Program Files\dotnet\sdk\8.0.300\datacollector.runtimeconfig.json" in args
TpTrace Verbose: 0 : 31280, 5, 2024/08/05, 00:48:18.664, 14768302558744, vstest.console.dll, DotnetDataCollectionLauncher: Adding  --depsfile "C:\Program Files\dotnet\sdk\8.0.300\datacollector.deps.json" in args
TpTrace Verbose: 0 : 31280, 5, 2024/08/05, 00:48:18.665, 14768302564080, vstest.console.dll, DotnetDataCollectionLauncher: Full path of dotnet.exe is C:\Program Files\dotnet\dotnet.exe
TpTrace Information: 0 : 31280, 5, 2024/08/05, 00:48:18.671, 14768302630779, vstest.console.dll, ProxyDataCollectionManager.Initialize: Launched datacollector processId: 11592 port: 52852
TpTrace Information: 0 : 31280, 5, 2024/08/05, 00:48:18.671, 14768302632602, vstest.console.dll, ProxyDataCollectionManager.Initialize: waiting for connection with timeout: 90 seconds
TpTrace Verbose: 0 : 31280, 5, 2024/08/05, 00:48:18.671, 14768302633011, vstest.console.dll, DataCollectionRequestSender.WaitForRequestHandlerConnection : Waiting for connection with timeout: 90000
TpTrace Verbose: 0 : 31280, 5, 2024/08/05, 00:48:18.945, 14768305364658, vstest.console.dll, SocketCommunicationManager.WaitForClientConnection took: 273 ms, with 90000 ms timeout, and finished with True.
TpTrace Information: 0 : 31280, 7, 2024/08/05, 00:48:18.945, 14768305364654, vstest.console.dll, Using the buffer size of 16384 bytes
TpTrace Verbose: 0 : 31280, 5, 2024/08/05, 00:48:18.945, 14768305367620, vstest.console.dll, ProxyDataCollectionManager.InvokeDataCollectionServiceAction: Starting.
TpTrace Information: 0 : 31280, 7, 2024/08/05, 00:48:18.945, 14768305368748, vstest.console.dll, Accepted Client request and set the flag
TpTrace Information: 0 : 31280, 5, 2024/08/05, 00:48:18.945, 14768305370242, vstest.console.dll, ProxyDataCollectionManager.BeforeTestRunStart: Get environment variable and port for datacollector processId: 11592 port: 52852
TpTrace Verbose: 0 : 31280, 5, 2024/08/05, 00:48:18.946, 14768305373686, vstest.console.dll, DataCollectionRequestSender.SendBeforeTestRunStartAndGetResult: Send BeforeTestRunStart message with settingsXml <RunSettings><RunConfiguration><ResultsDirectory>C:\BloodDonation\BloodDonationBackendTest\bin\Debug\net6.0\fine-code-coverage\coverage-tool-output</ResultsDirectory><TargetPlatform>X64</TargetPlatform><TargetFrameworkVersion>.NETCoreApp,Version=v6.0</TargetFrameworkVersion><DesignMode>False</DesignMode><CollectSourceInformation>False</CollectSourceInformation><TestAdaptersPaths>C:\Program Files\dotnet\sdk\8.0.300\Extensions</TestAdaptersPaths></RunConfiguration><LoggerRunSettings><Loggers><Logger friendlyName="blame" enabled="True" /><Logger friendlyName="Console" uri="logger://microsoft/TestPlatform/ConsoleLogger/v1" assemblyQualifiedName="Microsoft.VisualStudio.TestPlatform.CommandLine.Internal.ConsoleLogger, vstest.console, Version=15.0.0.0, Culture=neutral, PublicKeyToken=b03f5f7f11d50a3a" codeBase="C:\Program Files\dotnet\sdk\8.0.300\vstest.console.dll" enabled="True" /></Loggers></LoggerRunSettings><DataCollectionRunSettings><DataCollectors><DataCollector friendlyName="blame" enabled="True"><Configuration><ResultsDirectory>C:\BloodDonation\BloodDonationBackendTest\bin\Debug\net6.0\fine-code-coverage\coverage-tool-output</ResultsDirectory></Configuration></DataCollector></DataCollectors></DataCollectionRunSettings></RunSettings> and sources System.Collections.Generic.List`1[System.String]: 
TpTrace Verbose: 0 : 31280, 5, 2024/08/05, 00:48:19.020, 14768306118854, vstest.console.dll, DataCollectionRequestSender.SendBeforeTestRunStartAndGetResult: Received message: (DataCollection.SendMessage) -> {"MessageType":"DataCollection.SendMessage","Payload":{"FriendlyName":null,"Uri":null,"TestCaseId":"00000000-0000-0000-0000-000000000000","Message":"Logging DataCollector Diagnostics in file: C:\\BloodDonation\\BloodDonationBackendTest\\bin\\Debug\\net6.0\\fine-code-coverage\\coverage-tool-output\\diagnostics.datacollector.24-08-05_00-48-18_66411_5.log","Level":0}}
TpTrace Verbose: 0 : 31280, 5, 2024/08/05, 00:48:19.118, 14768307095121, vstest.console.dll, DataCollectionRequestSender.SendBeforeTestRunStartAndGetResult: Received message: (DataCollection.BeforeTestRunStartResult) -> {"MessageType":"DataCollection.BeforeTestRunStartResult","Payload":{"EnvironmentVariables":{},"DataCollectionEventsPort":52856}}
TpTrace Information: 0 : 31280, 5, 2024/08/05, 00:48:19.124, 14768307154227, vstest.console.dll, ProxyDataCollectionManager.BeforeTestRunStart: SendBeforeTestRunStartAndGetResult successful, env variable from datacollector:   and testhost port: 52856
TpTrace Information: 0 : 31280, 5, 2024/08/05, 00:48:19.124, 14768307156495, vstest.console.dll, ProxyDataCollectionManager.InvokeDataCollectionServiceAction: Completed.
TpTrace Verbose: 0 : 31280, 5, 2024/08/05, 00:48:19.124, 14768307157148, vstest.console.dll, ParallelProxyExecutionManager.StartTestRunOnConcurrentManager: Initializing test run. Started clients: 0
TpTrace Verbose: 0 : 31280, 5, 2024/08/05, 00:48:19.124, 14768307158477, vstest.console.dll, ProxyExecutionManager: Test host is always Lazy initialize.
TpTrace Verbose: 0 : 31280, 5, 2024/08/05, 00:48:19.124, 14768307162085, vstest.console.dll, TestRequestSender.InitializeCommunication: initialize communication. 
TpTrace Information: 0 : 31280, 5, 2024/08/05, 00:48:19.125, 14768307170931, vstest.console.dll, SocketServer.Start: Listening on endpoint : 127.0.0.1:52857
TpTrace Verbose: 0 : 31280, 5, 2024/08/05, 00:48:19.127, 14768307184102, vstest.console.dll, DotnetTestHostmanager.GetTestHostProcessStartInfo: Platform environment 'X64' target architecture 'X64' framework '.NETCoreApp,Version=v6.0' OS 'Windows'
TpTrace Verbose: 0 : 31280, 5, 2024/08/05, 00:48:19.127, 14768307188414, vstest.console.dll, DotnetTestHostmanager: Adding  --runtimeconfig "C:\BloodDonation\BloodDonationBackendTest\bin\Debug\net6.0\fine-code-coverage\build-output\BloodDonationBackendTest.runtimeconfig.json" in args
TpTrace Verbose: 0 : 31280, 5, 2024/08/05, 00:48:19.127, 14768307190007, vstest.console.dll, DotnetTestHostmanager: Adding  --depsfile "C:\BloodDonation\BloodDonationBackendTest\bin\Debug\net6.0\fine-code-coverage\build-output\BloodDonationBackendTest.deps.json" in args
TpTrace Verbose: 0 : 31280, 5, 2024/08/05, 00:48:19.128, 14768307194116, vstest.console.dll, DotnetTestHostmanager.IsWinOnArm: Current PROCESSOR_ARCHITECTURE from environment variable 'AMD64'
TpTrace Verbose: 0 : 31280, 5, 2024/08/05, 00:48:19.128, 14768307195232, vstest.console.dll, DotnetTestHostmanager.IsWinOnArm: Is Windows on ARM 'False'
TpTrace Verbose: 0 : 31280, 5, 2024/08/05, 00:48:19.128, 14768307196580, vstest.console.dll, DotnetTestHostManager: testhost.exe found at path: C:\BloodDonation\BloodDonationBackendTest\bin\Debug\net6.0\fine-code-coverage\build-output\testhost.exe
TpTrace Verbose: 0 : 31280, 5, 2024/08/05, 00:48:19.128, 14768307197228, vstest.console.dll, DotnetTestHostmanager: Full path of host exe is C:\BloodDonation\BloodDonationBackendTest\bin\Debug\net6.0\fine-code-coverage\build-output\testhost.exe
TpTrace Verbose: 0 : 31280, 5, 2024/08/05, 00:48:19.128, 14768307199092, vstest.console.dll, DotnetTestHostmanager.LaunchTestHostAsync: Found 'VSTEST_WINAPPHOST_DOTNET_ROOT' in env variables, value 'C:\Program Files\dotnet', forwarding to 'DOTNET_ROOT'
TpTrace Verbose: 0 : 31280, 5, 2024/08/05, 00:48:19.128, 14768307201481, vstest.console.dll, DotnetTestHostManager: Starting process 'C:\BloodDonation\BloodDonationBackendTest\bin\Debug\net6.0\fine-code-coverage\build-output\testhost.exe' with command line ' --runtimeconfig "C:\BloodDonation\BloodDonationBackendTest\bin\Debug\net6.0\fine-code-coverage\build-output\BloodDonationBackendTest.runtimeconfig.json" --depsfile "C:\BloodDonation\BloodDonationBackendTest\bin\Debug\net6.0\fine-code-coverage\build-output\BloodDonationBackendTest.deps.json" --port 52857 --endpoint 127.0.0.1:052857 --role client --parentprocessid 31280 --diag "C:\BloodDonation\BloodDonationBackendTest\bin\Debug\net6.0\fine-code-coverage\coverage-tool-output\diagnostics.host.24-08-05_00-48-19_12651_5.log" --tracelevel 4 --datacollectionport 52856 --telemetryoptedin false'
TpTrace Verbose: 0 : 31280, 5, 2024/08/05, 00:48:19.137, 14768307288555, vstest.console.dll, MulticastDelegateUtilities.SafeInvoke: HostProviderEvents.OnHostLaunched: Invoking callback 1/2 for Microsoft.VisualStudio.TestPlatform.CrossPlatEngine.Client.ProxyExecutionManagerWithDataCollection., took 2 ms.
TpTrace Verbose: 0 : 31280, 5, 2024/08/05, 00:48:19.138, 14768307294118, vstest.console.dll, Test Runtime launched
TpTrace Verbose: 0 : 31280, 5, 2024/08/05, 00:48:19.138, 14768307295526, vstest.console.dll, MulticastDelegateUtilities.SafeInvoke: HostProviderEvents.OnHostLaunched: Invoking callback 2/2 for Microsoft.VisualStudio.TestPlatform.CrossPlatEngine.Client.ProxyOperationManager., took 0 ms.
TpTrace Verbose: 0 : 31280, 5, 2024/08/05, 00:48:19.138, 14768307297509, vstest.console.dll, TestRequestSender.WaitForRequestHandlerConnection: waiting for connection with timeout: 90000.
TpTrace Verbose: 0 : 31280, 5, 2024/08/05, 00:48:19.495, 14768310867835, vstest.console.dll, TestRequestSender.WaitForRequestHandlerConnection: waiting took 357 ms, with timeout 90000 ms, and result 0, which is success.
TpTrace Verbose: 0 : 31280, 11, 2024/08/05, 00:48:19.495, 14768310867825, vstest.console.dll, MulticastDelegateUtilities.SafeInvoke: SocketServer: ClientConnected: Invoking callback 1/1 for Microsoft.VisualStudio.TestPlatform.CommunicationUtilities.TestRequestSender., took 0 ms.
TpTrace Verbose: 0 : 31280, 11, 2024/08/05, 00:48:19.495, 14768310871701, vstest.console.dll, SocketServer.OnClientConnected: Client connected for endPoint: 127.0.0.1:52857, starting MessageLoopAsync:
TpTrace Verbose: 0 : 31280, 11, 2024/08/05, 00:48:19.496, 14768310880832, vstest.console.dll, TcpClientExtensions.MessageLoopAsync: Polling on remoteEndPoint: 127.0.0.1:52858 localEndPoint: 127.0.0.1:52857 after 0 ms
TpTrace Verbose: 0 : 31280, 5, 2024/08/05, 00:48:19.497, 14768310890204, vstest.console.dll, TestRequestSender.CheckVersionWithTestHost: Sending check version message: {"MessageType":"ProtocolVersion","Payload":7}
TpTrace Verbose: 0 : 31280, 11, 2024/08/05, 00:48:19.660, 14768312520963, vstest.console.dll, TcpClientExtensions.MessageLoopAsync: NotifyDataAvailable remoteEndPoint: 127.0.0.1:52858 localEndPoint: 127.0.0.1:52857
TpTrace Verbose: 0 : 31280, 11, 2024/08/05, 00:48:19.661, 14768312524534, vstest.console.dll, TestRequestSender.CheckVersionWithTestHost: onMessageReceived received message: (ProtocolVersion) -> {"MessageType":"ProtocolVersion","Payload":7}
TpTrace Verbose: 0 : 31280, 11, 2024/08/05, 00:48:19.661, 14768312531086, vstest.console.dll, MulticastDelegateUtilities.SafeInvoke: LengthPrefixCommunicationChannel: MessageReceived: Invoking callback 1/1 for Microsoft.VisualStudio.TestPlatform.CommunicationUtilities.TestRequestSender+<>c__DisplayClass29_0., took 0 ms.
TpTrace Verbose: 0 : 31280, 11, 2024/08/05, 00:48:19.661, 14768312532213, vstest.console.dll, TcpClientExtensions.MessageLoopAsync: Polling on remoteEndPoint: 127.0.0.1:52858 localEndPoint: 127.0.0.1:52857 after 165 ms
TpTrace Verbose: 0 : 31280, 5, 2024/08/05, 00:48:19.661, 14768312532549, vstest.console.dll, TestPluginCache.GetExtensionPaths: Filtered extension paths: 
TpTrace Verbose: 0 : 31280, 5, 2024/08/05, 00:48:19.662, 14768312533530, vstest.console.dll, TestPluginCache.GetExtensionPaths: Added default extension paths: C:\Program Files\dotnet\sdk\8.0.300\Extensions\Microsoft.Diagnostics.NETCore.Client.dll
C:\Program Files\dotnet\sdk\8.0.300\Extensions\Microsoft.TestPlatform.Extensions.BlameDataCollector.dll
C:\Program Files\dotnet\sdk\8.0.300\Extensions\Microsoft.TestPlatform.Extensions.EventLogCollector.dll
C:\Program Files\dotnet\sdk\8.0.300\Extensions\Microsoft.TestPlatform.TestHostRuntimeProvider.dll
C:\Program Files\dotnet\sdk\8.0.300\Extensions\Microsoft.VisualStudio.TestPlatform.Extensions.Html.TestLogger.dll
C:\Program Files\dotnet\sdk\8.0.300\Extensions\Microsoft.VisualStudio.TestPlatform.Extensions.Trx.TestLogger.dll
TpTrace Verbose: 0 : 31280, 5, 2024/08/05, 00:48:19.662, 14768312534487, vstest.console.dll, TestPluginCache.GetExtensionPaths: Added unfilterableExtensionPaths: 
TpTrace Verbose: 0 : 31280, 5, 2024/08/05, 00:48:19.665, 14768312564577, vstest.console.dll, TestRequestSender.InitializeExecution: Sending initialize execution with message: {"Version":7,"MessageType":"TestExecution.Initialize","Payload":["C:\\BloodDonation\\BloodDonationBackendTest\\bin\\Debug\\net6.0\\fine-code-coverage\\build-output\\NUnit3.TestAdapter.dll"]}
TpTrace Verbose: 0 : 31280, 5, 2024/08/05, 00:48:19.665, 14768312567591, vstest.console.dll, ParallelProxyExecutionManager.StartTestRunOnConcurrentManager: Execution starting. Started clients: 1
TpTrace Verbose: 0 : 31280, 5, 2024/08/05, 00:48:19.665, 14768312570306, vstest.console.dll, TestRunRequest:SendTestRunMessage: Starting.
TpTrace Verbose: 0 : 31280, 5, 2024/08/05, 00:48:19.665, 14768312572130, vstest.console.dll, MulticastDelegateUtilities.SafeInvoke: TestRun.LogMessages: Invoking callback 1/1 for Microsoft.VisualStudio.TestPlatform.CommandLine.TestRunResultAggregator., took 0 ms.
TpTrace Information: 0 : 31280, 5, 2024/08/05, 00:48:19.665, 14768312572585, vstest.console.dll, TestRunRequest:SendTestRunMessage: Completed.
TpTrace Verbose: 0 : 31280, 11, 2024/08/05, 00:48:19.666, 14768312574015, vstest.console.dll, TcpClientExtensions.MessageLoopAsync: NotifyDataAvailable remoteEndPoint: 127.0.0.1:52858 localEndPoint: 127.0.0.1:52857
TpTrace Verbose: 0 : 31280, 4, 2024/08/05, 00:48:19.666, 14768312574695, vstest.console.dll, MulticastDelegateUtilities.SafeInvoke: InternalTestLoggerEvents.SendTestRunMessage: Invoking callback 1/1 for Microsoft.VisualStudio.TestPlatform.CommandLine.Internal.ConsoleLogger., took 0 ms.
TpTrace Warning: 0 : 31280, 5, 2024/08/05, 00:48:19.666, 14768312576895, vstest.console.dll, InferRunSettingsHelper.MakeRunsettingsCompatible: Removing the following settings: TargetPlatform from RunSettings file. To use those settings please move to latest version of Microsoft.NET.Test.Sdk
TpTrace Verbose: 0 : 31280, 11, 2024/08/05, 00:48:19.667, 14768312583394, vstest.console.dll, TestRequestSender.OnExecutionMessageReceived: Received message: {"Version":7,"MessageType":"TestSession.Message","Payload":{"MessageLevel":0,"Message":"Logging TestHost Diagnostics in file: C:\\BloodDonation\\BloodDonationBackendTest\\bin\\Debug\\net6.0\\fine-code-coverage\\coverage-tool-output\\diagnostics.host.24-08-05_00-48-19_12651_5.log"}}
TpTrace Verbose: 0 : 31280, 11, 2024/08/05, 00:48:19.670, 14768312620414, vstest.console.dll, TestRunRequest:SendTestRunMessage: Starting.
TpTrace Verbose: 0 : 31280, 4, 2024/08/05, 00:48:19.670, 14768312623173, vstest.console.dll, MulticastDelegateUtilities.SafeInvoke: InternalTestLoggerEvents.SendTestRunMessage: Invoking callback 1/1 for Microsoft.VisualStudio.TestPlatform.CommandLine.Internal.ConsoleLogger., took 0 ms.
TpTrace Verbose: 0 : 31280, 11, 2024/08/05, 00:48:19.670, 14768312623173, vstest.console.dll, MulticastDelegateUtilities.SafeInvoke: TestRun.LogMessages: Invoking callback 1/1 for Microsoft.VisualStudio.TestPlatform.CommandLine.TestRunResultAggregator., took 0 ms.
TpTrace Information: 0 : 31280, 11, 2024/08/05, 00:48:19.671, 14768312625211, vstest.console.dll, TestRunRequest:SendTestRunMessage: Completed.
TpTrace Verbose: 0 : 31280, 11, 2024/08/05, 00:48:19.671, 14768312626089, vstest.console.dll, MulticastDelegateUtilities.SafeInvoke: LengthPrefixCommunicationChannel: MessageReceived: Invoking callback 1/1 for Microsoft.VisualStudio.TestPlatform.CommunicationUtilities.TestRequestSender+<>c__DisplayClass34_0., took 4 ms.
TpTrace Verbose: 0 : 31280, 11, 2024/08/05, 00:48:19.671, 14768312626743, vstest.console.dll, TcpClientExtensions.MessageLoopAsync: Polling on remoteEndPoint: 127.0.0.1:52858 localEndPoint: 127.0.0.1:52857 after 9 ms
TpTrace Verbose: 0 : 31280, 5, 2024/08/05, 00:48:19.680, 14768312722395, vstest.console.dll, TestRequestSender.StartTestRun: Sending test run with message: {"Version":7,"MessageType":"TestExecution.StartWithSources","Payload":{"AdapterSourceMap":{"_none_":["C:\\BloodDonation\\BloodDonationBackendTest\\bin\\Debug\\net6.0\\fine-code-coverage\\build-output\\BloodDonationBackendTest.dll"]},"RunSettings":"<RunSettings>\r\n  <RunConfiguration>\r\n    <ResultsDirectory>C:\\BloodDonation\\BloodDonationBackendTest\\bin\\Debug\\net6.0\\fine-code-coverage\\coverage-tool-output</ResultsDirectory>\r\n    <TargetFrameworkVersion>.NETCoreApp,Version=v6.0</TargetFrameworkVersion>\r\n    <DesignMode>False</DesignMode>\r\n    <CollectSourceInformation>False</CollectSourceInformation>\r\n  </RunConfiguration>\r\n  <LoggerRunSettings>\r\n    <Loggers>\r\n      <Logger friendlyName=\"blame\" enabled=\"True\" />\r\n      <Logger friendlyName=\"Console\" uri=\"logger://microsoft/TestPlatform/ConsoleLogger/v1\" assemblyQualifiedName=\"Microsoft.VisualStudio.TestPlatform.CommandLine.Internal.ConsoleLogger, vstest.console, Version=15.0.0.0, Culture=neutral, PublicKeyToken=b03f5f7f11d50a3a\" codeBase=\"C:\\Program Files\\dotnet\\sdk\\8.0.300\\vstest.console.dll\" enabled=\"True\" />\r\n    </Loggers>\r\n  </LoggerRunSettings>\r\n  <DataCollectionRunSettings>\r\n    <DataCollectors>\r\n      <DataCollector friendlyName=\"blame\" enabled=\"True\">\r\n        <Configuration>\r\n          <ResultsDirectory>C:\\BloodDonation\\BloodDonationBackendTest\\bin\\Debug\\net6.0\\fine-code-coverage\\coverage-tool-output</ResultsDirectory>\r\n        </Configuration>\r\n      </DataCollector>\r\n    </DataCollectors>\r\n  </DataCollectionRunSettings>\r\n</RunSettings>","TestExecutionContext":{"FrequencyOfRunStatsChangeEvent":10,"RunStatsChangeEventTimeout":"00:00:01.5000000","InIsolation":false,"KeepAlive":false,"AreTestCaseLevelEventsRequired":false,"IsDebug":false,"TestCaseFilter":null,"FilterOptions":null},"Package":null}}
TpTrace Verbose: 0 : 31280, 5, 2024/08/05, 00:48:19.681, 14768312726950, vstest.console.dll, ParallelProxyExecutionManager.StartTestRunOnConcurrentManager: Execution started. Started clients: 1
TpTrace Verbose: 0 : 31280, 11, 2024/08/05, 00:48:19.929, 14768315209242, vstest.console.dll, TcpClientExtensions.MessageLoopAsync: NotifyDataAvailable remoteEndPoint: 127.0.0.1:52858 localEndPoint: 127.0.0.1:52857
TpTrace Verbose: 0 : 31280, 11, 2024/08/05, 00:48:19.929, 14768315213253, vstest.console.dll, TestRequestSender.OnExecutionMessageReceived: Received message: {"Version":7,"MessageType":"TestSession.Message","Payload":{"MessageLevel":0,"Message":"NUnit Adapter 4.4.0.0: Test execution started"}}
TpTrace Verbose: 0 : 31280, 11, 2024/08/05, 00:48:19.930, 14768315216587, vstest.console.dll, TestRunRequest:SendTestRunMessage: Starting.
TpTrace Verbose: 0 : 31280, 11, 2024/08/05, 00:48:19.930, 14768315218062, vstest.console.dll, MulticastDelegateUtilities.SafeInvoke: TestRun.LogMessages: Invoking callback 1/1 for Microsoft.VisualStudio.TestPlatform.CommandLine.TestRunResultAggregator., took 0 ms.
TpTrace Information: 0 : 31280, 11, 2024/08/05, 00:48:19.930, 14768315218659, vstest.console.dll, TestRunRequest:SendTestRunMessage: Completed.
TpTrace Verbose: 0 : 31280, 4, 2024/08/05, 00:48:19.930, 14768315218619, vstest.console.dll, MulticastDelegateUtilities.SafeInvoke: InternalTestLoggerEvents.SendTestRunMessage: Invoking callback 1/1 for Microsoft.VisualStudio.TestPlatform.CommandLine.Internal.ConsoleLogger., took 0 ms.
TpTrace Verbose: 0 : 31280, 11, 2024/08/05, 00:48:19.930, 14768315219332, vstest.console.dll, MulticastDelegateUtilities.SafeInvoke: LengthPrefixCommunicationChannel: MessageReceived: Invoking callback 1/1 for Microsoft.VisualStudio.TestPlatform.CommunicationUtilities.TestRequestSender+<>c__DisplayClass34_0., took 0 ms.
TpTrace Verbose: 0 : 31280, 11, 2024/08/05, 00:48:19.930, 14768315221551, vstest.console.dll, TcpClientExtensions.MessageLoopAsync: Polling on remoteEndPoint: 127.0.0.1:52858 localEndPoint: 127.0.0.1:52857 after 259 ms
TpTrace Verbose: 0 : 31280, 11, 2024/08/05, 00:48:19.966, 14768315574295, vstest.console.dll, TcpClientExtensions.MessageLoopAsync: NotifyDataAvailable remoteEndPoint: 127.0.0.1:52858 localEndPoint: 127.0.0.1:52857
TpTrace Verbose: 0 : 31280, 11, 2024/08/05, 00:48:19.966, 14768315578523, vstest.console.dll, TestRequestSender.OnExecutionMessageReceived: Received message: {"Version":7,"MessageType":"TestSession.Message","Payload":{"MessageLevel":0,"Message":"Running all tests in C:\\BloodDonation\\BloodDonationBackendTest\\bin\\Debug\\net6.0\\fine-code-coverage\\build-output\\BloodDonationBackendTest.dll"}}
TpTrace Verbose: 0 : 31280, 11, 2024/08/05, 00:48:19.966, 14768315580876, vstest.console.dll, TestRunRequest:SendTestRunMessage: Starting.
TpTrace Verbose: 0 : 31280, 11, 2024/08/05, 00:48:19.966, 14768315581859, vstest.console.dll, MulticastDelegateUtilities.SafeInvoke: TestRun.LogMessages: Invoking callback 1/1 for Microsoft.VisualStudio.TestPlatform.CommandLine.TestRunResultAggregator., took 0 ms.
TpTrace Verbose: 0 : 31280, 4, 2024/08/05, 00:48:19.966, 14768315582193, vstest.console.dll, MulticastDelegateUtilities.SafeInvoke: InternalTestLoggerEvents.SendTestRunMessage: Invoking callback 1/1 for Microsoft.VisualStudio.TestPlatform.CommandLine.Internal.ConsoleLogger., took 0 ms.
TpTrace Information: 0 : 31280, 11, 2024/08/05, 00:48:19.966, 14768315582539, vstest.console.dll, TestRunRequest:SendTestRunMessage: Completed.
TpTrace Verbose: 0 : 31280, 11, 2024/08/05, 00:48:19.967, 14768315584580, vstest.console.dll, MulticastDelegateUtilities.SafeInvoke: LengthPrefixCommunicationChannel: MessageReceived: Invoking callback 1/1 for Microsoft.VisualStudio.TestPlatform.CommunicationUtilities.TestRequestSender+<>c__DisplayClass34_0., took 0 ms.
TpTrace Verbose: 0 : 31280, 11, 2024/08/05, 00:48:19.967, 14768315585652, vstest.console.dll, TcpClientExtensions.MessageLoopAsync: Polling on remoteEndPoint: 127.0.0.1:52858 localEndPoint: 127.0.0.1:52857 after 36 ms
TpTrace Verbose: 0 : 31280, 11, 2024/08/05, 00:48:20.127, 14768317192255, vstest.console.dll, TcpClientExtensions.MessageLoopAsync: NotifyDataAvailable remoteEndPoint: 127.0.0.1:52858 localEndPoint: 127.0.0.1:52857
TpTrace Verbose: 0 : 31280, 11, 2024/08/05, 00:48:20.128, 14768317194706, vstest.console.dll, TestRequestSender.OnExecutionMessageReceived: Received message: {"Version":7,"MessageType":"TestSession.Message","Payload":{"MessageLevel":0,"Message":"   NUnit3TestExecutor discovered 35 of 35 NUnit test cases using Current Discovery mode, Non-Explicit run"}}
TpTrace Verbose: 0 : 31280, 11, 2024/08/05, 00:48:20.128, 14768317196158, vstest.console.dll, TestRunRequest:SendTestRunMessage: Starting.
TpTrace Verbose: 0 : 31280, 11, 2024/08/05, 00:48:20.128, 14768317196876, vstest.console.dll, MulticastDelegateUtilities.SafeInvoke: TestRun.LogMessages: Invoking callback 1/1 for Microsoft.VisualStudio.TestPlatform.CommandLine.TestRunResultAggregator., took 0 ms.
TpTrace Information: 0 : 31280, 11, 2024/08/05, 00:48:20.128, 14768317197362, vstest.console.dll, TestRunRequest:SendTestRunMessage: Completed.
TpTrace Verbose: 0 : 31280, 4, 2024/08/05, 00:48:20.128, 14768317197341, vstest.console.dll, MulticastDelegateUtilities.SafeInvoke: InternalTestLoggerEvents.SendTestRunMessage: Invoking callback 1/1 for Microsoft.VisualStudio.TestPlatform.CommandLine.Internal.ConsoleLogger., took 0 ms.
TpTrace Verbose: 0 : 31280, 11, 2024/08/05, 00:48:20.128, 14768317197890, vstest.console.dll, MulticastDelegateUtilities.SafeInvoke: LengthPrefixCommunicationChannel: MessageReceived: Invoking callback 1/1 for Microsoft.VisualStudio.TestPlatform.CommunicationUtilities.TestRequestSender+<>c__DisplayClass34_0., took 0 ms.
TpTrace Verbose: 0 : 31280, 11, 2024/08/05, 00:48:20.128, 14768317199138, vstest.console.dll, TcpClientExtensions.MessageLoopAsync: Polling on remoteEndPoint: 127.0.0.1:52858 localEndPoint: 127.0.0.1:52857 after 161 ms
TpTrace Verbose: 0 : 31280, 11, 2024/08/05, 00:48:21.137, 14768327284154, vstest.console.dll, TcpClientExtensions.MessageLoopAsync: Polling on remoteEndPoint: 127.0.0.1:52858 localEndPoint: 127.0.0.1:52857 after 1008 ms
TpTrace Verbose: 0 : 31280, 11, 2024/08/05, 00:48:21.357, 14768329489316, vstest.console.dll, TcpClientExtensions.MessageLoopAsync: NotifyDataAvailable remoteEndPoint: 127.0.0.1:52858 localEndPoint: 127.0.0.1:52857
TpTrace Verbose: 0 : 31280, 11, 2024/08/05, 00:48:21.358, 14768329498945, vstest.console.dll, TestRequestSender.OnExecutionMessageReceived: Received message: {"Version":7,"MessageType":"TestExecution.StatsChange","Payload":{"NewTestResults":[{"TestCase":{"Id":"d8d2be72-6454-4023-bbee-aaf7d8ea8bc7","FullyQualifiedName":"BloodDonationBackendTest.AppointmentServiceTest.CancelAppointment_ShouldCancelAppointment","DisplayName":"CancelAppointment_ShouldCancelAppointment","ExecutorUri":"executor://NUnit3TestExecutor","Source":"C:\\BloodDonation\\BloodDonationBackendTest\\bin\\Debug\\net6.0\\fine-code-coverage\\build-output\\BloodDonationBackendTest.dll","CodeFilePath":null,"LineNumber":0,"Properties":[{"Key":{"Id":"NUnit.Seed","Label":"Seed","Category":"","Description":"","Attributes":0,"ValueType":"System.String"},"Value":"504459842"}]},"Attachments":[],"Outcome":1,"ErrorMessage":null,"ErrorStackTrace":null,"DisplayName":"CancelAppointment_ShouldCancelAppointment","Messages":[],"ComputerName":"1D66JX3","Duration":"00:00:00.7805029","StartTime":"2024-08-04T19:18:20.1659127+00:00","EndTime":"2024-08-04T19:18:20.9463344+00:00","Properties":[{"Key":{"Id":"NUnit.Seed","Label":"Seed","Category":"","Description":"","Attributes":0,"ValueType":"System.String"},"Value":"504459842"}]},{"TestCase":{"Id":"541e0f4c-3842-0552-8e2d-053942fe3626","FullyQualifiedName":"BloodDonationBackendTest.AppointmentServiceTest.ReScheduleAppointment_ShouldUpdateAppointmentDate","DisplayName":"ReScheduleAppointment_ShouldUpdateAppointmentDate","ExecutorUri":"executor://NUnit3TestExecutor","Source":"C:\\BloodDonation\\BloodDonationBackendTest\\bin\\Debug\\net6.0\\fine-code-coverage\\build-output\\BloodDonationBackendTest.dll","CodeFilePath":null,"LineNumber":0,"Properties":[{"Key":{"Id":"NUnit.Seed","Label":"Seed","Category":"","Description":"","Attributes":0,"ValueType":"System.String"},"Value":"1906452687"}]},"Attachments":[],"Outcome":1,"ErrorMessage":null,"ErrorStackTrace":null,"DisplayName":"ReScheduleAppointment_ShouldUpdateAppointmentDate","Messages":[],"ComputerName":"1D66JX3","Duration":"00:00:00.0232170","StartTime":"2024-08-04T19:18:20.9478373+00:00","EndTime":"2024-08-04T19:18:20.9710536+00:00","Properties":[{"Key":{"Id":"NUnit.Seed","Label":"Seed","Category":"","Description":"","Attributes":0,"ValueType":"System.String"},"Value":"1906452687"}]},{"TestCase":{"Id":"c47ee61d-eae3-ba09-6e8a-d1ea14faaf61","FullyQualifiedName":"BloodDonationBackendTest.AppointmentServiceTest.ScheduleAppointment_ShouldThrowNotImplementedException","DisplayName":"ScheduleAppointment_ShouldThrowNotImplementedException","ExecutorUri":"executor://NUnit3TestExecutor","Source":"C:\\BloodDonation\\BloodDonationBackendTest\\bin\\Debug\\net6.0\\fine-code-coverage\\build-output\\BloodDonationBackendTest.dll","CodeFilePath":null,"LineNumber":0,"Properties":[{"Key":{"Id":"NUnit.Seed","Label":"Seed","Category":"","Description":"","Attributes":0,"ValueType":"System.String"},"Value":"1486199358"}]},"Attachments":[],"Outcome":1,"ErrorMessage":null,"ErrorStackTrace":null,"DisplayName":"ScheduleAppointment_ShouldThrowNotImplementedException","Messages":[],"ComputerName":"1D66JX3","Duration":"00:00:00.0496810","StartTime":"2024-08-04T19:18:20.9711446+00:00","EndTime":"2024-08-04T19:18:21.0208253+00:00","Properties":[{"Key":{"Id":"NUnit.Seed","Label":"Seed","Category":"","Description":"","Attributes":0,"ValueType":"System.String"},"Value":"1486199358"}]},{"TestCase":{"Id":"ea0a2010-8a04-7b6a-2e4f-a2f9c475bfe7","FullyQualifiedName":"BloodDonationBackendTest.AppointmentServiceTest.UpdateAppointment_ShouldUpdateDonorLastDonationDateAndCompleteAppointment","DisplayName":"UpdateAppointment_ShouldUpdateDonorLastDonationDateAndCompleteAppointment","ExecutorUri":"executor://NUnit3TestExecutor","Source":"C:\\BloodDonation\\BloodDonationBackendTest\\bin\\Debug\\net6.0\\fine-code-coverage\\build-output\\BloodDonationBackendTest.dll","CodeFilePath":null,"LineNumber":0,"Properties":[{"Key":{"Id":"NUnit.Seed","Label":"Seed","Category":"","Description":"","Attributes":0,"ValueType":"System.String"},"Value":"916582730"}]},"Attachments":[],"Outcome":1,"ErrorMessage":null,"ErrorStackTrace":null,"DisplayName":"UpdateAppointment_ShouldUpdateDonorLastDonationDateAndCompleteAppointment","Messages":[],"ComputerName":"1D66JX3","Duration":"00:00:00.0082510","StartTime":"2024-08-04T19:18:21.0208814+00:00","EndTime":"2024-08-04T19:18:21.0291317+00:00","Properties":[{"Key":{"Id":"NUnit.Seed","Label":"Seed","Category":"","Description":"","Attributes":0,"ValueType":"System.String"},"Value":"916582730"}]},{"TestCase":{"Id":"6058b2fd-b8a3-fdaf-e501-991dbfe44ee5","FullyQualifiedName":"BloodDonationBackendTest.BloodBankServiceTest.AddInventory_ShouldReturnAddedInventory","DisplayName":"AddInventory_ShouldReturnAddedInventory","ExecutorUri":"executor://NUnit3TestExecutor","Source":"C:\\BloodDonation\\BloodDonationBackendTest\\bin\\Debug\\net6.0\\fine-code-coverage\\build-output\\BloodDonationBackendTest.dll","CodeFilePath":null,"LineNumber":0,"Properties":[{"Key":{"Id":"NUnit.Seed","Label":"Seed","Category":"","Description":"","Attributes":0,"ValueType":"System.String"},"Value":"228249205"}]},"Attachments":[],"Outcome":2,"ErrorMessage":"System.Collections.Generic.KeyNotFoundException : Donation center not found.","ErrorStackTrace":"   at BloodDonationBackend.Services.BloodBankService.AddInventory(AddInventoryDTO updateInventoryDTO) in C:\\BloodDonation\\BloodDonationBackend\\Services\\BloodBankService.cs:line 166\r\n   at BloodDonationBackendTest.BloodBankServiceTest.AddInventory_ShouldReturnAddedInventory() in C:\\BloodDonation\\BloodDonationBackendTest\\BloodBankServiceTest.cs:line 271\r\n   at NUnit.Framework.Internal.TaskAwaitAdapter.GenericAdapter`1.GetResult()\r\n   at NUnit.Framework.Internal.AsyncToSyncAdapter.Await(Func`1 invoke)\r\n   at NUnit.Framework.Internal.Commands.TestMethodCommand.RunTestMethod(TestExecutionContext context)\r\n   at NUnit.Framework.Internal.Commands.TestMethodCommand.Execute(TestExecutionContext context)\r\n   at NUnit.Framework.Internal.Commands.BeforeAndAfterTestCommand.<>c__DisplayClass1_0.<Execute>b__0()\r\n   at NUnit.Framework.Internal.Commands.DelegatingTestCommand.RunTestMethodInThreadAbortSafeZone(TestExecutionContext context, Action action)\n","DisplayName":"AddInventory_ShouldReturnAddedInventory","Messages":[],"ComputerName":"1D66JX3","Duration":"00:00:00.2327290","StartTime":"2024-08-04T19:18:21.0343034+00:00","EndTime":"2024-08-04T19:18:21.2670317+00:00","Properties":[{"Key":{"Id":"NUnit.Seed","Label":"Seed","Category":"","Description":"","Attributes":0,"ValueType":"System.String"},"Value":"228249205"}]}],"TestRunStatistics":{"ExecutedTests":5,"Stats":{"Passed":4,"Failed":1}},"ActiveTests":[{"Id":"f719bfc6-4624-e38f-c9f2-2ffe8ad204d4","FullyQualifiedName":"BloodDonationBackendTest.BloodBankServiceTest.BloodAvailabilityInInventories_ShouldReturnAvailability","DisplayName":"BloodAvailabilityInInventories_ShouldReturnAvailability","ExecutorUri":"executor://NUnit3TestExecutor","Source":"C:\\BloodDonation\\BloodDonationBackendTest\\bin\\Debug\\net6.0\\fine-code-coverage\\build-output\\BloodDonationBackendTest.dll","CodeFilePath":null,"LineNumber":0,"Properties":[{"Key":{"Id":"NUnit.Seed","Label":"Seed","Category":"","Description":"","Attributes":0,"ValueType":"System.String"},"Value":"178155477"}]}]}}
TpTrace Verbose: 0 : 31280, 11, 2024/08/05, 00:48:21.389, 14768329804157, vstest.console.dll, TestRunRequest:SendTestRunStatsChange: Starting.
TpTrace Verbose: 0 : 31280, 11, 2024/08/05, 00:48:21.389, 14768329806729, vstest.console.dll, InProgress is BloodAvailabilityInInventories_ShouldReturnAvailability
TpTrace Verbose: 0 : 31280, 11, 2024/08/05, 00:48:21.389, 14768329812393, vstest.console.dll, MulticastDelegateUtilities.SafeInvoke: TestRun.RunStatsChanged: Invoking callbacks was skipped because there are no subscribers.
TpTrace Information: 0 : 31280, 11, 2024/08/05, 00:48:21.390, 14768329814015, vstest.console.dll, TestRunRequest:SendTestRunStatsChange: Completed.
TpTrace Verbose: 0 : 31280, 11, 2024/08/05, 00:48:21.390, 14768329818018, vstest.console.dll, MulticastDelegateUtilities.SafeInvoke: LengthPrefixCommunicationChannel: MessageReceived: Invoking callback 1/1 for Microsoft.VisualStudio.TestPlatform.CommunicationUtilities.TestRequestSender+<>c__DisplayClass34_0., took 31 ms.
TpTrace Verbose: 0 : 31280, 11, 2024/08/05, 00:48:21.390, 14768329819677, vstest.console.dll, TcpClientExtensions.MessageLoopAsync: Polling on remoteEndPoint: 127.0.0.1:52858 localEndPoint: 127.0.0.1:52857 after 253 ms
TpTrace Verbose: 0 : 31280, 4, 2024/08/05, 00:48:21.393, 14768329843752, vstest.console.dll, MulticastDelegateUtilities.SafeInvoke: InternalTestLoggerEvents.SendTestResult: Invoking callback 1/1 for Microsoft.VisualStudio.TestPlatform.CommandLine.Internal.ConsoleLogger., took 3 ms.
TpTrace Verbose: 0 : 31280, 4, 2024/08/05, 00:48:21.393, 14768329847940, vstest.console.dll, MulticastDelegateUtilities.SafeInvoke: InternalTestLoggerEvents.SendTestResult: Invoking callback 1/1 for Microsoft.VisualStudio.TestPlatform.CommandLine.Internal.ConsoleLogger., took 0 ms.
TpTrace Verbose: 0 : 31280, 4, 2024/08/05, 00:48:21.393, 14768329848934, vstest.console.dll, MulticastDelegateUtilities.SafeInvoke: InternalTestLoggerEvents.SendTestResult: Invoking callback 1/1 for Microsoft.VisualStudio.TestPlatform.CommandLine.Internal.ConsoleLogger., took 0 ms.
TpTrace Verbose: 0 : 31280, 4, 2024/08/05, 00:48:21.393, 14768329849447, vstest.console.dll, MulticastDelegateUtilities.SafeInvoke: InternalTestLoggerEvents.SendTestResult: Invoking callback 1/1 for Microsoft.VisualStudio.TestPlatform.CommandLine.Internal.ConsoleLogger., took 0 ms.
TpTrace Verbose: 0 : 31280, 4, 2024/08/05, 00:48:21.394, 14768329855682, vstest.console.dll, MulticastDelegateUtilities.SafeInvoke: InternalTestLoggerEvents.SendTestResult: Invoking callback 1/1 for Microsoft.VisualStudio.TestPlatform.CommandLine.Internal.ConsoleLogger., took 0 ms.
TpTrace Verbose: 0 : 31280, 11, 2024/08/05, 00:48:21.541, 14768331331791, vstest.console.dll, TcpClientExtensions.MessageLoopAsync: NotifyDataAvailable remoteEndPoint: 127.0.0.1:52858 localEndPoint: 127.0.0.1:52857
TpTrace Verbose: 0 : 31280, 11, 2024/08/05, 00:48:21.542, 14768331342203, vstest.console.dll, TestRequestSender.OnExecutionMessageReceived: Received message: {"Version":7,"MessageType":"TestExecution.StatsChange","Payload":{"NewTestResults":[{"TestCase":{"Id":"f719bfc6-4624-e38f-c9f2-2ffe8ad204d4","FullyQualifiedName":"BloodDonationBackendTest.BloodBankServiceTest.BloodAvailabilityInInventories_ShouldReturnAvailability","DisplayName":"BloodAvailabilityInInventories_ShouldReturnAvailability","ExecutorUri":"executor://NUnit3TestExecutor","Source":"C:\\BloodDonation\\BloodDonationBackendTest\\bin\\Debug\\net6.0\\fine-code-coverage\\build-output\\BloodDonationBackendTest.dll","CodeFilePath":null,"LineNumber":0,"Properties":[{"Key":{"Id":"NUnit.Seed","Label":"Seed","Category":"","Description":"","Attributes":0,"ValueType":"System.String"},"Value":"178155477"}]},"Attachments":[],"Outcome":2,"ErrorMessage":"Microsoft.EntityFrameworkCore.DbUpdateException : Required properties '{'Address', 'ContactInfo', 'District', 'Name', 'OperatingHours', 'Pincode', 'state'}' are missing for the instance of entity type 'DonationCenter'. Consider using 'DbContextOptionsBuilder.EnableSensitiveDataLogging' to see the entity key value.","ErrorStackTrace":"   at Microsoft.EntityFrameworkCore.InMemory.Storage.Internal.InMemoryTable`1.ThrowNullabilityErrorException(IUpdateEntry entry, IList`1 nullabilityErrors)\r\n   at Microsoft.EntityFrameworkCore.InMemory.Storage.Internal.InMemoryTable`1.Create(IUpdateEntry entry)\r\n   at Microsoft.EntityFrameworkCore.InMemory.Storage.Internal.InMemoryStore.ExecuteTransaction(IList`1 entries, IDiagnosticsLogger`1 updateLogger)\r\n   at Microsoft.EntityFrameworkCore.InMemory.Storage.Internal.InMemoryDatabase.SaveChangesAsync(IList`1 entries, CancellationToken cancellationToken)\r\n   at Microsoft.EntityFrameworkCore.ChangeTracking.Internal.StateManager.SaveChangesAsync(IList`1 entriesToSave, CancellationToken cancellationToken)\r\n   at Microsoft.EntityFrameworkCore.ChangeTracking.Internal.StateManager.SaveChangesAsync(StateManager stateManager, Boolean acceptAllChangesOnSuccess, CancellationToken cancellationToken)\r\n   at Microsoft.EntityFrameworkCore.DbContext.SaveChangesAsync(Boolean acceptAllChangesOnSuccess, CancellationToken cancellationToken)\r\n   at Microsoft.EntityFrameworkCore.DbContext.SaveChangesAsync(Boolean acceptAllChangesOnSuccess, CancellationToken cancellationToken)\r\n   at BloodDonationBackendTest.BloodBankServiceTest.BloodAvailabilityInInventories_ShouldReturnAvailability() in C:\\BloodDonation\\BloodDonationBackendTest\\BloodBankServiceTest.cs:line 216\r\n   at NUnit.Framework.Internal.TaskAwaitAdapter.GenericAdapter`1.GetResult()\r\n   at NUnit.Framework.Internal.AsyncToSyncAdapter.Await(Func`1 invoke)\r\n   at NUnit.Framework.Internal.Commands.TestMethodCommand.RunTestMethod(TestExecutionContext context)\r\n   at NUnit.Framework.Internal.Commands.TestMethodCommand.Execute(TestExecutionContext context)\r\n   at NUnit.Framework.Internal.Commands.BeforeAndAfterTestCommand.<>c__DisplayClass1_0.<Execute>b__0()\r\n   at NUnit.Framework.Internal.Commands.DelegatingTestCommand.RunTestMethodInThreadAbortSafeZone(TestExecutionContext context, Action action)\n","DisplayName":"BloodAvailabilityInInventories_ShouldReturnAvailability","Messages":[],"ComputerName":"1D66JX3","Duration":"00:00:00.1302590","StartTime":"2024-08-04T19:18:21.2708685+00:00","EndTime":"2024-08-04T19:18:21.4011281+00:00","Properties":[{"Key":{"Id":"NUnit.Seed","Label":"Seed","Category":"","Description":"","Attributes":0,"ValueType":"System.String"},"Value":"178155477"}]},{"TestCase":{"Id":"d3736b7c-4421-836c-3290-32d70f4ee952","FullyQualifiedName":"BloodDonationBackendTest.BloodBankServiceTest.CancelAppointment_ShouldReturnCancelledStatus","DisplayName":"CancelAppointment_ShouldReturnCancelledStatus","ExecutorUri":"executor://NUnit3TestExecutor","Source":"C:\\BloodDonation\\BloodDonationBackendTest\\bin\\Debug\\net6.0\\fine-code-coverage\\build-output\\BloodDonationBackendTest.dll","CodeFilePath":null,"LineNumber":0,"Properties":[{"Key":{"Id":"NUnit.Seed","Label":"Seed","Category":"","Description":"","Attributes":0,"ValueType":"System.String"},"Value":"335714714"}]},"Attachments":[],"Outcome":1,"ErrorMessage":null,"ErrorStackTrace":null,"DisplayName":"CancelAppointment_ShouldReturnCancelledStatus","Messages":[],"ComputerName":"1D66JX3","Duration":"00:00:00.0036240","StartTime":"2024-08-04T19:18:21.4011814+00:00","EndTime":"2024-08-04T19:18:21.4048053+00:00","Properties":[{"Key":{"Id":"NUnit.Seed","Label":"Seed","Category":"","Description":"","Attributes":0,"ValueType":"System.String"},"Value":"335714714"}]},{"TestCase":{"Id":"e5fdf8fa-798a-1d09-78df-abf71bbdb78c","FullyQualifiedName":"BloodDonationBackendTest.BloodBankServiceTest.Getappointmentsbyid_ShouldReturnAppointments","DisplayName":"Getappointmentsbyid_ShouldReturnAppointments","ExecutorUri":"executor://NUnit3TestExecutor","Source":"C:\\BloodDonation\\BloodDonationBackendTest\\bin\\Debug\\net6.0\\fine-code-coverage\\build-output\\BloodDonationBackendTest.dll","CodeFilePath":null,"LineNumber":0,"Properties":[{"Key":{"Id":"NUnit.Seed","Label":"Seed","Category":"","Description":"","Attributes":0,"ValueType":"System.String"},"Value":"63296867"}]},"Attachments":[],"Outcome":2,"ErrorMessage":"Microsoft.EntityFrameworkCore.DbUpdateException : Required properties '{'Location', 'Status'}' are missing for the instance of entity type 'Appointment'. Consider using 'DbContextOptionsBuilder.EnableSensitiveDataLogging' to see the entity key value.","ErrorStackTrace":"   at Microsoft.EntityFrameworkCore.InMemory.Storage.Internal.InMemoryTable`1.ThrowNullabilityErrorException(IUpdateEntry entry, IList`1 nullabilityErrors)\r\n   at Microsoft.EntityFrameworkCore.InMemory.Storage.Internal.InMemoryTable`1.Create(IUpdateEntry entry)\r\n   at Microsoft.EntityFrameworkCore.InMemory.Storage.Internal.InMemoryStore.ExecuteTransaction(IList`1 entries, IDiagnosticsLogger`1 updateLogger)\r\n   at Microsoft.EntityFrameworkCore.InMemory.Storage.Internal.InMemoryDatabase.SaveChangesAsync(IList`1 entries, CancellationToken cancellationToken)\r\n   at Microsoft.EntityFrameworkCore.ChangeTracking.Internal.StateManager.SaveChangesAsync(IList`1 entriesToSave, CancellationToken cancellationToken)\r\n   at Microsoft.EntityFrameworkCore.ChangeTracking.Internal.StateManager.SaveChangesAsync(StateManager stateManager, Boolean acceptAllChangesOnSuccess, CancellationToken cancellationToken)\r\n   at Microsoft.EntityFrameworkCore.DbContext.SaveChangesAsync(Boolean acceptAllChangesOnSuccess, CancellationToken cancellationToken)\r\n   at Microsoft.EntityFrameworkCore.DbContext.SaveChangesAsync(Boolean acceptAllChangesOnSuccess, CancellationToken cancellationToken)\r\n   at BloodDonationBackendTest.BloodBankServiceTest.Getappointmentsbyid_ShouldReturnAppointments() in C:\\BloodDonation\\BloodDonationBackendTest\\BloodBankServiceTest.cs:line 197\r\n   at NUnit.Framework.Internal.TaskAwaitAdapter.GenericAdapter`1.GetResult()\r\n   at NUnit.Framework.Internal.AsyncToSyncAdapter.Await(Func`1 invoke)\r\n   at NUnit.Framework.Internal.Commands.TestMethodCommand.RunTestMethod(TestExecutionContext context)\r\n   at NUnit.Framework.Internal.Commands.TestMethodCommand.Execute(TestExecutionContext context)\r\n   at NUnit.Framework.Internal.Commands.BeforeAndAfterTestCommand.<>c__DisplayClass1_0.<Execute>b__0()\r\n   at NUnit.Framework.Internal.Commands.DelegatingTestCommand.RunTestMethodInThreadAbortSafeZone(TestExecutionContext context, Action action)\n","DisplayName":"Getappointmentsbyid_ShouldReturnAppointments","Messages":[],"ComputerName":"1D66JX3","Duration":"00:00:00.0139340","StartTime":"2024-08-04T19:18:21.4048499+00:00","EndTime":"2024-08-04T19:18:21.4187834+00:00","Properties":[{"Key":{"Id":"NUnit.Seed","Label":"Seed","Category":"","Description":"","Attributes":0,"ValueType":"System.String"},"Value":"63296867"}]},{"TestCase":{"Id":"b61c3ca5-62b8-1f9c-0248-8985dc72c2be","FullyQualifiedName":"BloodDonationBackendTest.BloodBankServiceTest.ReScheduleAppointment_ShouldUpdateAppointmentDate","DisplayName":"ReScheduleAppointment_ShouldUpdateAppointmentDate","ExecutorUri":"executor://NUnit3TestExecutor","Source":"C:\\BloodDonation\\BloodDonationBackendTest\\bin\\Debug\\net6.0\\fine-code-coverage\\build-output\\BloodDonationBackendTest.dll","CodeFilePath":null,"LineNumber":0,"Properties":[{"Key":{"Id":"NUnit.Seed","Label":"Seed","Category":"","Description":"","Attributes":0,"ValueType":"System.String"},"Value":"2130904491"}]},"Attachments":[],"Outcome":1,"ErrorMessage":null,"ErrorStackTrace":null,"DisplayName":"ReScheduleAppointment_ShouldUpdateAppointmentDate","Messages":[],"ComputerName":"1D66JX3","Duration":"00:00:00.0021230","StartTime":"2024-08-04T19:18:21.4188219+00:00","EndTime":"2024-08-04T19:18:21.4209442+00:00","Properties":[{"Key":{"Id":"NUnit.Seed","Label":"Seed","Category":"","Description":"","Attributes":0,"ValueType":"System.String"},"Value":"2130904491"}]},{"TestCase":{"Id":"6d3a609f-fdfa-c95d-710a-a492528208a2","FullyQualifiedName":"BloodDonationBackendTest.BloodBankServiceTest.UpdateAppointment_ShouldUpdateInventoryAndReturnResult","DisplayName":"UpdateAppointment_ShouldUpdateInventoryAndReturnResult","ExecutorUri":"executor://NUnit3TestExecutor","Source":"C:\\BloodDonation\\BloodDonationBackendTest\\bin\\Debug\\net6.0\\fine-code-coverage\\build-output\\BloodDonationBackendTest.dll","CodeFilePath":null,"LineNumber":0,"Properties":[{"Key":{"Id":"NUnit.Seed","Label":"Seed","Category":"","Description":"","Attributes":0,"ValueType":"System.String"},"Value":"717858402"}]},"Attachments":[],"Outcome":2,"ErrorMessage":"Moq.MockException : \r\nExpected invocation on the mock once, but was 0 times: repo => repo.Update(It.IsAny<BloodInventory>())\r\n\r\nPerformed invocations:\r\n\r\n   Mock<IRepository<int, BloodInventory>:6> (repo):\r\n\r\n      IRepository<int, BloodInventory>.Add(BloodInventory)\r\n","ErrorStackTrace":"   at Moq.Mock.Verify(Mock mock, LambdaExpression expression, Times times, String failMessage) in /_/src/Moq/Mock.cs:line 331\r\n   at Moq.Mock`1.Verify[TResult](Expression`1 expression, Func`1 times) in /_/src/Moq/Mock`1.cs:line 1033\r\n   at BloodDonationBackendTest.BloodBankServiceTest.UpdateAppointment_ShouldUpdateInventoryAndReturnResult() in C:\\BloodDonation\\BloodDonationBackendTest\\BloodBankServiceTest.cs:line 140\r\n   at NUnit.Framework.Internal.TaskAwaitAdapter.GenericAdapter`1.GetResult()\r\n   at NUnit.Framework.Internal.AsyncToSyncAdapter.Await(Func`1 invoke)\r\n   at NUnit.Framework.Internal.Commands.TestMethodCommand.RunTestMethod(TestExecutionContext context)\r\n   at NUnit.Framework.Internal.Commands.TestMethodCommand.Execute(TestExecutionContext context)\r\n   at NUnit.Framework.Internal.Commands.BeforeAndAfterTestCommand.<>c__DisplayClass1_0.<Execute>b__0()\r\n   at NUnit.Framework.Internal.Commands.DelegatingTestCommand.RunTestMethodInThreadAbortSafeZone(TestExecutionContext context, Action action)\n","DisplayName":"UpdateAppointment_ShouldUpdateInventoryAndReturnResult","Messages":[],"ComputerName":"1D66JX3","Duration":"00:00:00.0410680","StartTime":"2024-08-04T19:18:21.4209708+00:00","EndTime":"2024-08-04T19:18:21.4620382+00:00","Properties":[{"Key":{"Id":"NUnit.Seed","Label":"Seed","Category":"","Description":"","Attributes":0,"ValueType":"System.String"},"Value":"717858402"}]},{"TestCase":{"Id":"40037120-cb4a-44db-9cbd-ba53648af6cb","FullyQualifiedName":"BloodDonationBackendTest.BloodBankServiceTest.UpdateInventory_ShouldReturnUpdatedInventory","DisplayName":"UpdateInventory_ShouldReturnUpdatedInventory","ExecutorUri":"executor://NUnit3TestExecutor","Source":"C:\\BloodDonation\\BloodDonationBackendTest\\bin\\Debug\\net6.0\\fine-code-coverage\\build-output\\BloodDonationBackendTest.dll","CodeFilePath":null,"LineNumber":0,"Properties":[{"Key":{"Id":"NUnit.Seed","Label":"Seed","Category":"","Description":"","Attributes":0,"ValueType":"System.String"},"Value":"838255326"}]},"Attachments":[],"Outcome":2,"ErrorMessage":"System.NullReferenceException : Object reference not set to an instance of an object.","ErrorStackTrace":"   at BloodDonationBackendTest.BloodBankServiceTest.UpdateInventory_ShouldReturnUpdatedInventory() in C:\\BloodDonation\\BloodDonationBackendTest\\BloodBankServiceTest.cs:line 252\r\n   at NUnit.Framework.Internal.TaskAwaitAdapter.GenericAdapter`1.GetResult()\r\n   at NUnit.Framework.Internal.AsyncToSyncAdapter.Await(Func`1 invoke)\r\n   at NUnit.Framework.Internal.Commands.TestMethodCommand.RunTestMethod(TestExecutionContext context)\r\n   at NUnit.Framework.Internal.Commands.TestMethodCommand.Execute(TestExecutionContext context)\r\n   at NUnit.Framework.Internal.Commands.BeforeAndAfterTestCommand.<>c__DisplayClass1_0.<Execute>b__0()\r\n   at NUnit.Framework.Internal.Commands.DelegatingTestCommand.RunTestMethodInThreadAbortSafeZone(TestExecutionContext context, Action action)\n","DisplayName":"UpdateInventory_ShouldReturnUpdatedInventory","Messages":[],"ComputerName":"1D66JX3","Duration":"00:00:00.0088880","StartTime":"2024-08-04T19:18:21.4620769+00:00","EndTime":"2024-08-04T19:18:21.4709639+00:00","Properties":[{"Key":{"Id":"NUnit.Seed","Label":"Seed","Category":"","Description":"","Attributes":0,"ValueType":"System.String"},"Value":"838255326"}]},{"TestCase":{"Id":"5c76242e-abec-6f56-f351-f4ec925529ce","FullyQualifiedName":"BloodDonationBackendTest.BloodBankServiceTest.ViewAppointments_ShouldReturnAppointments","DisplayName":"ViewAppointments_ShouldReturnAppointments","ExecutorUri":"executor://NUnit3TestExecutor","Source":"C:\\BloodDonation\\BloodDonationBackendTest\\bin\\Debug\\net6.0\\fine-code-coverage\\build-output\\BloodDonationBackendTest.dll","CodeFilePath":null,"LineNumber":0,"Properties":[{"Key":{"Id":"NUnit.Seed","Label":"Seed","Category":"","Description":"","Attributes":0,"ValueType":"System.String"},"Value":"1124141951"}]},"Attachments":[],"Outcome":2,"ErrorMessage":"Microsoft.EntityFrameworkCore.DbUpdateException : Required properties '{'Address', 'ContactInfo', 'District', 'Name', 'OperatingHours', 'Pincode', 'state'}' are missing for the instance of entity type 'DonationCenter'. Consider using 'DbContextOptionsBuilder.EnableSensitiveDataLogging' to see the entity key value.","ErrorStackTrace":"   at Microsoft.EntityFrameworkCore.InMemory.Storage.Internal.InMemoryTable`1.ThrowNullabilityErrorException(IUpdateEntry entry, IList`1 nullabilityErrors)\r\n   at Microsoft.EntityFrameworkCore.InMemory.Storage.Internal.InMemoryTable`1.Create(IUpdateEntry entry)\r\n   at Microsoft.EntityFrameworkCore.InMemory.Storage.Internal.InMemoryStore.ExecuteTransaction(IList`1 entries, IDiagnosticsLogger`1 updateLogger)\r\n   at Microsoft.EntityFrameworkCore.InMemory.Storage.Internal.InMemoryDatabase.SaveChangesAsync(IList`1 entries, CancellationToken cancellationToken)\r\n   at Microsoft.EntityFrameworkCore.ChangeTracking.Internal.StateManager.SaveChangesAsync(IList`1 entriesToSave, CancellationToken cancellationToken)\r\n   at Microsoft.EntityFrameworkCore.ChangeTracking.Internal.StateManager.SaveChangesAsync(StateManager stateManager, Boolean acceptAllChangesOnSuccess, CancellationToken cancellationToken)\r\n   at Microsoft.EntityFrameworkCore.DbContext.SaveChangesAsync(Boolean acceptAllChangesOnSuccess, CancellationToken cancellationToken)\r\n   at Microsoft.EntityFrameworkCore.DbContext.SaveChangesAsync(Boolean acceptAllChangesOnSuccess, CancellationToken cancellationToken)\r\n   at BloodDonationBackendTest.BloodBankServiceTest.ViewAppointments_ShouldReturnAppointments() in C:\\BloodDonation\\BloodDonationBackendTest\\BloodBankServiceTest.cs:line 162\r\n   at NUnit.Framework.Internal.TaskAwaitAdapter.GenericAdapter`1.GetResult()\r\n   at NUnit.Framework.Internal.AsyncToSyncAdapter.Await(Func`1 invoke)\r\n   at NUnit.Framework.Internal.Commands.TestMethodCommand.RunTestMethod(TestExecutionContext context)\r\n   at NUnit.Framework.Internal.Commands.TestMethodCommand.Execute(TestExecutionContext context)\r\n   at NUnit.Framework.Internal.Commands.BeforeAndAfterTestCommand.<>c__DisplayClass1_0.<Execute>b__0()\r\n   at NUnit.Framework.Internal.Commands.DelegatingTestCommand.RunTestMethodInThreadAbortSafeZone(TestExecutionContext context, Action action)\n","DisplayName":"ViewAppointments_ShouldReturnAppointments","Messages":[],"ComputerName":"1D66JX3","Duration":"00:00:00.0348110","StartTime":"2024-08-04T19:18:21.471006+00:00","EndTime":"2024-08-04T19:18:21.5058162+00:00","Properties":[{"Key":{"Id":"NUnit.Seed","Label":"Seed","Category":"","Description":"","Attributes":0,"ValueType":"System.String"},"Value":"1124141951"}]},{"TestCase":{"Id":"e276f496-adae-bcc4-db08-d7ed0414d881","FullyQualifiedName":"BloodDonationBackendTest.BloodInventoryServicesTest.AddInventory_ShouldReturnAddedInventory","DisplayName":"AddInventory_ShouldReturnAddedInventory","ExecutorUri":"executor://NUnit3TestExecutor","Source":"C:\\BloodDonation\\BloodDonationBackendTest\\bin\\Debug\\net6.0\\fine-code-coverage\\build-output\\BloodDonationBackendTest.dll","CodeFilePath":null,"LineNumber":0,"Properties":[{"Key":{"Id":"NUnit.Seed","Label":"Seed","Category":"","Description":"","Attributes":0,"ValueType":"System.String"},"Value":"771826166"}]},"Attachments":[],"Outcome":1,"ErrorMessage":null,"ErrorStackTrace":null,"DisplayName":"AddInventory_ShouldReturnAddedInventory","Messages":[],"ComputerName":"1D66JX3","Duration":"00:00:00.0056940","StartTime":"2024-08-04T19:18:21.5060982+00:00","EndTime":"2024-08-04T19:18:21.5117908+00:00","Properties":[{"Key":{"Id":"NUnit.Seed","Label":"Seed","Category":"","Description":"","Attributes":0,"ValueType":"System.String"},"Value":"771826166"}]},{"TestCase":{"Id":"b9bfc660-f113-e123-1f00-755dc4868536","FullyQualifiedName":"BloodDonationBackendTest.BloodInventoryServicesTest.CheckAvailability_ShouldReturnAvailableBloodTypes","DisplayName":"CheckAvailability_ShouldReturnAvailableBloodTypes","ExecutorUri":"executor://NUnit3TestExecutor","Source":"C:\\BloodDonation\\BloodDonationBackendTest\\bin\\Debug\\net6.0\\fine-code-coverage\\build-output\\BloodDonationBackendTest.dll","CodeFilePath":null,"LineNumber":0,"Properties":[{"Key":{"Id":"NUnit.Seed","Label":"Seed","Category":"","Description":"","Attributes":0,"ValueType":"System.String"},"Value":"58599550"}]},"Attachments":[],"Outcome":1,"ErrorMessage":null,"ErrorStackTrace":null,"DisplayName":"CheckAvailability_ShouldReturnAvailableBloodTypes","Messages":[],"ComputerName":"1D66JX3","Duration":"00:00:00.0199970","StartTime":"2024-08-04T19:18:21.5118213+00:00","EndTime":"2024-08-04T19:18:21.5318174+00:00","Properties":[{"Key":{"Id":"NUnit.Seed","Label":"Seed","Category":"","Description":"","Attributes":0,"ValueType":"System.String"},"Value":"58599550"}]}],"TestRunStatistics":{"ExecutedTests":14,"Stats":{"Passed":8,"Failed":6}},"ActiveTests":[{"Id":"281dd65d-7384-10af-fcf5-f459e8cb1680","FullyQualifiedName":"BloodDonationBackendTest.BloodInventoryServicesTest.UpdateInventory_ShouldReturnUpdatedInventory","DisplayName":"UpdateInventory_ShouldReturnUpdatedInventory","ExecutorUri":"executor://NUnit3TestExecutor","Source":"C:\\BloodDonation\\BloodDonationBackendTest\\bin\\Debug\\net6.0\\fine-code-coverage\\build-output\\BloodDonationBackendTest.dll","CodeFilePath":null,"LineNumber":0,"Properties":[{"Key":{"Id":"NUnit.Seed","Label":"Seed","Category":"","Description":"","Attributes":0,"ValueType":"System.String"},"Value":"1513078171"}]}]}}
TpTrace Verbose: 0 : 31280, 11, 2024/08/05, 00:48:21.544, 14768331359061, vstest.console.dll, TestRunRequest:SendTestRunStatsChange: Starting.
TpTrace Verbose: 0 : 31280, 11, 2024/08/05, 00:48:21.544, 14768331360001, vstest.console.dll, InProgress is UpdateInventory_ShouldReturnUpdatedInventory
TpTrace Verbose: 0 : 31280, 11, 2024/08/05, 00:48:21.544, 14768331361350, vstest.console.dll, MulticastDelegateUtilities.SafeInvoke: TestRun.RunStatsChanged: Invoking callbacks was skipped because there are no subscribers.
TpTrace Information: 0 : 31280, 11, 2024/08/05, 00:48:21.544, 14768331362131, vstest.console.dll, TestRunRequest:SendTestRunStatsChange: Completed.
TpTrace Verbose: 0 : 31280, 11, 2024/08/05, 00:48:21.544, 14768331362843, vstest.console.dll, MulticastDelegateUtilities.SafeInvoke: LengthPrefixCommunicationChannel: MessageReceived: Invoking callback 1/1 for Microsoft.VisualStudio.TestPlatform.CommunicationUtilities.TestRequestSender+<>c__DisplayClass34_0., took 2 ms.
TpTrace Verbose: 0 : 31280, 11, 2024/08/05, 00:48:21.545, 14768331363342, vstest.console.dll, TcpClientExtensions.MessageLoopAsync: Polling on remoteEndPoint: 127.0.0.1:52858 localEndPoint: 127.0.0.1:52857 after 154 ms
TpTrace Verbose: 0 : 31280, 4, 2024/08/05, 00:48:21.545, 14768331364823, vstest.console.dll, MulticastDelegateUtilities.SafeInvoke: InternalTestLoggerEvents.SendTestResult: Invoking callback 1/1 for Microsoft.VisualStudio.TestPlatform.CommandLine.Internal.ConsoleLogger., took 0 ms.
TpTrace Verbose: 0 : 31280, 4, 2024/08/05, 00:48:21.545, 14768331366141, vstest.console.dll, MulticastDelegateUtilities.SafeInvoke: InternalTestLoggerEvents.SendTestResult: Invoking callback 1/1 for Microsoft.VisualStudio.TestPlatform.CommandLine.Internal.ConsoleLogger., took 0 ms.
TpTrace Verbose: 0 : 31280, 4, 2024/08/05, 00:48:21.545, 14768331369044, vstest.console.dll, MulticastDelegateUtilities.SafeInvoke: InternalTestLoggerEvents.SendTestResult: Invoking callback 1/1 for Microsoft.VisualStudio.TestPlatform.CommandLine.Internal.ConsoleLogger., took 0 ms.
TpTrace Verbose: 0 : 31280, 4, 2024/08/05, 00:48:21.545, 14768331370005, vstest.console.dll, MulticastDelegateUtilities.SafeInvoke: InternalTestLoggerEvents.SendTestResult: Invoking callback 1/1 for Microsoft.VisualStudio.TestPlatform.CommandLine.Internal.ConsoleLogger., took 0 ms.
TpTrace Verbose: 0 : 31280, 4, 2024/08/05, 00:48:21.545, 14768331372936, vstest.console.dll, MulticastDelegateUtilities.SafeInvoke: InternalTestLoggerEvents.SendTestResult: Invoking callback 1/1 for Microsoft.VisualStudio.TestPlatform.CommandLine.Internal.ConsoleLogger., took 0 ms.
TpTrace Verbose: 0 : 31280, 4, 2024/08/05, 00:48:21.546, 14768331376109, vstest.console.dll, MulticastDelegateUtilities.SafeInvoke: InternalTestLoggerEvents.SendTestResult: Invoking callback 1/1 for Microsoft.VisualStudio.TestPlatform.CommandLine.Internal.ConsoleLogger., took 0 ms.
TpTrace Verbose: 0 : 31280, 4, 2024/08/05, 00:48:21.546, 14768331379255, vstest.console.dll, MulticastDelegateUtilities.SafeInvoke: InternalTestLoggerEvents.SendTestResult: Invoking callback 1/1 for Microsoft.VisualStudio.TestPlatform.CommandLine.Internal.ConsoleLogger., took 0 ms.
TpTrace Verbose: 0 : 31280, 4, 2024/08/05, 00:48:21.546, 14768331380453, vstest.console.dll, MulticastDelegateUtilities.SafeInvoke: InternalTestLoggerEvents.SendTestResult: Invoking callback 1/1 for Microsoft.VisualStudio.TestPlatform.CommandLine.Internal.ConsoleLogger., took 0 ms.
TpTrace Verbose: 0 : 31280, 4, 2024/08/05, 00:48:21.546, 14768331382101, vstest.console.dll, MulticastDelegateUtilities.SafeInvoke: InternalTestLoggerEvents.SendTestResult: Invoking callback 1/1 for Microsoft.VisualStudio.TestPlatform.CommandLine.Internal.ConsoleLogger., took 0 ms.
TpTrace Verbose: 0 : 31280, 11, 2024/08/05, 00:48:21.666, 14768332579659, vstest.console.dll, TcpClientExtensions.MessageLoopAsync: NotifyDataAvailable remoteEndPoint: 127.0.0.1:52858 localEndPoint: 127.0.0.1:52857
TpTrace Verbose: 0 : 31280, 11, 2024/08/05, 00:48:21.667, 14768332589864, vstest.console.dll, TestRequestSender.OnExecutionMessageReceived: Received message: {"Version":7,"MessageType":"TestExecution.StatsChange","Payload":{"NewTestResults":[{"TestCase":{"Id":"281dd65d-7384-10af-fcf5-f459e8cb1680","FullyQualifiedName":"BloodDonationBackendTest.BloodInventoryServicesTest.UpdateInventory_ShouldReturnUpdatedInventory","DisplayName":"UpdateInventory_ShouldReturnUpdatedInventory","ExecutorUri":"executor://NUnit3TestExecutor","Source":"C:\\BloodDonation\\BloodDonationBackendTest\\bin\\Debug\\net6.0\\fine-code-coverage\\build-output\\BloodDonationBackendTest.dll","CodeFilePath":null,"LineNumber":0,"Properties":[{"Key":{"Id":"NUnit.Seed","Label":"Seed","Category":"","Description":"","Attributes":0,"ValueType":"System.String"},"Value":"1513078171"}]},"Attachments":[],"Outcome":1,"ErrorMessage":null,"ErrorStackTrace":null,"DisplayName":"UpdateInventory_ShouldReturnUpdatedInventory","Messages":[],"ComputerName":"1D66JX3","Duration":"00:00:00.0083800","StartTime":"2024-08-04T19:18:21.5318775+00:00","EndTime":"2024-08-04T19:18:21.5402572+00:00","Properties":[{"Key":{"Id":"NUnit.Seed","Label":"Seed","Category":"","Description":"","Attributes":0,"ValueType":"System.String"},"Value":"1513078171"}]},{"TestCase":{"Id":"12dc1a83-7cb0-275f-f62d-6ace3a9c2d8f","FullyQualifiedName":"BloodDonationBackendTest.DonorServiceTest.CancelAppointment_ShouldReturnCancellationResult","DisplayName":"CancelAppointment_ShouldReturnCancellationResult","ExecutorUri":"executor://NUnit3TestExecutor","Source":"C:\\BloodDonation\\BloodDonationBackendTest\\bin\\Debug\\net6.0\\fine-code-coverage\\build-output\\BloodDonationBackendTest.dll","CodeFilePath":null,"LineNumber":0,"Properties":[{"Key":{"Id":"NUnit.Seed","Label":"Seed","Category":"","Description":"","Attributes":0,"ValueType":"System.String"},"Value":"2104348631"}]},"Attachments":[],"Outcome":1,"ErrorMessage":null,"ErrorStackTrace":null,"DisplayName":"CancelAppointment_ShouldReturnCancellationResult","Messages":[],"ComputerName":"1D66JX3","Duration":"00:00:00.0052140","StartTime":"2024-08-04T19:18:21.5404075+00:00","EndTime":"2024-08-04T19:18:21.545621+00:00","Properties":[{"Key":{"Id":"NUnit.Seed","Label":"Seed","Category":"","Description":"","Attributes":0,"ValueType":"System.String"},"Value":"2104348631"}]},{"TestCase":{"Id":"449f95aa-c2dd-71ad-bb3c-4fb905d2efa4","FullyQualifiedName":"BloodDonationBackendTest.DonorServiceTest.GetInfo_ShouldReturnDonorAndUserInfo","DisplayName":"GetInfo_ShouldReturnDonorAndUserInfo","ExecutorUri":"executor://NUnit3TestExecutor","Source":"C:\\BloodDonation\\BloodDonationBackendTest\\bin\\Debug\\net6.0\\fine-code-coverage\\build-output\\BloodDonationBackendTest.dll","CodeFilePath":null,"LineNumber":0,"Properties":[{"Key":{"Id":"NUnit.Seed","Label":"Seed","Category":"","Description":"","Attributes":0,"ValueType":"System.String"},"Value":"1320766678"}]},"Attachments":[],"Outcome":2,"ErrorMessage":"Microsoft.EntityFrameworkCore.DbUpdateException : Required properties '{'Email', 'PhoneNumber'}' are missing for the instance of entity type 'User'. Consider using 'DbContextOptionsBuilder.EnableSensitiveDataLogging' to see the entity key value.","ErrorStackTrace":"   at Microsoft.EntityFrameworkCore.InMemory.Storage.Internal.InMemoryTable`1.ThrowNullabilityErrorException(IUpdateEntry entry, IList`1 nullabilityErrors)\r\n   at Microsoft.EntityFrameworkCore.InMemory.Storage.Internal.InMemoryTable`1.Create(IUpdateEntry entry)\r\n   at Microsoft.EntityFrameworkCore.InMemory.Storage.Internal.InMemoryStore.ExecuteTransaction(IList`1 entries, IDiagnosticsLogger`1 updateLogger)\r\n   at Microsoft.EntityFrameworkCore.InMemory.Storage.Internal.InMemoryDatabase.SaveChangesAsync(IList`1 entries, CancellationToken cancellationToken)\r\n   at Microsoft.EntityFrameworkCore.ChangeTracking.Internal.StateManager.SaveChangesAsync(IList`1 entriesToSave, CancellationToken cancellationToken)\r\n   at Microsoft.EntityFrameworkCore.ChangeTracking.Internal.StateManager.SaveChangesAsync(StateManager stateManager, Boolean acceptAllChangesOnSuccess, CancellationToken cancellationToken)\r\n   at Microsoft.EntityFrameworkCore.DbContext.SaveChangesAsync(Boolean acceptAllChangesOnSuccess, CancellationToken cancellationToken)\r\n   at Microsoft.EntityFrameworkCore.DbContext.SaveChangesAsync(Boolean acceptAllChangesOnSuccess, CancellationToken cancellationToken)\r\n   at BloodDonationBackendTest.DonorServiceTest.GetInfo_ShouldReturnDonorAndUserInfo() in C:\\BloodDonation\\BloodDonationBackendTest\\DonorServiceTest.cs:line 115\r\n   at NUnit.Framework.Internal.TaskAwaitAdapter.GenericAdapter`1.GetResult()\r\n   at NUnit.Framework.Internal.AsyncToSyncAdapter.Await(Func`1 invoke)\r\n   at NUnit.Framework.Internal.Commands.TestMethodCommand.RunTestMethod(TestExecutionContext context)\r\n   at NUnit.Framework.Internal.Commands.TestMethodCommand.Execute(TestExecutionContext context)\r\n   at NUnit.Framework.Internal.Commands.BeforeAndAfterTestCommand.<>c__DisplayClass1_0.<Execute>b__0()\r\n   at NUnit.Framework.Internal.Commands.DelegatingTestCommand.RunTestMethodInThreadAbortSafeZone(TestExecutionContext context, Action action)\n","DisplayName":"GetInfo_ShouldReturnDonorAndUserInfo","Messages":[],"ComputerName":"1D66JX3","Duration":"00:00:00.0142130","StartTime":"2024-08-04T19:18:21.5457136+00:00","EndTime":"2024-08-04T19:18:21.5599264+00:00","Properties":[{"Key":{"Id":"NUnit.Seed","Label":"Seed","Category":"","Description":"","Attributes":0,"ValueType":"System.String"},"Value":"1320766678"}]},{"TestCase":{"Id":"f907ab0b-2949-ef9e-83c1-585428f17b36","FullyQualifiedName":"BloodDonationBackendTest.DonorServiceTest.RequestInMyDistrict_ShouldReturnBloodRequests","DisplayName":"RequestInMyDistrict_ShouldReturnBloodRequests","ExecutorUri":"executor://NUnit3TestExecutor","Source":"C:\\BloodDonation\\BloodDonationBackendTest\\bin\\Debug\\net6.0\\fine-code-coverage\\build-output\\BloodDonationBackendTest.dll","CodeFilePath":null,"LineNumber":0,"Properties":[{"Key":{"Id":"NUnit.Seed","Label":"Seed","Category":"","Description":"","Attributes":0,"ValueType":"System.String"},"Value":"288913126"}]},"Attachments":[],"Outcome":2,"ErrorMessage":"Microsoft.EntityFrameworkCore.DbUpdateException : Required properties '{'Address', 'BloodType', 'Email', 'Father_Name', 'Gender', 'Name', 'PhoneNumber', 'Pincode'}' are missing for the instance of entity type 'User'. Consider using 'DbContextOptionsBuilder.EnableSensitiveDataLogging' to see the entity key value.","ErrorStackTrace":"   at Microsoft.EntityFrameworkCore.InMemory.Storage.Internal.InMemoryTable`1.ThrowNullabilityErrorException(IUpdateEntry entry, IList`1 nullabilityErrors)\r\n   at Microsoft.EntityFrameworkCore.InMemory.Storage.Internal.InMemoryTable`1.Create(IUpdateEntry entry)\r\n   at Microsoft.EntityFrameworkCore.InMemory.Storage.Internal.InMemoryStore.ExecuteTransaction(IList`1 entries, IDiagnosticsLogger`1 updateLogger)\r\n   at Microsoft.EntityFrameworkCore.InMemory.Storage.Internal.InMemoryDatabase.SaveChangesAsync(IList`1 entries, CancellationToken cancellationToken)\r\n   at Microsoft.EntityFrameworkCore.ChangeTracking.Internal.StateManager.SaveChangesAsync(IList`1 entriesToSave, CancellationToken cancellationToken)\r\n   at Microsoft.EntityFrameworkCore.ChangeTracking.Internal.StateManager.SaveChangesAsync(StateManager stateManager, Boolean acceptAllChangesOnSuccess, CancellationToken cancellationToken)\r\n   at Microsoft.EntityFrameworkCore.DbContext.SaveChangesAsync(Boolean acceptAllChangesOnSuccess, CancellationToken cancellationToken)\r\n   at Microsoft.EntityFrameworkCore.DbContext.SaveChangesAsync(Boolean acceptAllChangesOnSuccess, CancellationToken cancellationToken)\r\n   at BloodDonationBackendTest.DonorServiceTest.RequestInMyDistrict_ShouldReturnBloodRequests() in C:\\BloodDonation\\BloodDonationBackendTest\\DonorServiceTest.cs:line 215\r\n   at NUnit.Framework.Internal.TaskAwaitAdapter.GenericAdapter`1.GetResult()\r\n   at NUnit.Framework.Internal.AsyncToSyncAdapter.Await(Func`1 invoke)\r\n   at NUnit.Framework.Internal.Commands.TestMethodCommand.RunTestMethod(TestExecutionContext context)\r\n   at NUnit.Framework.Internal.Commands.TestMethodCommand.Execute(TestExecutionContext context)\r\n   at NUnit.Framework.Internal.Commands.BeforeAndAfterTestCommand.<>c__DisplayClass1_0.<Execute>b__0()\r\n   at NUnit.Framework.Internal.Commands.DelegatingTestCommand.RunTestMethodInThreadAbortSafeZone(TestExecutionContext context, Action action)\n","DisplayName":"RequestInMyDistrict_ShouldReturnBloodRequests","Messages":[],"ComputerName":"1D66JX3","Duration":"00:00:00.0368090","StartTime":"2024-08-04T19:18:21.5599627+00:00","EndTime":"2024-08-04T19:18:21.5967712+00:00","Properties":[{"Key":{"Id":"NUnit.Seed","Label":"Seed","Category":"","Description":"","Attributes":0,"ValueType":"System.String"},"Value":"288913126"}]},{"TestCase":{"Id":"856b1a37-3e11-afeb-547f-4892712089aa","FullyQualifiedName":"BloodDonationBackendTest.DonorServiceTest.ReScheduleAppointment_ShouldReturnUpdatedAppointment","DisplayName":"ReScheduleAppointment_ShouldReturnUpdatedAppointment","ExecutorUri":"executor://NUnit3TestExecutor","Source":"C:\\BloodDonation\\BloodDonationBackendTest\\bin\\Debug\\net6.0\\fine-code-coverage\\build-output\\BloodDonationBackendTest.dll","CodeFilePath":null,"LineNumber":0,"Properties":[{"Key":{"Id":"NUnit.Seed","Label":"Seed","Category":"","Description":"","Attributes":0,"ValueType":"System.String"},"Value":"1569823139"}]},"Attachments":[],"Outcome":1,"ErrorMessage":null,"ErrorStackTrace":null,"DisplayName":"ReScheduleAppointment_ShouldReturnUpdatedAppointment","Messages":[],"ComputerName":"1D66JX3","Duration":"00:00:00.0057200","StartTime":"2024-08-04T19:18:21.596989+00:00","EndTime":"2024-08-04T19:18:21.6027093+00:00","Properties":[{"Key":{"Id":"NUnit.Seed","Label":"Seed","Category":"","Description":"","Attributes":0,"ValueType":"System.String"},"Value":"1569823139"}]},{"TestCase":{"Id":"2af6ce98-e267-edbc-c679-dba99350575e","FullyQualifiedName":"BloodDonationBackendTest.DonorServiceTest.ScheduleAppointment_ShouldReturnScheduledAppointment","DisplayName":"ScheduleAppointment_ShouldReturnScheduledAppointment","ExecutorUri":"executor://NUnit3TestExecutor","Source":"C:\\BloodDonation\\BloodDonationBackendTest\\bin\\Debug\\net6.0\\fine-code-coverage\\build-output\\BloodDonationBackendTest.dll","CodeFilePath":null,"LineNumber":0,"Properties":[{"Key":{"Id":"NUnit.Seed","Label":"Seed","Category":"","Description":"","Attributes":0,"ValueType":"System.String"},"Value":"658258096"}]},"Attachments":[],"Outcome":2,"ErrorMessage":"Microsoft.EntityFrameworkCore.DbUpdateException : Required properties '{'ContactInfo', 'Name', 'OperatingHours'}' are missing for the instance of entity type 'DonationCenter'. Consider using 'DbContextOptionsBuilder.EnableSensitiveDataLogging' to see the entity key value.","ErrorStackTrace":"   at Microsoft.EntityFrameworkCore.InMemory.Storage.Internal.InMemoryTable`1.ThrowNullabilityErrorException(IUpdateEntry entry, IList`1 nullabilityErrors)\r\n   at Microsoft.EntityFrameworkCore.InMemory.Storage.Internal.InMemoryTable`1.Create(IUpdateEntry entry)\r\n   at Microsoft.EntityFrameworkCore.InMemory.Storage.Internal.InMemoryStore.ExecuteTransaction(IList`1 entries, IDiagnosticsLogger`1 updateLogger)\r\n   at Microsoft.EntityFrameworkCore.InMemory.Storage.Internal.InMemoryDatabase.SaveChangesAsync(IList`1 entries, CancellationToken cancellationToken)\r\n   at Microsoft.EntityFrameworkCore.ChangeTracking.Internal.StateManager.SaveChangesAsync(IList`1 entriesToSave, CancellationToken cancellationToken)\r\n   at Microsoft.EntityFrameworkCore.ChangeTracking.Internal.StateManager.SaveChangesAsync(StateManager stateManager, Boolean acceptAllChangesOnSuccess, CancellationToken cancellationToken)\r\n   at Microsoft.EntityFrameworkCore.DbContext.SaveChangesAsync(Boolean acceptAllChangesOnSuccess, CancellationToken cancellationToken)\r\n   at Microsoft.EntityFrameworkCore.DbContext.SaveChangesAsync(Boolean acceptAllChangesOnSuccess, CancellationToken cancellationToken)\r\n   at BloodDonationBackendTest.DonorServiceTest.ScheduleAppointment_ShouldReturnScheduledAppointment() in C:\\BloodDonation\\BloodDonationBackendTest\\DonorServiceTest.cs:line 69\r\n   at NUnit.Framework.Internal.TaskAwaitAdapter.GenericAdapter`1.GetResult()\r\n   at NUnit.Framework.Internal.AsyncToSyncAdapter.Await(Func`1 invoke)\r\n   at NUnit.Framework.Internal.Commands.TestMethodCommand.RunTestMethod(TestExecutionContext context)\r\n   at NUnit.Framework.Internal.Commands.TestMethodCommand.Execute(TestExecutionContext context)\r\n   at NUnit.Framework.Internal.Commands.BeforeAndAfterTestCommand.<>c__DisplayClass1_0.<Execute>b__0()\r\n   at NUnit.Framework.Internal.Commands.DelegatingTestCommand.RunTestMethodInThreadAbortSafeZone(TestExecutionContext context, Action action)\n","DisplayName":"ScheduleAppointment_ShouldReturnScheduledAppointment","Messages":[],"ComputerName":"1D66JX3","Duration":"00:00:00.0056910","StartTime":"2024-08-04T19:18:21.6038533+00:00","EndTime":"2024-08-04T19:18:21.6095437+00:00","Properties":[{"Key":{"Id":"NUnit.Seed","Label":"Seed","Category":"","Description":"","Attributes":0,"ValueType":"System.String"},"Value":"658258096"}]},{"TestCase":{"Id":"60e2e9cd-274a-1df8-4d29-41b29a838410","FullyQualifiedName":"BloodDonationBackendTest.DonorServiceTest.SearchDonationCenter_ShouldReturnMatchingCenters","DisplayName":"SearchDonationCenter_ShouldReturnMatchingCenters","ExecutorUri":"executor://NUnit3TestExecutor","Source":"C:\\BloodDonation\\BloodDonationBackendTest\\bin\\Debug\\net6.0\\fine-code-coverage\\build-output\\BloodDonationBackendTest.dll","CodeFilePath":null,"LineNumber":0,"Properties":[{"Key":{"Id":"NUnit.Seed","Label":"Seed","Category":"","Description":"","Attributes":0,"ValueType":"System.String"},"Value":"953379402"}]},"Attachments":[],"Outcome":2,"ErrorMessage":"Microsoft.EntityFrameworkCore.DbUpdateException : Required properties '{'Pincode'}' are missing for the instance of entity type 'DonationCenter'. Consider using 'DbContextOptionsBuilder.EnableSensitiveDataLogging' to see the entity key value.","ErrorStackTrace":"   at Microsoft.EntityFrameworkCore.InMemory.Storage.Internal.InMemoryTable`1.ThrowNullabilityErrorException(IUpdateEntry entry, IList`1 nullabilityErrors)\r\n   at Microsoft.EntityFrameworkCore.InMemory.Storage.Internal.InMemoryTable`1.Create(IUpdateEntry entry)\r\n   at Microsoft.EntityFrameworkCore.InMemory.Storage.Internal.InMemoryStore.ExecuteTransaction(IList`1 entries, IDiagnosticsLogger`1 updateLogger)\r\n   at Microsoft.EntityFrameworkCore.InMemory.Storage.Internal.InMemoryDatabase.SaveChangesAsync(IList`1 entries, CancellationToken cancellationToken)\r\n   at Microsoft.EntityFrameworkCore.ChangeTracking.Internal.StateManager.SaveChangesAsync(IList`1 entriesToSave, CancellationToken cancellationToken)\r\n   at Microsoft.EntityFrameworkCore.ChangeTracking.Internal.StateManager.SaveChangesAsync(StateManager stateManager, Boolean acceptAllChangesOnSuccess, CancellationToken cancellationToken)\r\n   at Microsoft.EntityFrameworkCore.DbContext.SaveChangesAsync(Boolean acceptAllChangesOnSuccess, CancellationToken cancellationToken)\r\n   at Microsoft.EntityFrameworkCore.DbContext.SaveChangesAsync(Boolean acceptAllChangesOnSuccess, CancellationToken cancellationToken)\r\n   at BloodDonationBackendTest.DonorServiceTest.SearchDonationCenter_ShouldReturnMatchingCenters() in C:\\BloodDonation\\BloodDonationBackendTest\\DonorServiceTest.cs:line 95\r\n   at NUnit.Framework.Internal.TaskAwaitAdapter.GenericAdapter`1.GetResult()\r\n   at NUnit.Framework.Internal.AsyncToSyncAdapter.Await(Func`1 invoke)\r\n   at NUnit.Framework.Internal.Commands.TestMethodCommand.RunTestMethod(TestExecutionContext context)\r\n   at NUnit.Framework.Internal.Commands.TestMethodCommand.Execute(TestExecutionContext context)\r\n   at NUnit.Framework.Internal.Commands.BeforeAndAfterTestCommand.<>c__DisplayClass1_0.<Execute>b__0()\r\n   at NUnit.Framework.Internal.Commands.DelegatingTestCommand.RunTestMethodInThreadAbortSafeZone(TestExecutionContext context, Action action)\n","DisplayName":"SearchDonationCenter_ShouldReturnMatchingCenters","Messages":[],"ComputerName":"1D66JX3","Duration":"00:00:00.0097100","StartTime":"2024-08-04T19:18:21.6113462+00:00","EndTime":"2024-08-04T19:18:21.6210566+00:00","Properties":[{"Key":{"Id":"NUnit.Seed","Label":"Seed","Category":"","Description":"","Attributes":0,"ValueType":"System.String"},"Value":"953379402"}]},{"TestCase":{"Id":"c55b0f7d-9b6f-4914-c8f2-b100b0c55f9a","FullyQualifiedName":"BloodDonationBackendTest.DonorServiceTest.UpdateInfo_ShouldReturnUpdatedDonorAndUserInfo","DisplayName":"UpdateInfo_ShouldReturnUpdatedDonorAndUserInfo","ExecutorUri":"executor://NUnit3TestExecutor","Source":"C:\\BloodDonation\\BloodDonationBackendTest\\bin\\Debug\\net6.0\\fine-code-coverage\\build-output\\BloodDonationBackendTest.dll","CodeFilePath":null,"LineNumber":0,"Properties":[{"Key":{"Id":"NUnit.Seed","Label":"Seed","Category":"","Description":"","Attributes":0,"ValueType":"System.String"},"Value":"961069967"}]},"Attachments":[],"Outcome":2,"ErrorMessage":"Microsoft.EntityFrameworkCore.DbUpdateException : Required properties '{'Email', 'PhoneNumber'}' are missing for the instance of entity type 'User'. Consider using 'DbContextOptionsBuilder.EnableSensitiveDataLogging' to see the entity key value.","ErrorStackTrace":"   at Microsoft.EntityFrameworkCore.InMemory.Storage.Internal.InMemoryTable`1.ThrowNullabilityErrorException(IUpdateEntry entry, IList`1 nullabilityErrors)\r\n   at Microsoft.EntityFrameworkCore.InMemory.Storage.Internal.InMemoryTable`1.Create(IUpdateEntry entry)\r\n   at Microsoft.EntityFrameworkCore.InMemory.Storage.Internal.InMemoryStore.ExecuteTransaction(IList`1 entries, IDiagnosticsLogger`1 updateLogger)\r\n   at Microsoft.EntityFrameworkCore.InMemory.Storage.Internal.InMemoryDatabase.SaveChangesAsync(IList`1 entries, CancellationToken cancellationToken)\r\n   at Microsoft.EntityFrameworkCore.ChangeTracking.Internal.StateManager.SaveChangesAsync(IList`1 entriesToSave, CancellationToken cancellationToken)\r\n   at Microsoft.EntityFrameworkCore.ChangeTracking.Internal.StateManager.SaveChangesAsync(StateManager stateManager, Boolean acceptAllChangesOnSuccess, CancellationToken cancellationToken)\r\n   at Microsoft.EntityFrameworkCore.DbContext.SaveChangesAsync(Boolean acceptAllChangesOnSuccess, CancellationToken cancellationToken)\r\n   at Microsoft.EntityFrameworkCore.DbContext.SaveChangesAsync(Boolean acceptAllChangesOnSuccess, CancellationToken cancellationToken)\r\n   at BloodDonationBackendTest.DonorServiceTest.UpdateInfo_ShouldReturnUpdatedDonorAndUserInfo() in C:\\BloodDonation\\BloodDonationBackendTest\\DonorServiceTest.cs:line 139\r\n   at NUnit.Framework.Internal.TaskAwaitAdapter.GenericAdapter`1.GetResult()\r\n   at NUnit.Framework.Internal.AsyncToSyncAdapter.Await(Func`1 invoke)\r\n   at NUnit.Framework.Internal.Commands.TestMethodCommand.RunTestMethod(TestExecutionContext context)\r\n   at NUnit.Framework.Internal.Commands.TestMethodCommand.Execute(TestExecutionContext context)\r\n   at NUnit.Framework.Internal.Commands.BeforeAndAfterTestCommand.<>c__DisplayClass1_0.<Execute>b__0()\r\n   at NUnit.Framework.Internal.Commands.DelegatingTestCommand.RunTestMethodInThreadAbortSafeZone(TestExecutionContext context, Action action)\n","DisplayName":"UpdateInfo_ShouldReturnUpdatedDonorAndUserInfo","Messages":[],"ComputerName":"1D66JX3","Duration":"00:00:00.0098540","StartTime":"2024-08-04T19:18:21.6224718+00:00","EndTime":"2024-08-04T19:18:21.6323255+00:00","Properties":[{"Key":{"Id":"NUnit.Seed","Label":"Seed","Category":"","Description":"","Attributes":0,"ValueType":"System.String"},"Value":"961069967"}]},{"TestCase":{"Id":"fdb6c995-8108-2ed2-75a7-5d93896d66e4","FullyQualifiedName":"BloodDonationBackendTest.DonorServiceTest.ViewAppointments_ShouldReturnAppointments","DisplayName":"ViewAppointments_ShouldReturnAppointments","ExecutorUri":"executor://NUnit3TestExecutor","Source":"C:\\BloodDonation\\BloodDonationBackendTest\\bin\\Debug\\net6.0\\fine-code-coverage\\build-output\\BloodDonationBackendTest.dll","CodeFilePath":null,"LineNumber":0,"Properties":[{"Key":{"Id":"NUnit.Seed","Label":"Seed","Category":"","Description":"","Attributes":0,"ValueType":"System.String"},"Value":"1324693754"}]},"Attachments":[],"Outcome":1,"ErrorMessage":null,"ErrorStackTrace":null,"DisplayName":"ViewAppointments_ShouldReturnAppointments","Messages":[],"ComputerName":"1D66JX3","Duration":"00:00:00.0276180","StartTime":"2024-08-04T19:18:21.6338991+00:00","EndTime":"2024-08-04T19:18:21.6615177+00:00","Properties":[{"Key":{"Id":"NUnit.Seed","Label":"Seed","Category":"","Description":"","Attributes":0,"ValueType":"System.String"},"Value":"1324693754"}]}],"TestRunStatistics":{"ExecutedTests":23,"Stats":{"Passed":12,"Failed":11}},"ActiveTests":[{"Id":"a370ec59-5c98-58c6-c318-546155b26219","FullyQualifiedName":"BloodDonationBackendTest.RecipientServiceTests.ApproveRequest_ShouldReturnUpdatedBloodRequest","DisplayName":"ApproveRequest_ShouldReturnUpdatedBloodRequest","ExecutorUri":"executor://NUnit3TestExecutor","Source":"C:\\BloodDonation\\BloodDonationBackendTest\\bin\\Debug\\net6.0\\fine-code-coverage\\build-output\\BloodDonationBackendTest.dll","CodeFilePath":null,"LineNumber":0,"Properties":[{"Key":{"Id":"NUnit.Seed","Label":"Seed","Category":"","Description":"","Attributes":0,"ValueType":"System.String"},"Value":"1875051443"}]}]}}
TpTrace Verbose: 0 : 31280, 11, 2024/08/05, 00:48:21.669, 14768332613197, vstest.console.dll, TestRunRequest:SendTestRunStatsChange: Starting.
TpTrace Verbose: 0 : 31280, 11, 2024/08/05, 00:48:21.670, 14768332614510, vstest.console.dll, InProgress is ApproveRequest_ShouldReturnUpdatedBloodRequest
TpTrace Verbose: 0 : 31280, 11, 2024/08/05, 00:48:21.670, 14768332616019, vstest.console.dll, MulticastDelegateUtilities.SafeInvoke: TestRun.RunStatsChanged: Invoking callbacks was skipped because there are no subscribers.
TpTrace Information: 0 : 31280, 11, 2024/08/05, 00:48:21.670, 14768332616645, vstest.console.dll, TestRunRequest:SendTestRunStatsChange: Completed.
TpTrace Verbose: 0 : 31280, 11, 2024/08/05, 00:48:21.670, 14768332617224, vstest.console.dll, MulticastDelegateUtilities.SafeInvoke: LengthPrefixCommunicationChannel: MessageReceived: Invoking callback 1/1 for Microsoft.VisualStudio.TestPlatform.CommunicationUtilities.TestRequestSender+<>c__DisplayClass34_0., took 2 ms.
TpTrace Verbose: 0 : 31280, 11, 2024/08/05, 00:48:21.670, 14768332617858, vstest.console.dll, TcpClientExtensions.MessageLoopAsync: Polling on remoteEndPoint: 127.0.0.1:52858 localEndPoint: 127.0.0.1:52857 after 125 ms
TpTrace Verbose: 0 : 31280, 4, 2024/08/05, 00:48:21.672, 14768332638777, vstest.console.dll, MulticastDelegateUtilities.SafeInvoke: InternalTestLoggerEvents.SendTestResult: Invoking callback 1/1 for Microsoft.VisualStudio.TestPlatform.CommandLine.Internal.ConsoleLogger., took 2 ms.
TpTrace Verbose: 0 : 31280, 4, 2024/08/05, 00:48:21.672, 14768332641233, vstest.console.dll, MulticastDelegateUtilities.SafeInvoke: InternalTestLoggerEvents.SendTestResult: Invoking callback 1/1 for Microsoft.VisualStudio.TestPlatform.CommandLine.Internal.ConsoleLogger., took 0 ms.
TpTrace Verbose: 0 : 31280, 4, 2024/08/05, 00:48:21.673, 14768332646067, vstest.console.dll, MulticastDelegateUtilities.SafeInvoke: InternalTestLoggerEvents.SendTestResult: Invoking callback 1/1 for Microsoft.VisualStudio.TestPlatform.CommandLine.Internal.ConsoleLogger., took 0 ms.
TpTrace Verbose: 0 : 31280, 4, 2024/08/05, 00:48:21.673, 14768332651528, vstest.console.dll, MulticastDelegateUtilities.SafeInvoke: InternalTestLoggerEvents.SendTestResult: Invoking callback 1/1 for Microsoft.VisualStudio.TestPlatform.CommandLine.Internal.ConsoleLogger., took 0 ms.
TpTrace Verbose: 0 : 31280, 4, 2024/08/05, 00:48:21.673, 14768332652693, vstest.console.dll, MulticastDelegateUtilities.SafeInvoke: InternalTestLoggerEvents.SendTestResult: Invoking callback 1/1 for Microsoft.VisualStudio.TestPlatform.CommandLine.Internal.ConsoleLogger., took 0 ms.
TpTrace Verbose: 0 : 31280, 4, 2024/08/05, 00:48:21.689, 14768332810188, vstest.console.dll, MulticastDelegateUtilities.SafeInvoke: InternalTestLoggerEvents.SendTestResult: Invoking callback 1/1 for Microsoft.VisualStudio.TestPlatform.CommandLine.Internal.ConsoleLogger., took 15 ms.
TpTrace Verbose: 0 : 31280, 4, 2024/08/05, 00:48:21.690, 14768332816272, vstest.console.dll, MulticastDelegateUtilities.SafeInvoke: InternalTestLoggerEvents.SendTestResult: Invoking callback 1/1 for Microsoft.VisualStudio.TestPlatform.CommandLine.Internal.ConsoleLogger., took 0 ms.
TpTrace Verbose: 0 : 31280, 4, 2024/08/05, 00:48:21.690, 14768332823204, vstest.console.dll, MulticastDelegateUtilities.SafeInvoke: InternalTestLoggerEvents.SendTestResult: Invoking callback 1/1 for Microsoft.VisualStudio.TestPlatform.CommandLine.Internal.ConsoleLogger., took 0 ms.
TpTrace Verbose: 0 : 31280, 4, 2024/08/05, 00:48:21.691, 14768332824703, vstest.console.dll, MulticastDelegateUtilities.SafeInvoke: InternalTestLoggerEvents.SendTestResult: Invoking callback 1/1 for Microsoft.VisualStudio.TestPlatform.CommandLine.Internal.ConsoleLogger., took 0 ms.
TpTrace Verbose: 0 : 31280, 11, 2024/08/05, 00:48:21.820, 14768334121912, vstest.console.dll, TcpClientExtensions.MessageLoopAsync: NotifyDataAvailable remoteEndPoint: 127.0.0.1:52858 localEndPoint: 127.0.0.1:52857
TpTrace Verbose: 0 : 31280, 11, 2024/08/05, 00:48:21.821, 14768334131635, vstest.console.dll, TestRequestSender.OnExecutionMessageReceived: Received message: {"Version":7,"MessageType":"TestExecution.StatsChange","Payload":{"NewTestResults":[{"TestCase":{"Id":"a370ec59-5c98-58c6-c318-546155b26219","FullyQualifiedName":"BloodDonationBackendTest.RecipientServiceTests.ApproveRequest_ShouldReturnUpdatedBloodRequest","DisplayName":"ApproveRequest_ShouldReturnUpdatedBloodRequest","ExecutorUri":"executor://NUnit3TestExecutor","Source":"C:\\BloodDonation\\BloodDonationBackendTest\\bin\\Debug\\net6.0\\fine-code-coverage\\build-output\\BloodDonationBackendTest.dll","CodeFilePath":null,"LineNumber":0,"Properties":[{"Key":{"Id":"NUnit.Seed","Label":"Seed","Category":"","Description":"","Attributes":0,"ValueType":"System.String"},"Value":"1875051443"}]},"Attachments":[],"Outcome":2,"ErrorMessage":"Microsoft.EntityFrameworkCore.DbUpdateException : Required properties '{'BloodType', 'District', 'State'}' are missing for the instance of entity type 'BloodRequest'. Consider using 'DbContextOptionsBuilder.EnableSensitiveDataLogging' to see the entity key value.","ErrorStackTrace":"   at Microsoft.EntityFrameworkCore.InMemory.Storage.Internal.InMemoryTable`1.ThrowNullabilityErrorException(IUpdateEntry entry, IList`1 nullabilityErrors)\r\n   at Microsoft.EntityFrameworkCore.InMemory.Storage.Internal.InMemoryTable`1.Create(IUpdateEntry entry)\r\n   at Microsoft.EntityFrameworkCore.InMemory.Storage.Internal.InMemoryStore.ExecuteTransaction(IList`1 entries, IDiagnosticsLogger`1 updateLogger)\r\n   at Microsoft.EntityFrameworkCore.InMemory.Storage.Internal.InMemoryDatabase.SaveChangesAsync(IList`1 entries, CancellationToken cancellationToken)\r\n   at Microsoft.EntityFrameworkCore.ChangeTracking.Internal.StateManager.SaveChangesAsync(IList`1 entriesToSave, CancellationToken cancellationToken)\r\n   at Microsoft.EntityFrameworkCore.ChangeTracking.Internal.StateManager.SaveChangesAsync(StateManager stateManager, Boolean acceptAllChangesOnSuccess, CancellationToken cancellationToken)\r\n   at Microsoft.EntityFrameworkCore.DbContext.SaveChangesAsync(Boolean acceptAllChangesOnSuccess, CancellationToken cancellationToken)\r\n   at Microsoft.EntityFrameworkCore.DbContext.SaveChangesAsync(Boolean acceptAllChangesOnSuccess, CancellationToken cancellationToken)\r\n   at BloodDonationBackendTest.RecipientServiceTests.ApproveRequest_ShouldReturnUpdatedBloodRequest() in C:\\BloodDonation\\BloodDonationBackendTest\\RecipientServiceTests.cs:line 174\r\n   at NUnit.Framework.Internal.TaskAwaitAdapter.GenericAdapter`1.GetResult()\r\n   at NUnit.Framework.Internal.AsyncToSyncAdapter.Await(Func`1 invoke)\r\n   at NUnit.Framework.Internal.Commands.TestMethodCommand.RunTestMethod(TestExecutionContext context)\r\n   at NUnit.Framework.Internal.Commands.TestMethodCommand.Execute(TestExecutionContext context)\r\n   at NUnit.Framework.Internal.Commands.BeforeAndAfterTestCommand.<>c__DisplayClass1_0.<Execute>b__0()\r\n   at NUnit.Framework.Internal.Commands.DelegatingTestCommand.RunTestMethodInThreadAbortSafeZone(TestExecutionContext context, Action action)\n","DisplayName":"ApproveRequest_ShouldReturnUpdatedBloodRequest","Messages":[],"ComputerName":"1D66JX3","Duration":"00:00:00.0129400","StartTime":"2024-08-04T19:18:21.6670224+00:00","EndTime":"2024-08-04T19:18:21.6799615+00:00","Properties":[{"Key":{"Id":"NUnit.Seed","Label":"Seed","Category":"","Description":"","Attributes":0,"ValueType":"System.String"},"Value":"1875051443"}]},{"TestCase":{"Id":"39418ec0-6e0e-b857-58fd-0deff95833a6","FullyQualifiedName":"BloodDonationBackendTest.RecipientServiceTests.CencelRequest_ShouldReturnUpdatedBloodRequest","DisplayName":"CencelRequest_ShouldReturnUpdatedBloodRequest","ExecutorUri":"executor://NUnit3TestExecutor","Source":"C:\\BloodDonation\\BloodDonationBackendTest\\bin\\Debug\\net6.0\\fine-code-coverage\\build-output\\BloodDonationBackendTest.dll","CodeFilePath":null,"LineNumber":0,"Properties":[{"Key":{"Id":"NUnit.Seed","Label":"Seed","Category":"","Description":"","Attributes":0,"ValueType":"System.String"},"Value":"502289046"}]},"Attachments":[],"Outcome":2,"ErrorMessage":"Microsoft.EntityFrameworkCore.DbUpdateException : Required properties '{'BloodType', 'District', 'State'}' are missing for the instance of entity type 'BloodRequest'. Consider using 'DbContextOptionsBuilder.EnableSensitiveDataLogging' to see the entity key value.","ErrorStackTrace":"   at Microsoft.EntityFrameworkCore.InMemory.Storage.Internal.InMemoryTable`1.ThrowNullabilityErrorException(IUpdateEntry entry, IList`1 nullabilityErrors)\r\n   at Microsoft.EntityFrameworkCore.InMemory.Storage.Internal.InMemoryTable`1.Create(IUpdateEntry entry)\r\n   at Microsoft.EntityFrameworkCore.InMemory.Storage.Internal.InMemoryStore.ExecuteTransaction(IList`1 entries, IDiagnosticsLogger`1 updateLogger)\r\n   at Microsoft.EntityFrameworkCore.InMemory.Storage.Internal.InMemoryDatabase.SaveChangesAsync(IList`1 entries, CancellationToken cancellationToken)\r\n   at Microsoft.EntityFrameworkCore.ChangeTracking.Internal.StateManager.SaveChangesAsync(IList`1 entriesToSave, CancellationToken cancellationToken)\r\n   at Microsoft.EntityFrameworkCore.ChangeTracking.Internal.StateManager.SaveChangesAsync(StateManager stateManager, Boolean acceptAllChangesOnSuccess, CancellationToken cancellationToken)\r\n   at Microsoft.EntityFrameworkCore.DbContext.SaveChangesAsync(Boolean acceptAllChangesOnSuccess, CancellationToken cancellationToken)\r\n   at Microsoft.EntityFrameworkCore.DbContext.SaveChangesAsync(Boolean acceptAllChangesOnSuccess, CancellationToken cancellationToken)\r\n   at BloodDonationBackendTest.RecipientServiceTests.CencelRequest_ShouldReturnUpdatedBloodRequest() in C:\\BloodDonation\\BloodDonationBackendTest\\RecipientServiceTests.cs:line 156\r\n   at NUnit.Framework.Internal.TaskAwaitAdapter.GenericAdapter`1.GetResult()\r\n   at NUnit.Framework.Internal.AsyncToSyncAdapter.Await(Func`1 invoke)\r\n   at NUnit.Framework.Internal.Commands.TestMethodCommand.RunTestMethod(TestExecutionContext context)\r\n   at NUnit.Framework.Internal.Commands.TestMethodCommand.Execute(TestExecutionContext context)\r\n   at NUnit.Framework.Internal.Commands.BeforeAndAfterTestCommand.<>c__DisplayClass1_0.<Execute>b__0()\r\n   at NUnit.Framework.Internal.Commands.DelegatingTestCommand.RunTestMethodInThreadAbortSafeZone(TestExecutionContext context, Action action)\n","DisplayName":"CencelRequest_ShouldReturnUpdatedBloodRequest","Messages":[],"ComputerName":"1D66JX3","Duration":"00:00:00.0041720","StartTime":"2024-08-04T19:18:21.6800865+00:00","EndTime":"2024-08-04T19:18:21.6842587+00:00","Properties":[{"Key":{"Id":"NUnit.Seed","Label":"Seed","Category":"","Description":"","Attributes":0,"ValueType":"System.String"},"Value":"502289046"}]},{"TestCase":{"Id":"734ca8bd-5de9-2737-63e8-ad40bea5b00b","FullyQualifiedName":"BloodDonationBackendTest.RecipientServiceTests.RequestBlood_ShouldReturnBloodRequestDTO","DisplayName":"RequestBlood_ShouldReturnBloodRequestDTO","ExecutorUri":"executor://NUnit3TestExecutor","Source":"C:\\BloodDonation\\BloodDonationBackendTest\\bin\\Debug\\net6.0\\fine-code-coverage\\build-output\\BloodDonationBackendTest.dll","CodeFilePath":null,"LineNumber":0,"Properties":[{"Key":{"Id":"NUnit.Seed","Label":"Seed","Category":"","Description":"","Attributes":0,"ValueType":"System.String"},"Value":"1406866840"}]},"Attachments":[],"Outcome":2,"ErrorMessage":"Microsoft.EntityFrameworkCore.DbUpdateException : Required properties '{'MedicalCondition'}' are missing for the instance of entity type 'Recipient'. Consider using 'DbContextOptionsBuilder.EnableSensitiveDataLogging' to see the entity key value.","ErrorStackTrace":"   at Microsoft.EntityFrameworkCore.InMemory.Storage.Internal.InMemoryTable`1.ThrowNullabilityErrorException(IUpdateEntry entry, IList`1 nullabilityErrors)\r\n   at Microsoft.EntityFrameworkCore.InMemory.Storage.Internal.InMemoryTable`1.Create(IUpdateEntry entry)\r\n   at Microsoft.EntityFrameworkCore.InMemory.Storage.Internal.InMemoryStore.ExecuteTransaction(IList`1 entries, IDiagnosticsLogger`1 updateLogger)\r\n   at Microsoft.EntityFrameworkCore.InMemory.Storage.Internal.InMemoryDatabase.SaveChangesAsync(IList`1 entries, CancellationToken cancellationToken)\r\n   at Microsoft.EntityFrameworkCore.ChangeTracking.Internal.StateManager.SaveChangesAsync(IList`1 entriesToSave, CancellationToken cancellationToken)\r\n   at Microsoft.EntityFrameworkCore.ChangeTracking.Internal.StateManager.SaveChangesAsync(StateManager stateManager, Boolean acceptAllChangesOnSuccess, CancellationToken cancellationToken)\r\n   at Microsoft.EntityFrameworkCore.DbContext.SaveChangesAsync(Boolean acceptAllChangesOnSuccess, CancellationToken cancellationToken)\r\n   at Microsoft.EntityFrameworkCore.DbContext.SaveChangesAsync(Boolean acceptAllChangesOnSuccess, CancellationToken cancellationToken)\r\n   at BloodDonationBackendTest.RecipientServiceTests.RequestBlood_ShouldReturnBloodRequestDTO() in C:\\BloodDonation\\BloodDonationBackendTest\\RecipientServiceTests.cs:line 74\r\n   at NUnit.Framework.Internal.TaskAwaitAdapter.GenericAdapter`1.GetResult()\r\n   at NUnit.Framework.Internal.AsyncToSyncAdapter.Await(Func`1 invoke)\r\n   at NUnit.Framework.Internal.Commands.TestMethodCommand.RunTestMethod(TestExecutionContext context)\r\n   at NUnit.Framework.Internal.Commands.TestMethodCommand.Execute(TestExecutionContext context)\r\n   at NUnit.Framework.Internal.Commands.BeforeAndAfterTestCommand.<>c__DisplayClass1_0.<Execute>b__0()\r\n   at NUnit.Framework.Internal.Commands.DelegatingTestCommand.RunTestMethodInThreadAbortSafeZone(TestExecutionContext context, Action action)\n","DisplayName":"RequestBlood_ShouldReturnBloodRequestDTO","Messages":[],"ComputerName":"1D66JX3","Duration":"00:00:00.0046840","StartTime":"2024-08-04T19:18:21.6843052+00:00","EndTime":"2024-08-04T19:18:21.6889889+00:00","Properties":[{"Key":{"Id":"NUnit.Seed","Label":"Seed","Category":"","Description":"","Attributes":0,"ValueType":"System.String"},"Value":"1406866840"}]},{"TestCase":{"Id":"e5da08c2-1133-75f8-8c16-15efd31a3575","FullyQualifiedName":"BloodDonationBackendTest.RecipientServiceTests.SearchForBlood_ShouldReturnDonorSearchReturnDTO","DisplayName":"SearchForBlood_ShouldReturnDonorSearchReturnDTO","ExecutorUri":"executor://NUnit3TestExecutor","Source":"C:\\BloodDonation\\BloodDonationBackendTest\\bin\\Debug\\net6.0\\fine-code-coverage\\build-output\\BloodDonationBackendTest.dll","CodeFilePath":null,"LineNumber":0,"Properties":[{"Key":{"Id":"NUnit.Seed","Label":"Seed","Category":"","Description":"","Attributes":0,"ValueType":"System.String"},"Value":"557136850"}]},"Attachments":[],"Outcome":2,"ErrorMessage":"Microsoft.EntityFrameworkCore.DbUpdateException : Required properties '{'Address', 'Email', 'Father_Name', 'Gender', 'Pincode'}' are missing for the instance of entity type 'User'. Consider using 'DbContextOptionsBuilder.EnableSensitiveDataLogging' to see the entity key value.","ErrorStackTrace":"   at Microsoft.EntityFrameworkCore.InMemory.Storage.Internal.InMemoryTable`1.ThrowNullabilityErrorException(IUpdateEntry entry, IList`1 nullabilityErrors)\r\n   at Microsoft.EntityFrameworkCore.InMemory.Storage.Internal.InMemoryTable`1.Create(IUpdateEntry entry)\r\n   at Microsoft.EntityFrameworkCore.InMemory.Storage.Internal.InMemoryStore.ExecuteTransaction(IList`1 entries, IDiagnosticsLogger`1 updateLogger)\r\n   at Microsoft.EntityFrameworkCore.InMemory.Storage.Internal.InMemoryDatabase.SaveChangesAsync(IList`1 entries, CancellationToken cancellationToken)\r\n   at Microsoft.EntityFrameworkCore.ChangeTracking.Internal.StateManager.SaveChangesAsync(IList`1 entriesToSave, CancellationToken cancellationToken)\r\n   at Microsoft.EntityFrameworkCore.ChangeTracking.Internal.StateManager.SaveChangesAsync(StateManager stateManager, Boolean acceptAllChangesOnSuccess, CancellationToken cancellationToken)\r\n   at Microsoft.EntityFrameworkCore.DbContext.SaveChangesAsync(Boolean acceptAllChangesOnSuccess, CancellationToken cancellationToken)\r\n   at Microsoft.EntityFrameworkCore.DbContext.SaveChangesAsync(Boolean acceptAllChangesOnSuccess, CancellationToken cancellationToken)\r\n   at BloodDonationBackendTest.RecipientServiceTests.SearchForBlood_ShouldReturnDonorSearchReturnDTO() in C:\\BloodDonation\\BloodDonationBackendTest\\RecipientServiceTests.cs:line 97\r\n   at NUnit.Framework.Internal.TaskAwaitAdapter.GenericAdapter`1.GetResult()\r\n   at NUnit.Framework.Internal.AsyncToSyncAdapter.Await(Func`1 invoke)\r\n   at NUnit.Framework.Internal.Commands.TestMethodCommand.RunTestMethod(TestExecutionContext context)\r\n   at NUnit.Framework.Internal.Commands.TestMethodCommand.Execute(TestExecutionContext context)\r\n   at NUnit.Framework.Internal.Commands.BeforeAndAfterTestCommand.<>c__DisplayClass1_0.<Execute>b__0()\r\n   at NUnit.Framework.Internal.Commands.DelegatingTestCommand.RunTestMethodInThreadAbortSafeZone(TestExecutionContext context, Action action)\n","DisplayName":"SearchForBlood_ShouldReturnDonorSearchReturnDTO","Messages":[],"ComputerName":"1D66JX3","Duration":"00:00:00.0047490","StartTime":"2024-08-04T19:18:21.6898787+00:00","EndTime":"2024-08-04T19:18:21.694628+00:00","Properties":[{"Key":{"Id":"NUnit.Seed","Label":"Seed","Category":"","Description":"","Attributes":0,"ValueType":"System.String"},"Value":"557136850"}]},{"TestCase":{"Id":"8d44f189-af7f-2664-0c6a-6b46c40542e2","FullyQualifiedName":"BloodDonationBackendTest.RecipientServiceTests.SearchForDonationCenters_ShouldReturnDonationCenterInventoryDTO","DisplayName":"SearchForDonationCenters_ShouldReturnDonationCenterInventoryDTO","ExecutorUri":"executor://NUnit3TestExecutor","Source":"C:\\BloodDonation\\BloodDonationBackendTest\\bin\\Debug\\net6.0\\fine-code-coverage\\build-output\\BloodDonationBackendTest.dll","CodeFilePath":null,"LineNumber":0,"Properties":[{"Key":{"Id":"NUnit.Seed","Label":"Seed","Category":"","Description":"","Attributes":0,"ValueType":"System.String"},"Value":"855200427"}]},"Attachments":[],"Outcome":2,"ErrorMessage":"Microsoft.EntityFrameworkCore.DbUpdateException : Required properties '{'Pincode'}' are missing for the instance of entity type 'DonationCenter'. Consider using 'DbContextOptionsBuilder.EnableSensitiveDataLogging' to see the entity key value.","ErrorStackTrace":"   at Microsoft.EntityFrameworkCore.InMemory.Storage.Internal.InMemoryTable`1.ThrowNullabilityErrorException(IUpdateEntry entry, IList`1 nullabilityErrors)\r\n   at Microsoft.EntityFrameworkCore.InMemory.Storage.Internal.InMemoryTable`1.Create(IUpdateEntry entry)\r\n   at Microsoft.EntityFrameworkCore.InMemory.Storage.Internal.InMemoryStore.ExecuteTransaction(IList`1 entries, IDiagnosticsLogger`1 updateLogger)\r\n   at Microsoft.EntityFrameworkCore.InMemory.Storage.Internal.InMemoryDatabase.SaveChangesAsync(IList`1 entries, CancellationToken cancellationToken)\r\n   at Microsoft.EntityFrameworkCore.ChangeTracking.Internal.StateManager.SaveChangesAsync(IList`1 entriesToSave, CancellationToken cancellationToken)\r\n   at Microsoft.EntityFrameworkCore.ChangeTracking.Internal.StateManager.SaveChangesAsync(StateManager stateManager, Boolean acceptAllChangesOnSuccess, CancellationToken cancellationToken)\r\n   at Microsoft.EntityFrameworkCore.DbContext.SaveChangesAsync(Boolean acceptAllChangesOnSuccess, CancellationToken cancellationToken)\r\n   at Microsoft.EntityFrameworkCore.DbContext.SaveChangesAsync(Boolean acceptAllChangesOnSuccess, CancellationToken cancellationToken)\r\n   at BloodDonationBackendTest.RecipientServiceTests.SearchForDonationCenters_ShouldReturnDonationCenterInventoryDTO() in C:\\BloodDonation\\BloodDonationBackendTest\\RecipientServiceTests.cs:line 119\r\n   at NUnit.Framework.Internal.TaskAwaitAdapter.GenericAdapter`1.GetResult()\r\n   at NUnit.Framework.Internal.AsyncToSyncAdapter.Await(Func`1 invoke)\r\n   at NUnit.Framework.Internal.Commands.TestMethodCommand.RunTestMethod(TestExecutionContext context)\r\n   at NUnit.Framework.Internal.Commands.TestMethodCommand.Execute(TestExecutionContext context)\r\n   at NUnit.Framework.Internal.Commands.BeforeAndAfterTestCommand.<>c__DisplayClass1_0.<Execute>b__0()\r\n   at NUnit.Framework.Internal.Commands.DelegatingTestCommand.RunTestMethodInThreadAbortSafeZone(TestExecutionContext context, Action action)\n","DisplayName":"SearchForDonationCenters_ShouldReturnDonationCenterInventoryDTO","Messages":[],"ComputerName":"1D66JX3","Duration":"00:00:00.0153310","StartTime":"2024-08-04T19:18:21.6946641+00:00","EndTime":"2024-08-04T19:18:21.7099947+00:00","Properties":[{"Key":{"Id":"NUnit.Seed","Label":"Seed","Category":"","Description":"","Attributes":0,"ValueType":"System.String"},"Value":"855200427"}]},{"TestCase":{"Id":"bbd2730b-4f52-2063-68b1-e492cf122d32","FullyQualifiedName":"BloodDonationBackendTest.RecipientServiceTests.UpdateMedicalInfo_ShouldReturnUpdatedRecipient","DisplayName":"UpdateMedicalInfo_ShouldReturnUpdatedRecipient","ExecutorUri":"executor://NUnit3TestExecutor","Source":"C:\\BloodDonation\\BloodDonationBackendTest\\bin\\Debug\\net6.0\\fine-code-coverage\\build-output\\BloodDonationBackendTest.dll","CodeFilePath":null,"LineNumber":0,"Properties":[{"Key":{"Id":"NUnit.Seed","Label":"Seed","Category":"","Description":"","Attributes":0,"ValueType":"System.String"},"Value":"1106789802"}]},"Attachments":[],"Outcome":2,"ErrorMessage":"  Expected: not null\r\n  But was:  null\r\n","ErrorStackTrace":"   at BloodDonationBackendTest.RecipientServiceTests.UpdateMedicalInfo_ShouldReturnUpdatedRecipient() in C:\\BloodDonation\\BloodDonationBackendTest\\RecipientServiceTests.cs:line 146\r\n   at NUnit.Framework.Internal.TaskAwaitAdapter.GenericAdapter`1.GetResult()\r\n   at NUnit.Framework.Internal.AsyncToSyncAdapter.Await(Func`1 invoke)\r\n   at NUnit.Framework.Internal.Commands.TestMethodCommand.RunTestMethod(TestExecutionContext context)\r\n   at NUnit.Framework.Internal.Commands.TestMethodCommand.Execute(TestExecutionContext context)\r\n   at NUnit.Framework.Internal.Commands.BeforeAndAfterTestCommand.<>c__DisplayClass1_0.<Execute>b__0()\r\n   at NUnit.Framework.Internal.Commands.DelegatingTestCommand.RunTestMethodInThreadAbortSafeZone(TestExecutionContext context, Action action)\r\n\n1)    at BloodDonationBackendTest.RecipientServiceTests.UpdateMedicalInfo_ShouldReturnUpdatedRecipient() in C:\\BloodDonation\\BloodDonationBackendTest\\RecipientServiceTests.cs:line 146\r\n   at System.Runtime.CompilerServices.AsyncMethodBuilderCore.Start[TStateMachine](TStateMachine& stateMachine)\r\n   at BloodDonationBackendTest.RecipientServiceTests.UpdateMedicalInfo_ShouldReturnUpdatedRecipient()\r\n\n","DisplayName":"UpdateMedicalInfo_ShouldReturnUpdatedRecipient","Messages":[],"ComputerName":"1D66JX3","Duration":"00:00:00.0498540","StartTime":"2024-08-04T19:18:21.7100348+00:00","EndTime":"2024-08-04T19:18:21.7598886+00:00","Properties":[{"Key":{"Id":"NUnit.Seed","Label":"Seed","Category":"","Description":"","Attributes":0,"ValueType":"System.String"},"Value":"1106789802"}]},{"TestCase":{"Id":"f6ede566-44db-0d5c-11b1-1f21ea592283","FullyQualifiedName":"BloodDonationBackendTest.RecipientServiceTests.UpdateRequest_ShouldReturnUpdatedBloodRequest","DisplayName":"UpdateRequest_ShouldReturnUpdatedBloodRequest","ExecutorUri":"executor://NUnit3TestExecutor","Source":"C:\\BloodDonation\\BloodDonationBackendTest\\bin\\Debug\\net6.0\\fine-code-coverage\\build-output\\BloodDonationBackendTest.dll","CodeFilePath":null,"LineNumber":0,"Properties":[{"Key":{"Id":"NUnit.Seed","Label":"Seed","Category":"","Description":"","Attributes":0,"ValueType":"System.String"},"Value":"1809539817"}]},"Attachments":[],"Outcome":2,"ErrorMessage":"Microsoft.EntityFrameworkCore.DbUpdateException : Required properties '{'BloodType', 'District'}' are missing for the instance of entity type 'BloodRequest'. Consider using 'DbContextOptionsBuilder.EnableSensitiveDataLogging' to see the entity key value.","ErrorStackTrace":"   at Microsoft.EntityFrameworkCore.InMemory.Storage.Internal.InMemoryTable`1.ThrowNullabilityErrorException(IUpdateEntry entry, IList`1 nullabilityErrors)\r\n   at Microsoft.EntityFrameworkCore.InMemory.Storage.Internal.InMemoryTable`1.Create(IUpdateEntry entry)\r\n   at Microsoft.EntityFrameworkCore.InMemory.Storage.Internal.InMemoryStore.ExecuteTransaction(IList`1 entries, IDiagnosticsLogger`1 updateLogger)\r\n   at Microsoft.EntityFrameworkCore.InMemory.Storage.Internal.InMemoryDatabase.SaveChangesAsync(IList`1 entries, CancellationToken cancellationToken)\r\n   at Microsoft.EntityFrameworkCore.ChangeTracking.Internal.StateManager.SaveChangesAsync(IList`1 entriesToSave, CancellationToken cancellationToken)\r\n   at Microsoft.EntityFrameworkCore.ChangeTracking.Internal.StateManager.SaveChangesAsync(StateManager stateManager, Boolean acceptAllChangesOnSuccess, CancellationToken cancellationToken)\r\n   at Microsoft.EntityFrameworkCore.DbContext.SaveChangesAsync(Boolean acceptAllChangesOnSuccess, CancellationToken cancellationToken)\r\n   at Microsoft.EntityFrameworkCore.DbContext.SaveChangesAsync(Boolean acceptAllChangesOnSuccess, CancellationToken cancellationToken)\r\n   at BloodDonationBackendTest.RecipientServiceTests.UpdateRequest_ShouldReturnUpdatedBloodRequest() in C:\\BloodDonation\\BloodDonationBackendTest\\RecipientServiceTests.cs:line 192\r\n   at NUnit.Framework.Internal.TaskAwaitAdapter.GenericAdapter`1.GetResult()\r\n   at NUnit.Framework.Internal.AsyncToSyncAdapter.Await(Func`1 invoke)\r\n   at NUnit.Framework.Internal.Commands.TestMethodCommand.RunTestMethod(TestExecutionContext context)\r\n   at NUnit.Framework.Internal.Commands.TestMethodCommand.Execute(TestExecutionContext context)\r\n   at NUnit.Framework.Internal.Commands.BeforeAndAfterTestCommand.<>c__DisplayClass1_0.<Execute>b__0()\r\n   at NUnit.Framework.Internal.Commands.DelegatingTestCommand.RunTestMethodInThreadAbortSafeZone(TestExecutionContext context, Action action)\n","DisplayName":"UpdateRequest_ShouldReturnUpdatedBloodRequest","Messages":[],"ComputerName":"1D66JX3","Duration":"00:00:00.0037030","StartTime":"2024-08-04T19:18:21.7599508+00:00","EndTime":"2024-08-04T19:18:21.7636539+00:00","Properties":[{"Key":{"Id":"NUnit.Seed","Label":"Seed","Category":"","Description":"","Attributes":0,"ValueType":"System.String"},"Value":"1809539817"}]},{"TestCase":{"Id":"491eb0bb-5880-3597-523f-9f8fb56de61d","FullyQualifiedName":"BloodDonationBackendTest.RecipientServiceTests.ViewRequest_ShouldReturnListOfBloodRequests","DisplayName":"ViewRequest_ShouldReturnListOfBloodRequests","ExecutorUri":"executor://NUnit3TestExecutor","Source":"C:\\BloodDonation\\BloodDonationBackendTest\\bin\\Debug\\net6.0\\fine-code-coverage\\build-output\\BloodDonationBackendTest.dll","CodeFilePath":null,"LineNumber":0,"Properties":[{"Key":{"Id":"NUnit.Seed","Label":"Seed","Category":"","Description":"","Attributes":0,"ValueType":"System.String"},"Value":"382232089"}]},"Attachments":[],"Outcome":2,"ErrorMessage":"Microsoft.EntityFrameworkCore.DbUpdateException : Required properties '{'MedicalCondition'}' are missing for the instance of entity type 'Recipient'. Consider using 'DbContextOptionsBuilder.EnableSensitiveDataLogging' to see the entity key value.","ErrorStackTrace":"   at Microsoft.EntityFrameworkCore.InMemory.Storage.Internal.InMemoryTable`1.ThrowNullabilityErrorException(IUpdateEntry entry, IList`1 nullabilityErrors)\r\n   at Microsoft.EntityFrameworkCore.InMemory.Storage.Internal.InMemoryTable`1.Create(IUpdateEntry entry)\r\n   at Microsoft.EntityFrameworkCore.InMemory.Storage.Internal.InMemoryStore.ExecuteTransaction(IList`1 entries, IDiagnosticsLogger`1 updateLogger)\r\n   at Microsoft.EntityFrameworkCore.InMemory.Storage.Internal.InMemoryDatabase.SaveChangesAsync(IList`1 entries, CancellationToken cancellationToken)\r\n   at Microsoft.EntityFrameworkCore.ChangeTracking.Internal.StateManager.SaveChangesAsync(IList`1 entriesToSave, CancellationToken cancellationToken)\r\n   at Microsoft.EntityFrameworkCore.ChangeTracking.Internal.StateManager.SaveChangesAsync(StateManager stateManager, Boolean acceptAllChangesOnSuccess, CancellationToken cancellationToken)\r\n   at Microsoft.EntityFrameworkCore.DbContext.SaveChangesAsync(Boolean acceptAllChangesOnSuccess, CancellationToken cancellationToken)\r\n   at Microsoft.EntityFrameworkCore.DbContext.SaveChangesAsync(Boolean acceptAllChangesOnSuccess, CancellationToken cancellationToken)\r\n   at BloodDonationBackendTest.RecipientServiceTests.ViewRequest_ShouldReturnListOfBloodRequests() in C:\\BloodDonation\\BloodDonationBackendTest\\RecipientServiceTests.cs:line 225\r\n   at NUnit.Framework.Internal.TaskAwaitAdapter.GenericAdapter`1.GetResult()\r\n   at NUnit.Framework.Internal.AsyncToSyncAdapter.Await(Func`1 invoke)\r\n   at NUnit.Framework.Internal.Commands.TestMethodCommand.RunTestMethod(TestExecutionContext context)\r\n   at NUnit.Framework.Internal.Commands.TestMethodCommand.Execute(TestExecutionContext context)\r\n   at NUnit.Framework.Internal.Commands.BeforeAndAfterTestCommand.<>c__DisplayClass1_0.<Execute>b__0()\r\n   at NUnit.Framework.Internal.Commands.DelegatingTestCommand.RunTestMethodInThreadAbortSafeZone(TestExecutionContext context, Action action)\n","DisplayName":"ViewRequest_ShouldReturnListOfBloodRequests","Messages":[],"ComputerName":"1D66JX3","Duration":"00:00:00.0038740","StartTime":"2024-08-04T19:18:21.7636913+00:00","EndTime":"2024-08-04T19:18:21.7675654+00:00","Properties":[{"Key":{"Id":"NUnit.Seed","Label":"Seed","Category":"","Description":"","Attributes":0,"ValueType":"System.String"},"Value":"382232089"}]},{"TestCase":{"Id":"926fb4ec-8e89-0f3e-447a-08df79996b04","FullyQualifiedName":"BloodDonationBackendTest.UserServiceTest.LoginUserTest","DisplayName":"LoginUserTest","ExecutorUri":"executor://NUnit3TestExecutor","Source":"C:\\BloodDonation\\BloodDonationBackendTest\\bin\\Debug\\net6.0\\fine-code-coverage\\build-output\\BloodDonationBackendTest.dll","CodeFilePath":null,"LineNumber":0,"Properties":[{"Key":{"Id":"NUnit.Seed","Label":"Seed","Category":"","Description":"","Attributes":0,"ValueType":"System.String"},"Value":"579032661"}]},"Attachments":[],"Outcome":2,"ErrorMessage":"System.AggregateException : One or more errors occurred. (No User with the given ID)\r\n  ----> System.Exception : No User with the given ID","ErrorStackTrace":"   at System.Threading.Tasks.Task.ThrowIfExceptional(Boolean includeTaskCanceledExceptions)\r\n   at System.Threading.Tasks.Task.Wait(Int32 millisecondsTimeout, CancellationToken cancellationToken)\r\n   at System.Threading.Tasks.Task.Wait()\r\n   at BloodDonationBackendTest.UserServiceTest.LoginUserTest() in C:\\BloodDonation\\BloodDonationBackendTest\\UserServiceTest.cs:line 103\r\n--Exception\r\n   at BloodDonationBackend.Repositories.UserRepo.Get(Int32 key) in C:\\BloodDonation\\BloodDonationBackend\\Repositories\\UserRepo.cs:line 39\r\n   at BloodDonationBackend.Repositories.UserRepo.Delete(Int32 key) in C:\\BloodDonation\\BloodDonationBackend\\Repositories\\UserRepo.cs:line 27\r\n   at BloodDonationBackend.Services.UserService.RevertUserInsert(User User) in C:\\BloodDonation\\BloodDonationBackend\\Services\\UserService.cs:line 92\r\n   at BloodDonationBackend.Services.UserService.Register(UserRegisterDTO UserDTO) in C:\\BloodDonation\\BloodDonationBackend\\Services\\UserService.cs:line 186\n","DisplayName":"LoginUserTest","Messages":[],"ComputerName":"1D66JX3","Duration":"00:00:00.0474530","StartTime":"2024-08-04T19:18:21.768041+00:00","EndTime":"2024-08-04T19:18:21.8154939+00:00","Properties":[{"Key":{"Id":"NUnit.Seed","Label":"Seed","Category":"","Description":"","Attributes":0,"ValueType":"System.String"},"Value":"579032661"}]}],"TestRunStatistics":{"ExecutedTests":32,"Stats":{"Passed":12,"Failed":20}},"ActiveTests":[{"Id":"6e64f088-4f00-2a02-8286-d16ebb61f680","FullyQualifiedName":"BloodDonationBackendTest.UserServiceTest.RegisterUserTest","DisplayName":"RegisterUserTest","ExecutorUri":"executor://NUnit3TestExecutor","Source":"C:\\BloodDonation\\BloodDonationBackendTest\\bin\\Debug\\net6.0\\fine-code-coverage\\build-output\\BloodDonationBackendTest.dll","CodeFilePath":null,"LineNumber":0,"Properties":[{"Key":{"Id":"NUnit.Seed","Label":"Seed","Category":"","Description":"","Attributes":0,"ValueType":"System.String"},"Value":"2059184732"}]}]}}
TpTrace Verbose: 0 : 31280, 11, 2024/08/05, 00:48:21.824, 14768334153576, vstest.console.dll, TestRunRequest:SendTestRunStatsChange: Starting.
TpTrace Verbose: 0 : 31280, 11, 2024/08/05, 00:48:21.824, 14768334155435, vstest.console.dll, InProgress is RegisterUserTest
TpTrace Verbose: 0 : 31280, 11, 2024/08/05, 00:48:21.824, 14768334156785, vstest.console.dll, MulticastDelegateUtilities.SafeInvoke: TestRun.RunStatsChanged: Invoking callbacks was skipped because there are no subscribers.
TpTrace Information: 0 : 31280, 11, 2024/08/05, 00:48:21.824, 14768334157325, vstest.console.dll, TestRunRequest:SendTestRunStatsChange: Completed.
TpTrace Verbose: 0 : 31280, 11, 2024/08/05, 00:48:21.824, 14768334157773, vstest.console.dll, MulticastDelegateUtilities.SafeInvoke: LengthPrefixCommunicationChannel: MessageReceived: Invoking callback 1/1 for Microsoft.VisualStudio.TestPlatform.CommunicationUtilities.TestRequestSender+<>c__DisplayClass34_0., took 2 ms.
TpTrace Verbose: 0 : 31280, 11, 2024/08/05, 00:48:21.824, 14768334158280, vstest.console.dll, TcpClientExtensions.MessageLoopAsync: Polling on remoteEndPoint: 127.0.0.1:52858 localEndPoint: 127.0.0.1:52857 after 153 ms
TpTrace Verbose: 0 : 31280, 4, 2024/08/05, 00:48:21.824, 14768334162260, vstest.console.dll, MulticastDelegateUtilities.SafeInvoke: InternalTestLoggerEvents.SendTestResult: Invoking callback 1/1 for Microsoft.VisualStudio.TestPlatform.CommandLine.Internal.ConsoleLogger., took 0 ms.
TpTrace Verbose: 0 : 31280, 4, 2024/08/05, 00:48:21.825, 14768334172912, vstest.console.dll, MulticastDelegateUtilities.SafeInvoke: InternalTestLoggerEvents.SendTestResult: Invoking callback 1/1 for Microsoft.VisualStudio.TestPlatform.CommandLine.Internal.ConsoleLogger., took 0 ms.
TpTrace Verbose: 0 : 31280, 4, 2024/08/05, 00:48:21.826, 14768334178173, vstest.console.dll, MulticastDelegateUtilities.SafeInvoke: InternalTestLoggerEvents.SendTestResult: Invoking callback 1/1 for Microsoft.VisualStudio.TestPlatform.CommandLine.Internal.ConsoleLogger., took 0 ms.
TpTrace Verbose: 0 : 31280, 4, 2024/08/05, 00:48:21.827, 14768334184092, vstest.console.dll, MulticastDelegateUtilities.SafeInvoke: InternalTestLoggerEvents.SendTestResult: Invoking callback 1/1 for Microsoft.VisualStudio.TestPlatform.CommandLine.Internal.ConsoleLogger., took 0 ms.
TpTrace Verbose: 0 : 31280, 4, 2024/08/05, 00:48:21.827, 14768334191333, vstest.console.dll, MulticastDelegateUtilities.SafeInvoke: InternalTestLoggerEvents.SendTestResult: Invoking callback 1/1 for Microsoft.VisualStudio.TestPlatform.CommandLine.Internal.ConsoleLogger., took 0 ms.
TpTrace Verbose: 0 : 31280, 4, 2024/08/05, 00:48:21.828, 14768334201238, vstest.console.dll, MulticastDelegateUtilities.SafeInvoke: InternalTestLoggerEvents.SendTestResult: Invoking callback 1/1 for Microsoft.VisualStudio.TestPlatform.CommandLine.Internal.ConsoleLogger., took 0 ms.
TpTrace Verbose: 0 : 31280, 4, 2024/08/05, 00:48:21.829, 14768334206829, vstest.console.dll, MulticastDelegateUtilities.SafeInvoke: InternalTestLoggerEvents.SendTestResult: Invoking callback 1/1 for Microsoft.VisualStudio.TestPlatform.CommandLine.Internal.ConsoleLogger., took 0 ms.
TpTrace Verbose: 0 : 31280, 4, 2024/08/05, 00:48:21.829, 14768334210557, vstest.console.dll, MulticastDelegateUtilities.SafeInvoke: InternalTestLoggerEvents.SendTestResult: Invoking callback 1/1 for Microsoft.VisualStudio.TestPlatform.CommandLine.Internal.ConsoleLogger., took 0 ms.
TpTrace Verbose: 0 : 31280, 4, 2024/08/05, 00:48:21.830, 14768334213868, vstest.console.dll, MulticastDelegateUtilities.SafeInvoke: InternalTestLoggerEvents.SendTestResult: Invoking callback 1/1 for Microsoft.VisualStudio.TestPlatform.CommandLine.Internal.ConsoleLogger., took 0 ms.
TpTrace Verbose: 0 : 31280, 11, 2024/08/05, 00:48:21.931, 14768335228589, vstest.console.dll, TcpClientExtensions.MessageLoopAsync: NotifyDataAvailable remoteEndPoint: 127.0.0.1:52858 localEndPoint: 127.0.0.1:52857
TpTrace Verbose: 0 : 31280, 11, 2024/08/05, 00:48:21.931, 14768335230614, vstest.console.dll, TestRequestSender.OnExecutionMessageReceived: Received message: {"Version":7,"MessageType":"TestSession.Message","Payload":{"MessageLevel":1,"Message":"BloodDonationBackend.Models.DTOs.DonorSearchDTO\r\n"}}
TpTrace Verbose: 0 : 31280, 11, 2024/08/05, 00:48:21.931, 14768335232347, vstest.console.dll, TestRunRequest:SendTestRunMessage: Starting.
TpTrace Verbose: 0 : 31280, 11, 2024/08/05, 00:48:21.932, 14768335233393, vstest.console.dll, MulticastDelegateUtilities.SafeInvoke: TestRun.LogMessages: Invoking callback 1/1 for Microsoft.VisualStudio.TestPlatform.CommandLine.TestRunResultAggregator., took 0 ms.
TpTrace Information: 0 : 31280, 11, 2024/08/05, 00:48:21.932, 14768335233808, vstest.console.dll, TestRunRequest:SendTestRunMessage: Completed.
TpTrace Verbose: 0 : 31280, 11, 2024/08/05, 00:48:21.932, 14768335234092, vstest.console.dll, MulticastDelegateUtilities.SafeInvoke: LengthPrefixCommunicationChannel: MessageReceived: Invoking callback 1/1 for Microsoft.VisualStudio.TestPlatform.CommunicationUtilities.TestRequestSender+<>c__DisplayClass34_0., took 0 ms.
TpTrace Verbose: 0 : 31280, 11, 2024/08/05, 00:48:21.932, 14768335234703, vstest.console.dll, TcpClientExtensions.MessageLoopAsync: Polling on remoteEndPoint: 127.0.0.1:52858 localEndPoint: 127.0.0.1:52857 after 107 ms
TpTrace Verbose: 0 : 31280, 4, 2024/08/05, 00:48:21.932, 14768335235147, vstest.console.dll, MulticastDelegateUtilities.SafeInvoke: InternalTestLoggerEvents.SendTestRunMessage: Invoking callback 1/1 for Microsoft.VisualStudio.TestPlatform.CommandLine.Internal.ConsoleLogger., took 0 ms.
TpTrace Verbose: 0 : 31280, 11, 2024/08/05, 00:48:21.943, 14768335353180, vstest.console.dll, TcpClientExtensions.MessageLoopAsync: NotifyDataAvailable remoteEndPoint: 127.0.0.1:52858 localEndPoint: 127.0.0.1:52857
TpTrace Verbose: 0 : 31280, 11, 2024/08/05, 00:48:21.944, 14768335355313, vstest.console.dll, TestRequestSender.OnExecutionMessageReceived: Received message: {"Version":7,"MessageType":"TestSession.Message","Payload":{"MessageLevel":0,"Message":"NUnit Adapter 4.4.0.0: Test execution complete"}}
TpTrace Verbose: 0 : 31280, 11, 2024/08/05, 00:48:21.944, 14768335356671, vstest.console.dll, TestRunRequest:SendTestRunMessage: Starting.
TpTrace Verbose: 0 : 31280, 11, 2024/08/05, 00:48:21.944, 14768335357380, vstest.console.dll, MulticastDelegateUtilities.SafeInvoke: TestRun.LogMessages: Invoking callback 1/1 for Microsoft.VisualStudio.TestPlatform.CommandLine.TestRunResultAggregator., took 0 ms.
TpTrace Information: 0 : 31280, 11, 2024/08/05, 00:48:21.944, 14768335357695, vstest.console.dll, TestRunRequest:SendTestRunMessage: Completed.
TpTrace Verbose: 0 : 31280, 11, 2024/08/05, 00:48:21.944, 14768335358048, vstest.console.dll, MulticastDelegateUtilities.SafeInvoke: LengthPrefixCommunicationChannel: MessageReceived: Invoking callback 1/1 for Microsoft.VisualStudio.TestPlatform.CommunicationUtilities.TestRequestSender+<>c__DisplayClass34_0., took 0 ms.
TpTrace Verbose: 0 : 31280, 4, 2024/08/05, 00:48:21.944, 14768335357988, vstest.console.dll, MulticastDelegateUtilities.SafeInvoke: InternalTestLoggerEvents.SendTestRunMessage: Invoking callback 1/1 for Microsoft.VisualStudio.TestPlatform.CommandLine.Internal.ConsoleLogger., took 0 ms.
TpTrace Verbose: 0 : 31280, 11, 2024/08/05, 00:48:21.944, 14768335358407, vstest.console.dll, TcpClientExtensions.MessageLoopAsync: Polling on remoteEndPoint: 127.0.0.1:52858 localEndPoint: 127.0.0.1:52857 after 12 ms
TpTrace Verbose: 0 : 31280, 11, 2024/08/05, 00:48:21.973, 14768335649038, vstest.console.dll, TcpClientExtensions.MessageLoopAsync: NotifyDataAvailable remoteEndPoint: 127.0.0.1:52858 localEndPoint: 127.0.0.1:52857
TpTrace Verbose: 0 : 31280, 11, 2024/08/05, 00:48:21.973, 14768335651735, vstest.console.dll, TestRequestSender.OnExecutionMessageReceived: Received message: {"Version":7,"MessageType":"TestExecution.Completed","Payload":{"TestRunCompleteArgs":{"TestRunStatistics":{"ExecutedTests":35,"Stats":{"Passed":15,"Failed":20}},"IsCanceled":false,"IsAborted":false,"Error":null,"AttachmentSets":[],"InvokedDataCollectors":[],"ElapsedTimeInRunningTests":"00:00:02.0547925","Metrics":{},"DiscoveredExtensions":{"TestDiscoverers":["NUnit.VisualStudio.TestAdapter.NUnit3TestDiscoverer, NUnit3.TestAdapter, Version=4.4.0.0, Culture=neutral, PublicKeyToken=4cb40d35494691ac"],"TestExecutors":["executor://NUnit3TestExecutor"],"TestExecutors2":[],"TestSettingsProviders":[]}},"LastRunTests":{"NewTestResults":[{"TestCase":{"Id":"6e64f088-4f00-2a02-8286-d16ebb61f680","FullyQualifiedName":"BloodDonationBackendTest.UserServiceTest.RegisterUserTest","DisplayName":"RegisterUserTest","ExecutorUri":"executor://NUnit3TestExecutor","Source":"C:\\BloodDonation\\BloodDonationBackendTest\\bin\\Debug\\net6.0\\fine-code-coverage\\build-output\\BloodDonationBackendTest.dll","CodeFilePath":null,"LineNumber":0,"Properties":[{"Key":{"Id":"NUnit.Seed","Label":"Seed","Category":"","Description":"","Attributes":0,"ValueType":"System.String"},"Value":"2059184732"}]},"Attachments":[],"Outcome":1,"ErrorMessage":null,"ErrorStackTrace":null,"DisplayName":"RegisterUserTest","Messages":[],"ComputerName":"1D66JX3","Duration":"00:00:00.0054920","StartTime":"2024-08-04T19:18:21.8186258+00:00","EndTime":"2024-08-04T19:18:21.8241172+00:00","Properties":[{"Key":{"Id":"NUnit.Seed","Label":"Seed","Category":"","Description":"","Attributes":0,"ValueType":"System.String"},"Value":"2059184732"}]},{"TestCase":{"Id":"a2f1ca7e-3a4e-bb68-70ea-73c2b0a1b2c6","FullyQualifiedName":"BloodDonationBackendTest.UserServiceTest.SearchForDonationCentersTest","DisplayName":"SearchForDonationCentersTest","ExecutorUri":"executor://NUnit3TestExecutor","Source":"C:\\BloodDonation\\BloodDonationBackendTest\\bin\\Debug\\net6.0\\fine-code-coverage\\build-output\\BloodDonationBackendTest.dll","CodeFilePath":null,"LineNumber":0,"Properties":[{"Key":{"Id":"NUnit.Seed","Label":"Seed","Category":"","Description":"","Attributes":0,"ValueType":"System.String"},"Value":"1254444268"}]},"Attachments":[],"Outcome":1,"ErrorMessage":null,"ErrorStackTrace":null,"DisplayName":"SearchForDonationCentersTest","Messages":[],"ComputerName":"1D66JX3","Duration":"00:00:00.0877430","StartTime":"2024-08-04T19:18:21.8241768+00:00","EndTime":"2024-08-04T19:18:21.9119187+00:00","Properties":[{"Key":{"Id":"NUnit.Seed","Label":"Seed","Category":"","Description":"","Attributes":0,"ValueType":"System.String"},"Value":"1254444268"}]},{"TestCase":{"Id":"766d23e9-63e7-7acc-a646-6f1ac8b4e5ac","FullyQualifiedName":"BloodDonationBackendTest.UserServiceTest.SearchForDonorTest","DisplayName":"SearchForDonorTest","ExecutorUri":"executor://NUnit3TestExecutor","Source":"C:\\BloodDonation\\BloodDonationBackendTest\\bin\\Debug\\net6.0\\fine-code-coverage\\build-output\\BloodDonationBackendTest.dll","CodeFilePath":null,"LineNumber":0,"Properties":[{"Key":{"Id":"NUnit.Seed","Label":"Seed","Category":"","Description":"","Attributes":0,"ValueType":"System.String"},"Value":"2019880889"}]},"Attachments":[],"Outcome":1,"ErrorMessage":null,"ErrorStackTrace":null,"DisplayName":"SearchForDonorTest","Messages":[{"Category":"StdOutMsgs","Text":"BloodDonationBackend.Models.DTOs.DonorSearchDTO\r\n"}],"ComputerName":"1D66JX3","Duration":"00:00:00.0186030","StartTime":"2024-08-04T19:18:21.911968+00:00","EndTime":"2024-08-04T19:18:21.9305708+00:00","Properties":[{"Key":{"Id":"NUnit.Seed","Label":"Seed","Category":"","Description":"","Attributes":0,"ValueType":"System.String"},"Value":"2019880889"}]}],"TestRunStatistics":{"ExecutedTests":35,"Stats":{"Passed":15,"Failed":20}},"ActiveTests":[]},"RunAttachments":[],"ExecutorUris":["executor://nunit3testexecutor/"]}}
TpTrace Verbose: 0 : 31280, 11, 2024/08/05, 00:48:21.973, 14768335652896, vstest.console.dll, TestRequestSender.EndSession: Sending end session.
TpTrace Verbose: 0 : 31280, 11, 2024/08/05, 00:48:21.974, 14768335655104, vstest.console.dll, ProxyOperationManager.Close: waiting for test host to exit for 100 ms
TpTrace Verbose: 0 : 31280, 7, 2024/08/05, 00:48:21.988, 14768335801264, vstest.console.dll, TestHostManagerCallbacks.ctor: Experimental forwarding output is disabled.
TpTrace Warning: 0 : 31280, 7, 2024/08/05, 00:48:21.988, 14768335802725, vstest.console.dll, TestHostManagerCallbacks.ErrorReceivedCallback Test host standard error line: 
TpTrace Verbose: 0 : 31280, 7, 2024/08/05, 00:48:22.002, 14768335940773, vstest.console.dll, TestHostProvider.ExitCallBack: Host exited starting callback.
TpTrace Information: 0 : 31280, 7, 2024/08/05, 00:48:22.002, 14768335942936, vstest.console.dll, TestHostManagerCallbacks.ExitCallBack: Testhost processId: 28360 exited with exitcode: 0 error: ''
TpTrace Verbose: 0 : 31280, 7, 2024/08/05, 00:48:22.003, 14768335943342, vstest.console.dll, DotnetTestHostManager.OnHostExited: invoking OnHostExited callback
TpTrace Verbose: 0 : 31280, 7, 2024/08/05, 00:48:22.003, 14768335943935, vstest.console.dll, CrossPlatEngine.TestHostManagerHostExited: calling on client process exit callback.
TpTrace Information: 0 : 31280, 7, 2024/08/05, 00:48:22.003, 14768335944556, vstest.console.dll, TestRequestSender.OnClientProcessExit: Test host process exited. Standard error: 
TpTrace Information: 0 : 31280, 7, 2024/08/05, 00:48:22.003, 14768335944951, vstest.console.dll, SocketServer.Stop: Stop server endPoint: 127.0.0.1:52857
TpTrace Information: 0 : 31280, 7, 2024/08/05, 00:48:22.003, 14768335945228, vstest.console.dll, SocketServer.Stop: Cancellation requested. Stopping message loop.
TpTrace Information: 0 : 31280, 11, 2024/08/05, 00:48:22.003, 14768335945202, vstest.console.dll, SocketServer.Stop: Stop server endPoint: 127.0.0.1:52857
TpTrace Verbose: 0 : 31280, 7, 2024/08/05, 00:48:22.003, 14768335946408, vstest.console.dll, MulticastDelegateUtilities.SafeInvoke: HostProviderEvents.OnHostExited: Invoking callback 1/1 for Microsoft.VisualStudio.TestPlatform.CrossPlatEngine.Client.ProxyOperationManager., took 0 ms.
TpTrace Information: 0 : 31280, 11, 2024/08/05, 00:48:22.003, 14768335946546, vstest.console.dll, SocketServer.Stop: Cancellation requested. Stopping message loop.
TpTrace Information: 0 : 31280, 11, 2024/08/05, 00:48:22.003, 14768335947567, vstest.console.dll, Closing the connection
TpTrace Verbose: 0 : 31280, 11, 2024/08/05, 00:48:22.003, 14768335950020, vstest.console.dll, ProxyDataCollectionManager.InvokeDataCollectionServiceAction: Starting.
TpTrace Information: 0 : 31280, 11, 2024/08/05, 00:48:22.003, 14768335950578, vstest.console.dll, ProxyDataCollectionManager.AfterTestRunEnd: Get attachment set and invoked data collectors processId: 11592 port: 52852
TpTrace Verbose: 0 : 31280, 11, 2024/08/05, 00:48:22.003, 14768335951180, vstest.console.dll, DataCollectionRequestSender.SendAfterTestRunStartAndGetResult: Send AfterTestRunEnd message with isCancelled: False
TpTrace Verbose: 0 : 31280, 11, 2024/08/05, 00:48:22.009, 14768336012507, vstest.console.dll, DataCollectionRequestSender.SendAfterTestRunStartAndGetResult: Received message: (DataCollection.AfterTestRunEndResult) -> {"MessageType":"DataCollection.AfterTestRunEndResult","Payload":{"AttachmentSets":[],"InvokedDataCollectors":[{"Uri":"datacollector://Microsoft/TestPlatform/Extensions/Blame/v1","FriendlyName":"Blame","AssemblyQualifiedName":"Microsoft.TestPlatform.Extensions.BlameDataCollector.BlameCollector, Microsoft.TestPlatform.Extensions.BlameDataCollector, Version=15.0.0.0, Culture=neutral, PublicKeyToken=b03f5f7f11d50a3a","FilePath":"C:\\Program Files\\dotnet\\sdk\\8.0.300\\Extensions\\Microsoft.TestPlatform.Extensions.BlameDataCollector.dll","HasAttachmentProcessor":false}],"Metrics":{}}}
TpTrace Warning: 0 : 31280, 10, 2024/08/05, 00:48:22.016, 14768336078298, vstest.console.dll, DataCollectionLauncher.ErrorReceivedCallback datacollector standard error line: 
TpTrace Information: 0 : 31280, 11, 2024/08/05, 00:48:22.017, 14768336083833, vstest.console.dll, ProxyDataCollectionManager.InvokeDataCollectionServiceAction: Completed.
TpTrace Information: 0 : 31280, 10, 2024/08/05, 00:48:22.025, 14768336166193, vstest.console.dll, DataCollectionLauncher.ExitCallBack: Data collector exited with exitcode: 0 error: ''
TpTrace Verbose: 0 : 31280, 11, 2024/08/05, 00:48:22.051, 14768336431500, vstest.console.dll, TestRunRequest:SendTestRunStatsChange: Starting.
TpTrace Verbose: 0 : 31280, 11, 2024/08/05, 00:48:22.052, 14768336433440, vstest.console.dll, MulticastDelegateUtilities.SafeInvoke: TestRun.RunStatsChanged: Invoking callbacks was skipped because there are no subscribers.
TpTrace Information: 0 : 31280, 11, 2024/08/05, 00:48:22.052, 14768336433801, vstest.console.dll, TestRunRequest:SendTestRunStatsChange: Completed.
TpTrace Verbose: 0 : 31280, 4, 2024/08/05, 00:48:22.052, 14768336434131, vstest.console.dll, MulticastDelegateUtilities.SafeInvoke: InternalTestLoggerEvents.SendTestResult: Invoking callback 1/1 for Microsoft.VisualStudio.TestPlatform.CommandLine.Internal.ConsoleLogger., took 0 ms.
TpTrace Verbose: 0 : 31280, 4, 2024/08/05, 00:48:22.052, 14768336435060, vstest.console.dll, MulticastDelegateUtilities.SafeInvoke: InternalTestLoggerEvents.SendTestResult: Invoking callback 1/1 for Microsoft.VisualStudio.TestPlatform.CommandLine.Internal.ConsoleLogger., took 0 ms.
TpTrace Verbose: 0 : 31280, 4, 2024/08/05, 00:48:22.052, 14768336435534, vstest.console.dll, MulticastDelegateUtilities.SafeInvoke: InternalTestLoggerEvents.SendTestResult: Invoking callback 1/1 for Microsoft.VisualStudio.TestPlatform.CommandLine.Internal.ConsoleLogger., took 0 ms.
TpTrace Verbose: 0 : 31280, 11, 2024/08/05, 00:48:22.052, 14768336436646, vstest.console.dll, ParallelProxyExecutionManager: HandlePartialRunComplete: Total workloads = 1, Total started clients = 1 Total completed clients = 1, Run complete = True, Run canceled: False.
TpTrace Verbose: 0 : 31280, 11, 2024/08/05, 00:48:22.052, 14768336437114, vstest.console.dll, ParallelProxyExecutionManager: HandlePartialRunComplete: All runs completed stopping all managers.
TpTrace Verbose: 0 : 31280, 11, 2024/08/05, 00:48:22.052, 14768336437463, vstest.console.dll, ParallelOperationManager.StopAllManagers: Stopping all managers.
TpTrace Verbose: 0 : 31280, 11, 2024/08/05, 00:48:22.052, 14768336437769, vstest.console.dll, ParallelOperationManager.ClearSlots: Clearing all slots. Slots should accept more work: False
TpTrace Verbose: 0 : 31280, 11, 2024/08/05, 00:48:22.052, 14768336438262, vstest.console.dll, ParallelOperationManager.SetOccupiedSlotCount: Setting slot counts AvailableSlotCount = 1, OccupiedSlotCount = 0.
TpTrace Verbose: 0 : 31280, 11, 2024/08/05, 00:48:22.052, 14768336438775, vstest.console.dll, Occupied slots:

TpTrace Verbose: 0 : 31280, 4, 2024/08/05, 00:48:22.059, 14768336507206, vstest.console.dll, MulticastDelegateUtilities.SafeInvoke: InternalTestLoggerEvents.SendTestRunComplete: Invoking callback 1/2 for Microsoft.TestPlatform.Extensions.BlameDataCollector.BlameLogger., took 0 ms.
TpTrace Verbose: 0 : 31280, 4, 2024/08/05, 00:48:22.064, 14768336557280, vstest.console.dll, MulticastDelegateUtilities.SafeInvoke: InternalTestLoggerEvents.SendTestRunComplete: Invoking callback 2/2 for Microsoft.VisualStudio.TestPlatform.CommandLine.Internal.ConsoleLogger., took 4 ms.
TpTrace Verbose: 0 : 31280, 11, 2024/08/05, 00:48:22.064, 14768336560272, vstest.console.dll, TestRunRequest:TestRunComplete: Starting. IsAborted:False IsCanceled:False.
TpTrace Verbose: 0 : 31280, 11, 2024/08/05, 00:48:22.064, 14768336562090, vstest.console.dll, ParallelOperationManager.DoActionOnAllManagers: Calling an action on all managers.
TpTrace Verbose: 0 : 31280, 11, 2024/08/05, 00:48:22.065, 14768336569461, vstest.console.dll, TestLoggerManager.HandleTestRunComplete: Ignoring as the object is disposed.
TpTrace Verbose: 0 : 31280, 11, 2024/08/05, 00:48:22.065, 14768336571355, vstest.console.dll, MulticastDelegateUtilities.SafeInvoke: TestRun.TestRunComplete: Invoking callback 1/2 for Microsoft.VisualStudio.TestPlatform.CommandLine.TestRunResultAggregator., took 0 ms.
TpTrace Verbose: 0 : 31280, 11, 2024/08/05, 00:48:22.065, 14768336572473, vstest.console.dll, MulticastDelegateUtilities.SafeInvoke: TestRun.TestRunComplete: Invoking callback 2/2 for Microsoft.VisualStudio.TestPlatform.CommandLine.Processors.RunTestsArgumentExecutor+TestRunRequestEventsRegistrar., took 0 ms.
TpTrace Information: 0 : 31280, 11, 2024/08/05, 00:48:22.066, 14768336573483, vstest.console.dll, TestRunRequest:TestRunComplete: Completed.
TpTrace Verbose: 0 : 31280, 11, 2024/08/05, 00:48:22.066, 14768336573861, vstest.console.dll, TestRequestSender.SetOperationComplete: Setting operation complete.
TpTrace Verbose: 0 : 31280, 1, 2024/08/05, 00:48:22.066, 14768336573887, vstest.console.dll, TestRunRequest.Dispose: Starting.
TpTrace Information: 0 : 31280, 11, 2024/08/05, 00:48:22.066, 14768336574224, vstest.console.dll, SocketServer.Stop: Stop server endPoint: 127.0.0.1:52857
TpTrace Information: 0 : 31280, 1, 2024/08/05, 00:48:22.066, 14768336575034, vstest.console.dll, TestRunRequest.Dispose: Completed.
TpTrace Information: 0 : 31280, 11, 2024/08/05, 00:48:22.066, 14768336575381, vstest.console.dll, SocketServer.Stop: Cancellation requested. Stopping message loop.
TpTrace Information: 0 : 31280, 1, 2024/08/05, 00:48:22.066, 14768336575937, vstest.console.dll, TestRequestManager.RunTests: run tests completed.
TpTrace Verbose: 0 : 31280, 11, 2024/08/05, 00:48:22.066, 14768336576351, vstest.console.dll, MulticastDelegateUtilities.SafeInvoke: LengthPrefixCommunicationChannel: MessageReceived: Invoking callback 1/1 for Microsoft.VisualStudio.TestPlatform.CommunicationUtilities.TestRequestSender+<>c__DisplayClass34_0., took 92 ms.
TpTrace Information: 0 : 31280, 1, 2024/08/05, 00:48:22.066, 14768336577037, vstest.console.dll, RunTestsArgumentProcessor:Execute: Test run is completed.
TpTrace Information: 0 : 31280, 11, 2024/08/05, 00:48:22.066, 14768336577080, vstest.console.dll, SocketServer.PrivateStop: Stopping server endPoint: 127.0.0.1:52857 error: 
TpTrace Verbose: 0 : 31280, 1, 2024/08/05, 00:48:22.066, 14768336579759, vstest.console.dll, Executor.Execute: Exiting with exit code of 1
TpTrace Verbose: 0 : 31280, 11, 2024/08/05, 00:48:22.066, 14768336582915, vstest.console.dll, LengthPrefixCommunicationChannel.Dispose: Dispose reader and writer.
TpTrace Information: 0 : 31280, 11, 2024/08/05, 00:48:22.067, 14768336583779, vstest.console.dll, SocketServer.Stop: Raise disconnected event endPoint: 127.0.0.1:52857 error: 
TpTrace Verbose: 0 : 31280, 11, 2024/08/05, 00:48:22.067, 14768336584612, vstest.console.dll, TestRequestSender: OnTestRunAbort: Operation is already complete. Skip error message.
